[Tue Jan 01 21:15:26 2019] [warn] NameVirtualHost secure.mail2web.com:443 has no VirtualHosts
VirtualHost configuration:
168.144.247.222:443    is a NameVirtualHost
         default server era.secure.myhosting.net (/etc/apache2/sites-enabled/ssl-era.secure.myhosting.net.conf:2)
         port 443 namevhost era.secure.myhosting.net (/etc/apache2/sites-enabled/ssl-era.secure.myhosting.net.conf:2)
         port 443 namevhost erahealthcare.secure.myhosting.net (/etc/apache2/sites-enabled/ssl-erahealthcare.secure.myhosting.net.conf:2)
         port 443 namevhost f-dimensionsnet.secure.myhosting.net (/etc/apache2/sites-enabled/ssl-f-dimensionsnet.secure.myhosting.net.conf:2)
         port 443 namevhost joenjuki.secure.myhosting.net (/etc/apache2/sites-enabled/ssl-joenjuki.secure.myhosting.net.conf:2)
         port 443 namevhost phoenix-mental-health.secure.myhosting.net (/etc/apache2/sites-enabled/ssl-phoenix-mental-health.secure.myhosting.net.conf:2)
         port 443 namevhost phpbrickellbayarubacom.secure.myhosting.net (/etc/apache2/sites-enabled/ssl-phpbrickellbayarubacom.secure.myhosting.net.conf:2)
         port 443 namevhost popups.secure.myhosting.net (/etc/apache2/sites-enabled/ssl-popups.secure.myhosting.net.conf:2)
         port 443 namevhost ssettcom.secure.myhosting.net (/etc/apache2/sites-enabled/ssl-ssettcom.secure.myhosting.net.conf:2)
         port 443 namevhost storecondor-liftcom.secure.myhosting.net (/etc/apache2/sites-enabled/ssl-storecondor-liftcom.secure.myhosting.net.conf:2)
         port 443 namevhost storenlvdsccom.secure.myhosting.net (/etc/apache2/sites-enabled/ssl-storenlvdsccom.secure.myhosting.net.conf:2)
         port 443 namevhost surveyyourfeedbackwantedcom.secure.myhosting.net (/etc/apache2/sites-enabled/ssl-surveyyourfeedbackwantedcom.secure.myhosting.net.conf:2)
         port 443 namevhost vencontrolscom.secure.myhosting.net (/etc/apache2/sites-enabled/ssl-vencontrolscom.secure.myhosting.net.conf:2)
wildcard NameVirtualHosts and _default_ servers:
*:443                  is a NameVirtualHost
         default server x2web06.myhosting.com (/etc/apache2/apache2.conf:434)
         port 443 namevhost x2web06.myhosting.com (/etc/apache2/apache2.conf:434)
*:80                   is a NameVirtualHost
         default server x2web06.myhosting.com (/etc/apache2/apache2.conf:423)
         port 80 namevhost x2web06.myhosting.com (/etc/apache2/apache2.conf:423)
         port 80 namevhost external.x2web01.myhosting.com (/etc/apache2/sites-enabled/000-default:1)
         port 80 namevhost 1.dilmer.com (/etc/apache2/sites-enabled/1.dilmer.com.conf:2)
         port 80 namevhost abc.babader.com (/etc/apache2/sites-enabled/abc.babader.com.conf:2)
         port 80 namevhost abstractstate.com (/etc/apache2/sites-enabled/abstractstate.com.conf:2)
         port 80 namevhost adelphonetworks.com (/etc/apache2/sites-enabled/adelphonetworks.com.conf:2)
         port 80 namevhost adol.co.cr (/etc/apache2/sites-enabled/adol.co.cr.conf:2)
         port 80 namevhost africandiasporas.com (/etc/apache2/sites-enabled/africandiasporas.com.conf:2)
         port 80 namevhost ajnafilms.com (/etc/apache2/sites-enabled/ajnafilms.com.conf:2)
         port 80 namevhost alimatthews.com (/etc/apache2/sites-enabled/alimatthews.com.conf:2)
         port 80 namevhost alt.merzapothecary.com (/etc/apache2/sites-enabled/alt.merzapothecary.com.conf:2)
         port 80 namevhost anasayfa.elasteks.com (/etc/apache2/sites-enabled/anasayfa.elasteks.com.conf:2)
         port 80 namevhost apps.primavera-tr.com (/etc/apache2/sites-enabled/apps.primavera-tr.com.conf:2)
         port 80 namevhost arcopedicoarcopedicoarcopedico.com (/etc/apache2/sites-enabled/arcopedicoarcopedicoarcopedico.com.conf:2)
         port 80 namevhost arcopedicoshoessensisandalschristopheauguinboatshoes.org (/etc/apache2/sites-enabled/arcopedicoshoessensisandalschristopheauguinboatshoes.org.conf:2)
         port 80 namevhost arshadaya.com (/etc/apache2/sites-enabled/arshadaya.com.conf:2)
         port 80 namevhost aseremusic.com (/etc/apache2/sites-enabled/aseremusic.com.conf:2)
         port 80 namevhost askangels.net (/etc/apache2/sites-enabled/askangels.net.conf:2)
         port 80 namevhost assistiveneeds.com (/etc/apache2/sites-enabled/assistiveneeds.com.conf:2)
         port 80 namevhost atakanarchitects.com (/etc/apache2/sites-enabled/atakanarchitects.com.conf:2)
         port 80 namevhost atlantic-canada-travel.com (/etc/apache2/sites-enabled/atlantic-canada-travel.com.conf:2)
         port 80 namevhost auger.tumacinc.com (/etc/apache2/sites-enabled/auger.tumacinc.com.conf:2)
         port 80 namevhost autocom.co.cr (/etc/apache2/sites-enabled/autocom.co.cr.conf:2)
         port 80 namevhost avukatkemalsener.com (/etc/apache2/sites-enabled/avukatkemalsener.com.conf:2)
         port 80 namevhost aydin-insaat.com (/etc/apache2/sites-enabled/aydin-insaat.com.conf:2)
         port 80 namevhost ayletterentals.com (/etc/apache2/sites-enabled/ayletterentals.com.conf:2)
         port 80 namevhost babynewyork.com (/etc/apache2/sites-enabled/babynewyork.com.conf:2)
         port 80 namevhost bailoutanger.com (/etc/apache2/sites-enabled/bailoutanger.com.conf:2)
         port 80 namevhost battlementestate.com (/etc/apache2/sites-enabled/battlementestate.com.conf:2)
         port 80 namevhost baywoodclinic.com (/etc/apache2/sites-enabled/baywoodclinic.com.conf:2)
         port 80 namevhost beachesmarine.com (/etc/apache2/sites-enabled/beachesmarine.com.conf:2)
         port 80 namevhost benkobold.com (/etc/apache2/sites-enabled/benkobold.com.conf:2)
         port 80 namevhost beta.barrcommunications.com (/etc/apache2/sites-enabled/beta.barrcommunications.com.conf:2)
         port 80 namevhost beyondthesunband.net (/etc/apache2/sites-enabled/beyondthesunband.net.conf:2)
         port 80 namevhost bkpenterprises.net (/etc/apache2/sites-enabled/bkpenterprises.net.conf:2)
         port 80 namevhost blog.anduril.ca (/etc/apache2/sites-enabled/blog.anduril.ca.conf:2)
         port 80 namevhost blog.bryanbros.com (/etc/apache2/sites-enabled/blog.bryanbros.com.conf:2)
         port 80 namevhost blog.danandjori.com (/etc/apache2/sites-enabled/blog.danandjori.com.conf:2)
         port 80 namevhost blog.denizeren.com (/etc/apache2/sites-enabled/blog.denizeren.com.conf:2)
         port 80 namevhost blog.esintiler.com (/etc/apache2/sites-enabled/blog.esintiler.com.conf:2)
         port 80 namevhost blog.fatierdogan.com (/etc/apache2/sites-enabled/blog.fatierdogan.com.conf:2)
         port 80 namevhost blog.fedpg.com (/etc/apache2/sites-enabled/blog.fedpg.com.conf:2)
         port 80 namevhost blog.nonprofitmatrix.com (/etc/apache2/sites-enabled/blog.nonprofitmatrix.com.conf:2)
         port 80 namevhost blog.t-e-r-r-y.com (/etc/apache2/sites-enabled/blog.t-e-r-r-y.com.conf:2)
         port 80 namevhost bloomingeventsfl.com (/etc/apache2/sites-enabled/bloomingeventsfl.com.conf:2)
         port 80 namevhost bpsicorp.com (/etc/apache2/sites-enabled/bpsicorp.com.conf:2)
         port 80 namevhost brunostagno.info (/etc/apache2/sites-enabled/brunostagno.info.conf:2)
         port 80 namevhost btai.ca (/etc/apache2/sites-enabled/btai.ca.conf:2)
         port 80 namevhost buenavistainsurance.com (/etc/apache2/sites-enabled/buenavistainsurance.com.conf:2)
         port 80 namevhost cadde.ajanscom.com (/etc/apache2/sites-enabled/cadde.ajanscom.com.conf:2)
         port 80 namevhost candlewoodisle.com (/etc/apache2/sites-enabled/candlewoodisle.com.conf:2)
         port 80 namevhost carolbee.com (/etc/apache2/sites-enabled/carolbee.com.conf:2)
         port 80 namevhost carons.ca (/etc/apache2/sites-enabled/carons.ca.conf:2)
         port 80 namevhost cary.tksax.com (/etc/apache2/sites-enabled/cary.tksax.com.conf:2)
         port 80 namevhost cassiesmediamesh.com (/etc/apache2/sites-enabled/cassiesmediamesh.com.conf:2)
         port 80 namevhost catalog.osborn-reproduction.com (/etc/apache2/sites-enabled/catalog.osborn-reproduction.com.conf:2)
         port 80 namevhost catalystcommunication.ca (/etc/apache2/sites-enabled/catalystcommunication.ca.conf:2)
         port 80 namevhost cathay.cathayinternational.com (/etc/apache2/sites-enabled/cathay.cathayinternational.com.conf:2)
         port 80 namevhost catholicshopeforthecure.com (/etc/apache2/sites-enabled/catholicshopeforthecure.com.conf:2)
         port 80 namevhost cavtocci.net (/etc/apache2/sites-enabled/cavtocci.net.conf:2)
         port 80 namevhost ccmdevelopments.com (/etc/apache2/sites-enabled/ccmdevelopments.com.conf:2)
         port 80 namevhost cemturan.net (/etc/apache2/sites-enabled/cemturan.net.conf:2)
         port 80 namevhost christinesworld.com (/etc/apache2/sites-enabled/christinesworld.com.conf:2)
         port 80 namevhost churchsoundhelp.com (/etc/apache2/sites-enabled/churchsoundhelp.com.conf:2)
         port 80 namevhost circlehospitalityconsulting.com (/etc/apache2/sites-enabled/circlehospitalityconsulting.com.conf:2)
         port 80 namevhost clientcare.thehasslefreelisting.com (/etc/apache2/sites-enabled/clientcare.thehasslefreelisting.com.conf:2)
         port 80 namevhost code.activeaction.net (/etc/apache2/sites-enabled/code.activeaction.net.conf:2)
         port 80 namevhost coldserveequipment.com (/etc/apache2/sites-enabled/coldserveequipment.com.conf:2)
         port 80 namevhost coloradospringscreche.org (/etc/apache2/sites-enabled/coloradospringscreche.org.conf:2)
         port 80 namevhost console.humesociety.org (/etc/apache2/sites-enabled/console.humesociety.org.conf:2)
         port 80 namevhost contact.amtexmachinery.com (/etc/apache2/sites-enabled/contact.amtexmachinery.com.conf:2)
         port 80 namevhost contact.inertsil.com (/etc/apache2/sites-enabled/contact.inertsil.com.conf:2)
         port 80 namevhost contactus.reedysac.com (/etc/apache2/sites-enabled/contactus.reedysac.com.conf:2)
         port 80 namevhost contempomarin.org (/etc/apache2/sites-enabled/contempomarin.org.conf:2)
         port 80 namevhost contimaquinarias.com.ar (/etc/apache2/sites-enabled/contimaquinarias.com.ar.conf:2)
         port 80 namevhost coolsfarm.co.uk (/etc/apache2/sites-enabled/coolsfarm.co.uk.conf:2)
         port 80 namevhost coventriconsulting.com (/etc/apache2/sites-enabled/coventriconsulting.com.conf:2)
         port 80 namevhost crud.testserver2003.myhosting.net (/etc/apache2/sites-enabled/crud.testserver2003.myhosting.net.conf:2)
         port 80 namevhost csrchina.net (/etc/apache2/sites-enabled/csrchina.net.conf:2)
         port 80 namevhost davidagosta.com (/etc/apache2/sites-enabled/davidagosta.com.conf:2)
         port 80 namevhost davidandsonsnj.com (/etc/apache2/sites-enabled/davidandsonsnj.com.conf:2)
         port 80 namevhost davidrouton.com (/etc/apache2/sites-enabled/davidrouton.com.conf:2)
         port 80 namevhost daytoremember.ca (/etc/apache2/sites-enabled/daytoremember.ca.conf:2)
         port 80 namevhost deborahpageprojects.com (/etc/apache2/sites-enabled/deborahpageprojects.com.conf:2)
         port 80 namevhost depo.amazonreklam.com.tr (/etc/apache2/sites-enabled/depo.amazonreklam.com.tr.conf:2)
         port 80 namevhost devon.askidris.com (/etc/apache2/sites-enabled/devon.askidris.com.conf:2)
         port 80 namevhost devonconsulting.ca (/etc/apache2/sites-enabled/devonconsulting.ca.conf:2)
         port 80 namevhost disanpoter.net (/etc/apache2/sites-enabled/disanpoter.net.conf:2)
         port 80 namevhost domain.beerdrinkers.myhosting.net (/etc/apache2/sites-enabled/domain.beerdrinkers.myhosting.net.conf:2)
         port 80 namevhost doncabrera.com (/etc/apache2/sites-enabled/doncabrera.com.conf:2)
         port 80 namevhost drp.com.mx (/etc/apache2/sites-enabled/drp.com.mx.conf:2)
         port 80 namevhost drrook.com (/etc/apache2/sites-enabled/drrook.com.conf:2)
         port 80 namevhost drupal.katherinedolgyludwig.com (/etc/apache2/sites-enabled/drupal.katherinedolgyludwig.com.conf:2)
         port 80 namevhost duckistanbul.com (/etc/apache2/sites-enabled/duckistanbul.com.conf:2)
         port 80 namevhost dutchmanstudio.com (/etc/apache2/sites-enabled/dutchmanstudio.com.conf:2)
         port 80 namevhost dvillas.com (/etc/apache2/sites-enabled/dvillas.com.conf:2)
         port 80 namevhost e2ecta.com (/etc/apache2/sites-enabled/e2ecta.com.conf:2)
         port 80 namevhost echocafebar.com (/etc/apache2/sites-enabled/echocafebar.com.conf:2)
         port 80 namevhost edgesoftheexperiment.org (/etc/apache2/sites-enabled/edgesoftheexperiment.org.conf:2)
         port 80 namevhost elter.ca (/etc/apache2/sites-enabled/elter.ca.conf:2)
         port 80 namevhost enkiticaret.com.tr (/etc/apache2/sites-enabled/enkiticaret.com.tr.conf:2)
         port 80 namevhost epidendra.org (/etc/apache2/sites-enabled/epidendra.org.conf:2)
         port 80 namevhost erahealthcare.com (/etc/apache2/sites-enabled/erahealthcare.com.conf:2)
         port 80 namevhost eurobizgroup.com (/etc/apache2/sites-enabled/eurobizgroup.com.conf:2)
         port 80 namevhost event.versos.com.sa (/etc/apache2/sites-enabled/event.versos.com.sa.conf:2)
         port 80 namevhost eyesmile.org (/etc/apache2/sites-enabled/eyesmile.org.conf:2)
         port 80 namevhost f-dimensions.net (/etc/apache2/sites-enabled/f-dimensions.net.conf:2)
         port 80 namevhost facegymgroup.com (/etc/apache2/sites-enabled/facegymgroup.com.conf:2)
         port 80 namevhost fife-drum.com (/etc/apache2/sites-enabled/fife-drum.com.conf:2)
         port 80 namevhost filesupplies.net (/etc/apache2/sites-enabled/filesupplies.net.conf:2)
         port 80 namevhost freesland.com (/etc/apache2/sites-enabled/freesland.com.conf:2)
         port 80 namevhost frescofoods.ca (/etc/apache2/sites-enabled/frescofoods.ca.conf:2)
         port 80 namevhost frontlineautomotive.ca (/etc/apache2/sites-enabled/frontlineautomotive.ca.conf:2)
         port 80 namevhost gallery.kellamclark.com (/etc/apache2/sites-enabled/gallery.kellamclark.com.conf:2)
         port 80 namevhost gardens.friendshiptrays.org (/etc/apache2/sites-enabled/gardens.friendshiptrays.org.conf:2)
         port 80 namevhost gerrittperkins.com (/etc/apache2/sites-enabled/gerrittperkins.com.conf:2)
         port 80 namevhost goheat.ca (/etc/apache2/sites-enabled/goheat.ca.conf:2)
         port 80 namevhost grafoslitografia.com (/etc/apache2/sites-enabled/grafoslitografia.com.conf:2)
         port 80 namevhost guvensoft.com (/etc/apache2/sites-enabled/guvensoft.com.conf:2)
         port 80 namevhost gwf-windfarm.com (/etc/apache2/sites-enabled/gwf-windfarm.com.conf:2)
         port 80 namevhost haberdekal.com (/etc/apache2/sites-enabled/haberdekal.com.conf:2)
         port 80 namevhost haciendalaspalomas.com.uy (/etc/apache2/sites-enabled/haciendalaspalomas.com.uy.conf:2)
         port 80 namevhost health.fitnessfactorygym.com (/etc/apache2/sites-enabled/health.fitnessfactorygym.com.conf:2)
         port 80 namevhost hexsys.biz (/etc/apache2/sites-enabled/hexsys.biz.conf:2)
         port 80 namevhost hkdo.rolopan.com (/etc/apache2/sites-enabled/hkdo.rolopan.com.conf:2)
         port 80 namevhost hnmprinters.com.pk (/etc/apache2/sites-enabled/hnmprinters.com.pk.conf:2)
         port 80 namevhost hodentalcompany.com (/etc/apache2/sites-enabled/hodentalcompany.com.conf:2)
         port 80 namevhost home.active-escapes.net (/etc/apache2/sites-enabled/home.active-escapes.net.conf:2)
         port 80 namevhost home.atef-khattab.com (/etc/apache2/sites-enabled/home.atef-khattab.com.conf:2)
         port 80 namevhost home.mondoabstract.com (/etc/apache2/sites-enabled/home.mondoabstract.com.conf:2)
         port 80 namevhost home.pwroundtable.com (/etc/apache2/sites-enabled/home.pwroundtable.com.conf:2)
         port 80 namevhost home.rob-shields.com (/etc/apache2/sites-enabled/home.rob-shields.com.conf:2)
         port 80 namevhost home.the-shields.com (/etc/apache2/sites-enabled/home.the-shields.com.conf:2)
         port 80 namevhost ibe7.com (/etc/apache2/sites-enabled/ibe7.com.conf:2)
         port 80 namevhost icsbknowledgebase.com (/etc/apache2/sites-enabled/icsbknowledgebase.com.conf:2)
         port 80 namevhost ima-world.org (/etc/apache2/sites-enabled/ima-world.org.conf:2)
         port 80 namevhost ingenieriarm.com (/etc/apache2/sites-enabled/ingenieriarm.com.conf:2)
         port 80 namevhost initiate.myfantasy.ca (/etc/apache2/sites-enabled/initiate.myfantasy.ca.conf:2)
         port 80 namevhost inneruniverse.multiplewaystoearnmoney.com (/etc/apache2/sites-enabled/inneruniverse.multiplewaystoearnmoney.com.conf:2)
         port 80 namevhost instal-net.com.ar (/etc/apache2/sites-enabled/instal-net.com.ar.conf:2)
         port 80 namevhost isi-case.org (/etc/apache2/sites-enabled/isi-case.org.conf:2)
         port 80 namevhost islandbeachcompany.com (/etc/apache2/sites-enabled/islandbeachcompany.com.conf:2)
         port 80 namevhost jacquelinelai.com (/etc/apache2/sites-enabled/jacquelinelai.com.conf:2)
         port 80 namevhost jcsystemsinc.com (/etc/apache2/sites-enabled/jcsystemsinc.com.conf:2)
         port 80 namevhost jinshinjyutsu.beingbalance.ca (/etc/apache2/sites-enabled/jinshinjyutsu.beingbalance.ca.conf:2)
         port 80 namevhost joenjuki.com (/etc/apache2/sites-enabled/joenjuki.com.conf:2)
         port 80 namevhost johnnydoescomputers.net (/etc/apache2/sites-enabled/johnnydoescomputers.net.conf:2)
         port 80 namevhost jrmgt.com (/etc/apache2/sites-enabled/jrmgt.com.conf:2)
         port 80 namevhost karldipelino.com (/etc/apache2/sites-enabled/karldipelino.com.conf:2)
         port 80 namevhost katepenn.com (/etc/apache2/sites-enabled/katepenn.com.conf:2)
         port 80 namevhost katiehiggins.com (/etc/apache2/sites-enabled/katiehiggins.com.conf:2)
         port 80 namevhost kemalsener.av.tr (/etc/apache2/sites-enabled/kemalsener.av.tr.conf:2)
         port 80 namevhost kenwomble.com (/etc/apache2/sites-enabled/kenwomble.com.conf:2)
         port 80 namevhost kerberossecurity.com (/etc/apache2/sites-enabled/kerberossecurity.com.conf:2)
         port 80 namevhost kesers.com (/etc/apache2/sites-enabled/kesers.com.conf:2)
         port 80 namevhost kevinknippa.com (/etc/apache2/sites-enabled/kevinknippa.com.conf:2)
         port 80 namevhost konveyorfirin.bil-mak.com (/etc/apache2/sites-enabled/konveyorfirin.bil-mak.com.conf:2)
         port 80 namevhost kristi-freeman.com (/etc/apache2/sites-enabled/kristi-freeman.com.conf:2)
         port 80 namevhost lauren-e.com (/etc/apache2/sites-enabled/lauren-e.com.conf:2)
         port 80 namevhost leslyeleaness.com (/etc/apache2/sites-enabled/leslyeleaness.com.conf:2)
         port 80 namevhost light.radianced.com (/etc/apache2/sites-enabled/light.radianced.com.conf:2)
         port 80 namevhost lin.sofragem.com (/etc/apache2/sites-enabled/lin.sofragem.com.conf:2)
         port 80 namevhost linux.arabellapines.com (/etc/apache2/sites-enabled/linux.arabellapines.com.conf:2)
         port 80 namevhost linux.bcar.us (/etc/apache2/sites-enabled/linux.bcar.us.conf:2)
         port 80 namevhost linux.emerging-alpha.com (/etc/apache2/sites-enabled/linux.emerging-alpha.com.conf:2)
         port 80 namevhost linux.guernicaeditions.com (/etc/apache2/sites-enabled/linux.guernicaeditions.com.conf:2)
         port 80 namevhost linux.jaeleigh.com (/etc/apache2/sites-enabled/linux.jaeleigh.com.conf:2)
         port 80 namevhost linux.kt1ao.com (/etc/apache2/sites-enabled/linux.kt1ao.com.conf:2)
         port 80 namevhost linux.oldhydeparkfl.org (/etc/apache2/sites-enabled/linux.oldhydeparkfl.org.conf:2)
         port 80 namevhost linux.peterc.myhosting.net (/etc/apache2/sites-enabled/linux.peterc.myhosting.net.conf:2)
         port 80 namevhost linux.sarsistemas.com (/etc/apache2/sites-enabled/linux.sarsistemas.com.conf:2)
         port 80 namevhost linux.smattscyclelivery.com (/etc/apache2/sites-enabled/linux.smattscyclelivery.com.conf:2)
         port 80 namevhost linux.starnighindustries.com (/etc/apache2/sites-enabled/linux.starnighindustries.com.conf:2)
         port 80 namevhost linux.tpcug.org (/etc/apache2/sites-enabled/linux.tpcug.org.conf:2)
         port 80 namevhost linux.willifordland.com (/etc/apache2/sites-enabled/linux.willifordland.com.conf:2)
         port 80 namevhost linux.ycscomp.com (/etc/apache2/sites-enabled/linux.ycscomp.com.conf:2)
         port 80 namevhost linux.z-ice.com (/etc/apache2/sites-enabled/linux.z-ice.com.conf:2)
         port 80 namevhost liquidlam.com (/etc/apache2/sites-enabled/liquidlam.com.conf:2)
         port 80 namevhost live.live-learn.org (/etc/apache2/sites-enabled/live.live-learn.org.conf:2)
         port 80 namevhost losaztecasbv.com (/etc/apache2/sites-enabled/losaztecasbv.com.conf:2)
         port 80 namevhost lrv-trans.com (/etc/apache2/sites-enabled/lrv-trans.com.conf:2)
         port 80 namevhost lucky13storage.com (/etc/apache2/sites-enabled/lucky13storage.com.conf:2)
         port 80 namevhost lx.nicholsoft.com (/etc/apache2/sites-enabled/lx.nicholsoft.com.conf:2)
         port 80 namevhost m.cogmpgt.org (/etc/apache2/sites-enabled/m.cogmpgt.org.conf:2)
         port 80 namevhost madfurnituredesign.com (/etc/apache2/sites-enabled/madfurnituredesign.com.conf:2)
         port 80 namevhost magellanhospitality.com (/etc/apache2/sites-enabled/magellanhospitality.com.conf:2)
         port 80 namevhost marbic.com (/etc/apache2/sites-enabled/marbic.com.conf:2)
         port 80 namevhost mars-architects.com (/etc/apache2/sites-enabled/mars-architects.com.conf:2)
         port 80 namevhost marthastudio.com (/etc/apache2/sites-enabled/marthastudio.com.conf:2)
         port 80 namevhost massage-chairs.shiatsuplus.com (/etc/apache2/sites-enabled/massage-chairs.shiatsuplus.com.conf:2)
         port 80 namevhost materialsdesignconnect.com (/etc/apache2/sites-enabled/materialsdesignconnect.com.conf:2)
         port 80 namevhost maxjeromecreativedirector.com (/etc/apache2/sites-enabled/maxjeromecreativedirector.com.conf:2)
         port 80 namevhost meet.thelacunas.com (/etc/apache2/sites-enabled/meet.thelacunas.com.conf:2)
         port 80 namevhost members.labushido.com (/etc/apache2/sites-enabled/members.labushido.com.conf:2)
         port 80 namevhost mertaras.com (/etc/apache2/sites-enabled/mertaras.com.conf:2)
         port 80 namevhost mesplast.com (/etc/apache2/sites-enabled/mesplast.com.conf:2)
         port 80 namevhost meterpro.doncononline.com (/etc/apache2/sites-enabled/meterpro.doncononline.com.conf:2)
         port 80 namevhost mhtest.featherind.com (/etc/apache2/sites-enabled/mhtest.featherind.com.conf:2)
         port 80 namevhost mhtest.seclease.com (/etc/apache2/sites-enabled/mhtest.seclease.com.conf:2)
         port 80 namevhost michaelfoley.ca (/etc/apache2/sites-enabled/michaelfoley.ca.conf:2)
         port 80 namevhost ministry.reachoutministries.org (/etc/apache2/sites-enabled/ministry.reachoutministries.org.conf:2)
         port 80 namevhost monashoresband.org (/etc/apache2/sites-enabled/monashoresband.org.conf:2)
         port 80 namevhost mondsee.hotelkrone.org (/etc/apache2/sites-enabled/mondsee.hotelkrone.org.conf:2)
         port 80 namevhost mootown.tv (/etc/apache2/sites-enabled/mootown.tv.conf:2)
         port 80 namevhost msa.symbion-int.com (/etc/apache2/sites-enabled/msa.symbion-int.com.conf:2)
         port 80 namevhost my.e1commerce.com (/etc/apache2/sites-enabled/my.e1commerce.com.conf:2)
         port 80 namevhost my.icamview.com (/etc/apache2/sites-enabled/my.icamview.com.conf:2)
         port 80 namevhost myclientsplus.info (/etc/apache2/sites-enabled/myclientsplus.info.conf:2)
         port 80 namevhost nesli-tours.com (/etc/apache2/sites-enabled/nesli-tours.com.conf:2)
         port 80 namevhost neslindolay.com (/etc/apache2/sites-enabled/neslindolay.com.conf:2)
         port 80 namevhost new.bestcheck.ca (/etc/apache2/sites-enabled/new.bestcheck.ca.conf:2)
         port 80 namevhost new.mtmarbleandgranite.com (/etc/apache2/sites-enabled/new.mtmarbleandgranite.com.conf:2)
         port 80 namevhost news.osiristrust.com (/etc/apache2/sites-enabled/news.osiristrust.com.conf:2)
         port 80 namevhost nganga.beerdrinkers.myhosting.net (/etc/apache2/sites-enabled/nganga.beerdrinkers.myhosting.net.conf:2)
         port 80 namevhost ntx.pgrtexas.org (/etc/apache2/sites-enabled/ntx.pgrtexas.org.conf:2)
         port 80 namevhost nycdatasystems.com (/etc/apache2/sites-enabled/nycdatasystems.com.conf:2)
         port 80 namevhost oceaneastinc.com (/etc/apache2/sites-enabled/oceaneastinc.com.conf:2)
         port 80 namevhost odtcsolutions.com (/etc/apache2/sites-enabled/odtcsolutions.com.conf:2)
         port 80 namevhost omegamarine.com.tr (/etc/apache2/sites-enabled/omegamarine.com.tr.conf:2)
         port 80 namevhost omerharnak.com (/etc/apache2/sites-enabled/omerharnak.com.conf:2)
         port 80 namevhost only1god.ca (/etc/apache2/sites-enabled/only1god.ca.conf:2)
         port 80 namevhost otherlastsuppers.com (/etc/apache2/sites-enabled/otherlastsuppers.com.conf:2)
         port 80 namevhost perge-tr.com (/etc/apache2/sites-enabled/perge-tr.com.conf:2)
         port 80 namevhost petitbambini.com (/etc/apache2/sites-enabled/petitbambini.com.conf:2)
         port 80 namevhost phoenix-mental-health.com (/etc/apache2/sites-enabled/phoenix-mental-health.com.conf:2)
         port 80 namevhost photobooth.boothbooth.com (/etc/apache2/sites-enabled/photobooth.boothbooth.com.conf:2)
         port 80 namevhost photos.bertinelli.com (/etc/apache2/sites-enabled/photos.bertinelli.com.conf:2)
         port 80 namevhost php.brickellbayaruba.com (/etc/apache2/sites-enabled/php.brickellbayaruba.com.conf:2)
         port 80 namevhost php.homeadverts.com (/etc/apache2/sites-enabled/php.homeadverts.com.conf:2)
         port 80 namevhost pictures.amberland.com (/etc/apache2/sites-enabled/pictures.amberland.com.conf:2)
         port 80 namevhost pinguino.march10.com (/etc/apache2/sites-enabled/pinguino.march10.com.conf:2)
         port 80 namevhost piyushshah.com (/etc/apache2/sites-enabled/piyushshah.com.conf:2)
         port 80 namevhost playsetsdirect.com (/etc/apache2/sites-enabled/playsetsdirect.com.conf:2)
         port 80 namevhost popupsinc.com (/etc/apache2/sites-enabled/popupsinc.com.conf:2)
         port 80 namevhost portfolio.amberlith.com (/etc/apache2/sites-enabled/portfolio.amberlith.com.conf:2)
         port 80 namevhost pos-aman.com (/etc/apache2/sites-enabled/pos-aman.com.conf:2)
         port 80 namevhost private.andreschneider-globaladvisory.com (/etc/apache2/sites-enabled/private.andreschneider-globaladvisory.com.conf:2)
         port 80 namevhost professionalcounselingcenterdeerfield.com (/etc/apache2/sites-enabled/professionalcounselingcenterdeerfield.com.conf:2)
         port 80 namevhost provisionkinetics.com (/etc/apache2/sites-enabled/provisionkinetics.com.conf:2)
         port 80 namevhost psikotek.com (/etc/apache2/sites-enabled/psikotek.com.conf:2)
         port 80 namevhost pt.jrosendahl.com (/etc/apache2/sites-enabled/pt.jrosendahl.com.conf:2)
         port 80 namevhost puzzlewiki.org (/etc/apache2/sites-enabled/puzzlewiki.org.conf:2)
         port 80 namevhost quiz.comstratos.com (/etc/apache2/sites-enabled/quiz.comstratos.com.conf:2)
         port 80 namevhost read.marie-claire.tv (/etc/apache2/sites-enabled/read.marie-claire.tv.conf:2)
         port 80 namevhost readjanepps.com (/etc/apache2/sites-enabled/readjanepps.com.conf:2)
         port 80 namevhost red.redskyrs.com (/etc/apache2/sites-enabled/red.redskyrs.com.conf:2)
         port 80 namevhost referee.ncsra.org (/etc/apache2/sites-enabled/referee.ncsra.org.conf:2)
         port 80 namevhost reise-info.org (/etc/apache2/sites-enabled/reise-info.org.conf:2)
         port 80 namevhost renjamrentals.com (/etc/apache2/sites-enabled/renjamrentals.com.conf:2)
         port 80 namevhost repack.com.tr (/etc/apache2/sites-enabled/repack.com.tr.conf:2)
         port 80 namevhost reports.enercon.co.il (/etc/apache2/sites-enabled/reports.enercon.co.il.conf:2)
         port 80 namevhost richtek.ca (/etc/apache2/sites-enabled/richtek.ca.conf:2)
         port 80 namevhost riversedge.me (/etc/apache2/sites-enabled/riversedge.me.conf:2)
         port 80 namevhost riversidevictoriandance.com (/etc/apache2/sites-enabled/riversidevictoriandance.com.conf:2)
         port 80 namevhost rockyhilldesign.com (/etc/apache2/sites-enabled/rockyhilldesign.com.conf:2)
         port 80 namevhost rohit.parekhlaw.com (/etc/apache2/sites-enabled/rohit.parekhlaw.com.conf:2)
         port 80 namevhost rollerhockey.net (/etc/apache2/sites-enabled/rollerhockey.net.conf:2)
         port 80 namevhost roots.waburke.net (/etc/apache2/sites-enabled/roots.waburke.net.conf:2)
         port 80 namevhost rostenberg.com (/etc/apache2/sites-enabled/rostenberg.com.conf:2)
         port 80 namevhost route66filmfestival.net (/etc/apache2/sites-enabled/route66filmfestival.net.conf:2)
         port 80 namevhost rustbullet.gstestsite.com (/etc/apache2/sites-enabled/rustbullet.gstestsite.com.conf:2)
         port 80 namevhost ryanstraus.com (/etc/apache2/sites-enabled/ryanstraus.com.conf:2)
         port 80 namevhost seacoasthog.org (/etc/apache2/sites-enabled/seacoasthog.org.conf:2)
         port 80 namevhost serkont.com (/etc/apache2/sites-enabled/serkont.com.conf:2)
         port 80 namevhost server-02.dynapro.com.ve (/etc/apache2/sites-enabled/server-02.dynapro.com.ve.conf:2)
         port 80 namevhost setbiyo.com (/etc/apache2/sites-enabled/setbiyo.com.conf:2)
         port 80 namevhost sf.securityfactory.net (/etc/apache2/sites-enabled/sf.securityfactory.net.conf:2)
         port 80 namevhost shop.bio-laden.at (/etc/apache2/sites-enabled/shop.bio-laden.at.conf:2)
         port 80 namevhost shop.imaginative.com.my (/etc/apache2/sites-enabled/shop.imaginative.com.my.conf:2)
         port 80 namevhost shop.meerschaumstore.com (/etc/apache2/sites-enabled/shop.meerschaumstore.com.conf:2)
         port 80 namevhost shop.pentmet.com (/etc/apache2/sites-enabled/shop.pentmet.com.conf:2)
         port 80 namevhost shop.yayikayran.com (/etc/apache2/sites-enabled/shop.yayikayran.com.conf:2)
         port 80 namevhost site.sumipernos.com (/etc/apache2/sites-enabled/site.sumipernos.com.conf:2)
         port 80 namevhost sleepinglotus.com (/etc/apache2/sites-enabled/sleepinglotus.com.conf:2)
         port 80 namevhost smmclaw.com (/etc/apache2/sites-enabled/smmclaw.com.conf:2)
         port 80 namevhost snirn.com (/etc/apache2/sites-enabled/snirn.com.conf:2)
         port 80 namevhost soran.ca (/etc/apache2/sites-enabled/soran.ca.conf:2)
         port 80 namevhost sos.spenceroceanservices.com (/etc/apache2/sites-enabled/sos.spenceroceanservices.com.conf:2)
         port 80 namevhost souterstudios.com (/etc/apache2/sites-enabled/souterstudios.com.conf:2)
         port 80 namevhost ssett.com (/etc/apache2/sites-enabled/ssett.com.conf:2)
         port 80 namevhost store.condor-lift.com (/etc/apache2/sites-enabled/store.condor-lift.com.conf:2)
         port 80 namevhost store.grizzlymadams.com (/etc/apache2/sites-enabled/store.grizzlymadams.com.conf:2)
         port 80 namevhost store.hexsys.biz (/etc/apache2/sites-enabled/store.hexsys.biz.conf:2)
         port 80 namevhost store.muellermedical.com (/etc/apache2/sites-enabled/store.muellermedical.com.conf:2)
         port 80 namevhost store.nlvdsc.com (/etc/apache2/sites-enabled/store.nlvdsc.com.conf:2)
         port 80 namevhost storefront.vacuformstore.com (/etc/apache2/sites-enabled/storefront.vacuformstore.com.conf:2)
         port 80 namevhost stratnetsolutions.com (/etc/apache2/sites-enabled/stratnetsolutions.com.conf:2)
         port 80 namevhost sugar.healthplannetwork.net (/etc/apache2/sites-enabled/sugar.healthplannetwork.net.conf:2)
         port 80 namevhost suncity.sunlandhomesnevada.com (/etc/apache2/sites-enabled/suncity.sunlandhomesnevada.com.conf:2)
         port 80 namevhost supplements.nutratecls.com (/etc/apache2/sites-enabled/supplements.nutratecls.com.conf:2)
         port 80 namevhost support.bergeron-solutions.com (/etc/apache2/sites-enabled/support.bergeron-solutions.com.conf:2)
         port 80 namevhost support.marchingtechnology.com (/etc/apache2/sites-enabled/support.marchingtechnology.com.conf:2)
         port 80 namevhost support.tradingbell.com (/etc/apache2/sites-enabled/support.tradingbell.com.conf:2)
         port 80 namevhost surfacing.net (/etc/apache2/sites-enabled/surfacing.net.conf:2)
         port 80 namevhost survey.yourfeedbackwanted.com (/etc/apache2/sites-enabled/survey.yourfeedbackwanted.com.conf:2)
         port 80 namevhost sus.ca (/etc/apache2/sites-enabled/sus.ca.conf:2)
         port 80 namevhost tailorevents.ca (/etc/apache2/sites-enabled/tailorevents.ca.conf:2)
         port 80 namevhost teknik.ucelelektroteknik.com (/etc/apache2/sites-enabled/teknik.ucelelektroteknik.com.conf:2)
         port 80 namevhost test.featherind.com (/etc/apache2/sites-enabled/test.featherind.com.conf:2)
         port 80 namevhost thecarrotfactory.com (/etc/apache2/sites-enabled/thecarrotfactory.com.conf:2)
         port 80 namevhost thelakegardens.com (/etc/apache2/sites-enabled/thelakegardens.com.conf:2)
         port 80 namevhost themigliores.com (/etc/apache2/sites-enabled/themigliores.com.conf:2)
         port 80 namevhost theseadoginn.com (/etc/apache2/sites-enabled/theseadoginn.com.conf:2)
         port 80 namevhost ticbrokers.co.za (/etc/apache2/sites-enabled/ticbrokers.co.za.conf:2)
         port 80 namevhost timedworks.com (/etc/apache2/sites-enabled/timedworks.com.conf:2)
         port 80 namevhost times5online.com (/etc/apache2/sites-enabled/times5online.com.conf:2)
         port 80 namevhost toltecbeads.com (/etc/apache2/sites-enabled/toltecbeads.com.conf:2)
         port 80 namevhost toltecdiamonds.com (/etc/apache2/sites-enabled/toltecdiamonds.com.conf:2)
         port 80 namevhost toltecsilver.com (/etc/apache2/sites-enabled/toltecsilver.com.conf:2)
         port 80 namevhost tr.radikaltr.com (/etc/apache2/sites-enabled/tr.radikaltr.com.conf:2)
         port 80 namevhost tradewturkey.com (/etc/apache2/sites-enabled/tradewturkey.com.conf:2)
         port 80 namevhost trains.bev-bel.com (/etc/apache2/sites-enabled/trains.bev-bel.com.conf:2)
         port 80 namevhost transpower.co.in (/etc/apache2/sites-enabled/transpower.co.in.conf:2)
         port 80 namevhost travel.bantayan.ca (/etc/apache2/sites-enabled/travel.bantayan.ca.conf:2)
         port 80 namevhost trezos.com (/etc/apache2/sites-enabled/trezos.com.conf:2)
         port 80 namevhost universalyapistirici.com (/etc/apache2/sites-enabled/universalyapistirici.com.conf:2)
         port 80 namevhost upmentors.com (/etc/apache2/sites-enabled/upmentors.com.conf:2)
         port 80 namevhost v2.gruasabc.com (/etc/apache2/sites-enabled/v2.gruasabc.com.conf:2)
         port 80 namevhost v2.thesingingdj.com (/etc/apache2/sites-enabled/v2.thesingingdj.com.conf:2)
         port 80 namevhost vencontrols.com (/etc/apache2/sites-enabled/vencontrols.com.conf:2)
         port 80 namevhost videoweekend.com (/etc/apache2/sites-enabled/videoweekend.com.conf:2)
         port 80 namevhost vincentarnold.com (/etc/apache2/sites-enabled/vincentarnold.com.conf:2)
         port 80 namevhost vitalityvortal.hub.cmresource.com (/etc/apache2/sites-enabled/vitalityvortal.hub.cmresource.com.conf:2)
         port 80 namevhost vlchkg.com (/etc/apache2/sites-enabled/vlchkg.com.conf:2)
         port 80 namevhost vlcsgh.com (/etc/apache2/sites-enabled/vlcsgh.com.conf:2)
         port 80 namevhost w.biond.net (/etc/apache2/sites-enabled/w.biond.net.conf:2)
         port 80 namevhost web.bagroup.biz (/etc/apache2/sites-enabled/web.bagroup.biz.conf:2)
         port 80 namevhost web.comm-inc.com (/etc/apache2/sites-enabled/web.comm-inc.com.conf:2)
         port 80 namevhost web.ferimpeks.com (/etc/apache2/sites-enabled/web.ferimpeks.com.conf:2)
         port 80 namevhost web.hrdf.org (/etc/apache2/sites-enabled/web.hrdf.org.conf:2)
         port 80 namevhost web.mekdesign.net (/etc/apache2/sites-enabled/web.mekdesign.net.conf:2)
         port 80 namevhost web.skatequest.com (/etc/apache2/sites-enabled/web.skatequest.com.conf:2)
         port 80 namevhost website.martinluther.ca (/etc/apache2/sites-enabled/website.martinluther.ca.conf:2)
         port 80 namevhost website.pro-link.net (/etc/apache2/sites-enabled/website.pro-link.net.conf:2)
         port 80 namevhost wholelifehome.com (/etc/apache2/sites-enabled/wholelifehome.com.conf:2)
         port 80 namevhost wiki.myhosting.com.tr (/etc/apache2/sites-enabled/wiki.myhosting.com.tr.conf:2)
         port 80 namevhost willersfurniture.com (/etc/apache2/sites-enabled/willersfurniture.com.conf:2)
         port 80 namevhost work.highceiling.com (/etc/apache2/sites-enabled/work.highceiling.com.conf:2)
         port 80 namevhost wp.ihd.co.uk (/etc/apache2/sites-enabled/wp.ihd.co.uk.conf:2)
         port 80 namevhost wp.k9development.com (/etc/apache2/sites-enabled/wp.k9development.com.conf:2)
         port 80 namevhost wpsa.org.au (/etc/apache2/sites-enabled/wpsa.org.au.conf:2)
         port 80 namevhost www.okschess.org (/etc/apache2/sites-enabled/www.okschess.org.conf:2)
         port 80 namevhost www.ugtechnion.com (/etc/apache2/sites-enabled/www.ugtechnion.com.conf:2)
         port 80 namevhost www1.gwcfoam.com (/etc/apache2/sites-enabled/www1.gwcfoam.com.conf:2)
         port 80 namevhost www1.heritage-eastafrica.com (/etc/apache2/sites-enabled/www1.heritage-eastafrica.com.conf:2)
         port 80 namevhost www1.pennoaksgolfclub.com (/etc/apache2/sites-enabled/www1.pennoaksgolfclub.com.conf:2)
         port 80 namevhost x.basictechs.com (/etc/apache2/sites-enabled/x.basictechs.com.conf:2)
         port 80 namevhost x.brantonprojects.com (/etc/apache2/sites-enabled/x.brantonprojects.com.conf:2)
         port 80 namevhost x.carrfamily.ca (/etc/apache2/sites-enabled/x.carrfamily.ca.conf:2)
         port 80 namevhost x.casa-viva.com.mx (/etc/apache2/sites-enabled/x.casa-viva.com.mx.conf:2)
         port 80 namevhost x.cottagedreams.org (/etc/apache2/sites-enabled/x.cottagedreams.org.conf:2)
         port 80 namevhost x.creekbed.org (/etc/apache2/sites-enabled/x.creekbed.org.conf:2)
         port 80 namevhost x.danscamp.ca (/etc/apache2/sites-enabled/x.danscamp.ca.conf:2)
         port 80 namevhost x.davidm123.com (/etc/apache2/sites-enabled/x.davidm123.com.conf:2)
         port 80 namevhost x.effectivesys.com (/etc/apache2/sites-enabled/x.effectivesys.com.conf:2)
         port 80 namevhost x.grandpasahotel.com (/etc/apache2/sites-enabled/x.grandpasahotel.com.conf:2)
         port 80 namevhost x.herrschuster.com (/etc/apache2/sites-enabled/x.herrschuster.com.conf:2)
         port 80 namevhost x.ians.test (/etc/apache2/sites-enabled/x.ians.test.conf:2)
         port 80 namevhost x.immateriae.com (/etc/apache2/sites-enabled/x.immateriae.com.conf:2)
         port 80 namevhost x.ingramhillmusic.com (/etc/apache2/sites-enabled/x.ingramhillmusic.com.conf:2)
         port 80 namevhost x.modhotel.com (/etc/apache2/sites-enabled/x.modhotel.com.conf:2)
         port 80 namevhost x.riogeneral.com (/etc/apache2/sites-enabled/x.riogeneral.com.conf:2)
         port 80 namevhost x.trilliumcg.com (/etc/apache2/sites-enabled/x.trilliumcg.com.conf:2)
         port 80 namevhost x4.honestengine.com (/etc/apache2/sites-enabled/x4.honestengine.com.conf:2)
         port 80 namevhost xlinux.rieggers.com (/etc/apache2/sites-enabled/xlinux.rieggers.com.conf:2)
         port 80 namevhost xoriginals.solnapugs.com (/etc/apache2/sites-enabled/xoriginals.solnapugs.com.conf:2)
         port 80 namevhost yangyangdance.net (/etc/apache2/sites-enabled/yangyangdance.net.conf:2)
         port 80 namevhost youngwebdesign.com (/etc/apache2/sites-enabled/youngwebdesign.com.conf:2)
         port 80 namevhost zixvpm.recoveryinnovations.org (/etc/apache2/sites-enabled/zixvpm.recoveryinnovations.org.conf:2)
Syntax OK
