Warning: DocumentRoot [/var/www/domains/602fuels.com/docs] does not exist
Warning: DocumentRoot [/var/www/domains/infinitywebstudios.com/docs] does not exist
Warning: DocumentRoot [/var/www/domains/legacyregistration1.com/docs] does not exist
Warning: DocumentRoot [/var/www/domains/myweddingbug.com/docs] does not exist
Warning: DocumentRoot [/var/www/domains/next.co.ke/docs] does not exist
Warning: DocumentRoot [/var/www/domains/stjohnfisherpublications.com/docs] does not exist
Warning: DocumentRoot [/var/www/domains/thadpol.com/docs] does not exist
Warning: DocumentRoot [/var/www/domains/x.bev-bel.com/docs] does not exist
[Tue Jan 01 21:15:44 2019] [warn] NameVirtualHost secure.mail2web.com:443 has no VirtualHosts
VirtualHost configuration:
168.144.247.94:443     is a NameVirtualHost
         default server allgodspeople.secure.myhosting.net (/etc/apache2/sites-enabled/ssl-allgodspeople.secure.myhosting.net.conf:2)
         port 443 namevhost allgodspeople.secure.myhosting.net (/etc/apache2/sites-enabled/ssl-allgodspeople.secure.myhosting.net.conf:2)
         port 443 namevhost austrianfineartshopcom.secure.myhosting.net (/etc/apache2/sites-enabled/ssl-austrianfineartshopcom.secure.myhosting.net.conf:2)
         port 443 namevhost dbmquartnerscom.secure.myhosting.net (/etc/apache2/sites-enabled/ssl-dbmquartnerscom.secure.myhosting.net.conf:2)
         port 443 namevhost designonlinealabamaprintingcom.secure.myhosting.net (/etc/apache2/sites-enabled/ssl-designonlinealabamaprintingcom.secure.myhosting.net.conf:2)
         port 443 namevhost ildertonfirefightersca.secure.myhosting.net (/etc/apache2/sites-enabled/ssl-ildertonfirefightersca.secure.myhosting.net.conf:2)
         port 443 namevhost linuxlisaforsythcom.secure.myhosting.net (/etc/apache2/sites-enabled/ssl-linuxlisaforsythcom.secure.myhosting.net.conf:2)
         port 443 namevhost mymissingtripod.secure.myhosting.net (/etc/apache2/sites-enabled/ssl-mymissingtripod.secure.myhosting.net.conf:2)
         port 443 namevhost quiz.secure.myhosting.net (/etc/apache2/sites-enabled/ssl-quiz.secure.myhosting.net.conf:2)
         port 443 namevhost rockyrogercom.secure.myhosting.net (/etc/apache2/sites-enabled/ssl-rockyrogercom.secure.myhosting.net.conf:2)
         port 443 namevhost shoppingaocurrencycom.secure.myhosting.net (/etc/apache2/sites-enabled/ssl-shoppingaocurrencycom.secure.myhosting.net.conf:2)
         port 443 namevhost storeharwintonsportsorg.secure.myhosting.net (/etc/apache2/sites-enabled/ssl-storeharwintonsportsorg.secure.myhosting.net.conf:2)
         port 443 namevhost xkinyova.secure.myhosting.net (/etc/apache2/sites-enabled/ssl-xkinyova.secure.myhosting.net.conf:2)
wildcard NameVirtualHosts and _default_ servers:
*:443                  is a NameVirtualHost
         default server x2web10.myhosting.com (/etc/apache2/apache2.conf:434)
         port 443 namevhost x2web10.myhosting.com (/etc/apache2/apache2.conf:434)
         port 443 namevhost elpasoghosttours.com (/etc/apache2/sites-enabled/elpasoghosttours.com.conf:23)
*:80                   is a NameVirtualHost
         default server x2web10.myhosting.com (/etc/apache2/apache2.conf:423)
         port 80 namevhost x2web10.myhosting.com (/etc/apache2/apache2.conf:423)
         port 80 namevhost external.x2web01.myhosting.com (/etc/apache2/sites-enabled/000-default:1)
         port 80 namevhost 3dcre8ors.com (/etc/apache2/sites-enabled/3dcre8ors.com.conf:2)
         port 80 namevhost 424baycrest.com (/etc/apache2/sites-enabled/424baycrest.com.conf:2)
         port 80 namevhost 602fuels.com (/etc/apache2/sites-enabled/602fuels.com.conf:2)
         port 80 namevhost 7772463.com (/etc/apache2/sites-enabled/7772463.com.conf:2)
         port 80 namevhost aaarg.sskiweb.com (/etc/apache2/sites-enabled/aaarg.sskiweb.com.conf:2)
         port 80 namevhost abbottmarkers.com (/etc/apache2/sites-enabled/abbottmarkers.com.conf:2)
         port 80 namevhost acecabling.com (/etc/apache2/sites-enabled/acecabling.com.conf:2)
         port 80 namevhost admin.csemsar.com (/etc/apache2/sites-enabled/admin.csemsar.com.conf:2)
         port 80 namevhost admindysad.com (/etc/apache2/sites-enabled/admindysad.com.conf:2)
         port 80 namevhost affordablecpus.com (/etc/apache2/sites-enabled/affordablecpus.com.conf:2)
         port 80 namevhost alexisfabbri.com (/etc/apache2/sites-enabled/alexisfabbri.com.conf:2)
         port 80 namevhost alizaedelstein.com (/etc/apache2/sites-enabled/alizaedelstein.com.conf:2)
         port 80 namevhost allanglesrenovations.ca (/etc/apache2/sites-enabled/allanglesrenovations.ca.conf:2)
         port 80 namevhost alltimatepartynplay.ca (/etc/apache2/sites-enabled/alltimatepartynplay.ca.conf:2)
         port 80 namevhost almashreqtrading.com (/etc/apache2/sites-enabled/almashreqtrading.com.conf:2)
         port 80 namevhost alohamaldives.com (/etc/apache2/sites-enabled/alohamaldives.com.conf:2)
         port 80 namevhost alphatecusa.com (/etc/apache2/sites-enabled/alphatecusa.com.conf:2)
         port 80 namevhost alt.suberspace.com (/etc/apache2/sites-enabled/alt.suberspace.com.conf:2)
         port 80 namevhost amyspanger.com (/etc/apache2/sites-enabled/amyspanger.com.conf:2)
         port 80 namevhost anadelareguera.net (/etc/apache2/sites-enabled/anadelareguera.net.conf:2)
         port 80 namevhost anatolialit.com (/etc/apache2/sites-enabled/anatolialit.com.conf:2)
         port 80 namevhost andrecon.com (/etc/apache2/sites-enabled/andrecon.com.conf:2)
         port 80 namevhost arca.catspitz.com (/etc/apache2/sites-enabled/arca.catspitz.com.conf:2)
         port 80 namevhost artdesign.to (/etc/apache2/sites-enabled/artdesign.to.conf:2)
         port 80 namevhost arturogomezpompa.reservaeleden.org (/etc/apache2/sites-enabled/arturogomezpompa.reservaeleden.org.conf:2)
         port 80 namevhost ashford.com.tr (/etc/apache2/sites-enabled/ashford.com.tr.conf:2)
         port 80 namevhost at-the-beach.ca (/etc/apache2/sites-enabled/at-the-beach.ca.conf:2)
         port 80 namevhost auricgames.com (/etc/apache2/sites-enabled/auricgames.com.conf:2)
         port 80 namevhost austrianfineartshop.com (/etc/apache2/sites-enabled/austrianfineartshop.com.conf:2)
         port 80 namevhost b.heatherkurt.com (/etc/apache2/sites-enabled/b.heatherkurt.com.conf:2)
         port 80 namevhost babyshoesforsale.net (/etc/apache2/sites-enabled/babyshoesforsale.net.conf:2)
         port 80 namevhost babywraps.net (/etc/apache2/sites-enabled/babywraps.net.conf:2)
         port 80 namevhost babyyu.com (/etc/apache2/sites-enabled/babyyu.com.conf:2)
         port 80 namevhost baydu.com (/etc/apache2/sites-enabled/baydu.com.conf:2)
         port 80 namevhost be.adfins.com (/etc/apache2/sites-enabled/be.adfins.com.conf:2)
         port 80 namevhost beta.arborpl.com (/etc/apache2/sites-enabled/beta.arborpl.com.conf:2)
         port 80 namevhost beta.beatobags.com (/etc/apache2/sites-enabled/beta.beatobags.com.conf:2)
         port 80 namevhost beta.kipsgroup.com (/etc/apache2/sites-enabled/beta.kipsgroup.com.conf:2)
         port 80 namevhost beta.maza.com (/etc/apache2/sites-enabled/beta.maza.com.conf:2)
         port 80 namevhost beta.yakshagana.com (/etc/apache2/sites-enabled/beta.yakshagana.com.conf:2)
         port 80 namevhost bienproteger.com (/etc/apache2/sites-enabled/bienproteger.com.conf:2)
         port 80 namevhost bigstarstory.com (/etc/apache2/sites-enabled/bigstarstory.com.conf:2)
         port 80 namevhost bigtease.org (/etc/apache2/sites-enabled/bigtease.org.conf:2)
         port 80 namevhost bizvaluations.com (/etc/apache2/sites-enabled/bizvaluations.com.conf:2)
         port 80 namevhost blog.balletonwheels.org (/etc/apache2/sites-enabled/blog.balletonwheels.org.conf:2)
         port 80 namevhost blog.datarealized.com (/etc/apache2/sites-enabled/blog.datarealized.com.conf:2)
         port 80 namevhost blog.happyhoundhotel.com (/etc/apache2/sites-enabled/blog.happyhoundhotel.com.conf:2)
         port 80 namevhost blog.huronscuba.com (/etc/apache2/sites-enabled/blog.huronscuba.com.conf:2)
         port 80 namevhost blog.jc-food.com (/etc/apache2/sites-enabled/blog.jc-food.com.conf:2)
         port 80 namevhost blog.jodypayne.net (/etc/apache2/sites-enabled/blog.jodypayne.net.conf:2)
         port 80 namevhost blog.jumpbean.com (/etc/apache2/sites-enabled/blog.jumpbean.com.conf:2)
         port 80 namevhost blog.kaleagasi.net (/etc/apache2/sites-enabled/blog.kaleagasi.net.conf:2)
         port 80 namevhost blog.slgonline.com (/etc/apache2/sites-enabled/blog.slgonline.com.conf:2)
         port 80 namevhost blog.thechoiceforme.com (/etc/apache2/sites-enabled/blog.thechoiceforme.com.conf:2)
         port 80 namevhost blog.traaxproduction.com (/etc/apache2/sites-enabled/blog.traaxproduction.com.conf:2)
         port 80 namevhost bluduran.com (/etc/apache2/sites-enabled/bluduran.com.conf:2)
         port 80 namevhost borocat.com (/etc/apache2/sites-enabled/borocat.com.conf:2)
         port 80 namevhost brcndigital.com (/etc/apache2/sites-enabled/brcndigital.com.conf:2)
         port 80 namevhost breadandroseslawrence.org (/etc/apache2/sites-enabled/breadandroseslawrence.org.conf:2)
         port 80 namevhost brisbanebodytalkpractitioners.com (/etc/apache2/sites-enabled/brisbanebodytalkpractitioners.com.conf:2)
         port 80 namevhost burcakaras.com (/etc/apache2/sites-enabled/burcakaras.com.conf:2)
         port 80 namevhost caldwellcountydemocraticparty.org (/etc/apache2/sites-enabled/caldwellcountydemocraticparty.org.conf:2)
         port 80 namevhost cansinozyosun.com (/etc/apache2/sites-enabled/cansinozyosun.com.conf:2)
         port 80 namevhost capecod.robinteo.com (/etc/apache2/sites-enabled/capecod.robinteo.com.conf:2)
         port 80 namevhost capitalcitykoa.com (/etc/apache2/sites-enabled/capitalcitykoa.com.conf:2)
         port 80 namevhost caradaroclubpizza.com (/etc/apache2/sites-enabled/caradaroclubpizza.com.conf:2)
         port 80 namevhost cdc.classdesigncarpet.com (/etc/apache2/sites-enabled/cdc.classdesigncarpet.com.conf:2)
         port 80 namevhost centotel.com (/etc/apache2/sites-enabled/centotel.com.conf:2)
         port 80 namevhost charlesway.com (/etc/apache2/sites-enabled/charlesway.com.conf:2)
         port 80 namevhost chrisharper.ca (/etc/apache2/sites-enabled/chrisharper.ca.conf:2)
         port 80 namevhost christiancommunicator.com (/etc/apache2/sites-enabled/christiancommunicator.com.conf:2)
         port 80 namevhost christopherkinder.com (/etc/apache2/sites-enabled/christopherkinder.com.conf:2)
         port 80 namevhost clubtinytots.ca (/etc/apache2/sites-enabled/clubtinytots.ca.conf:2)
         port 80 namevhost cms-ct.com (/etc/apache2/sites-enabled/cms-ct.com.conf:2)
         port 80 namevhost cms.andymetal.com (/etc/apache2/sites-enabled/cms.andymetal.com.conf:2)
         port 80 namevhost cms.royalegrande.com (/etc/apache2/sites-enabled/cms.royalegrande.com.conf:2)
         port 80 namevhost colemanlawknoxville.com (/etc/apache2/sites-enabled/colemanlawknoxville.com.conf:2)
         port 80 namevhost communityworkers.org (/etc/apache2/sites-enabled/communityworkers.org.conf:2)
         port 80 namevhost con-lyn.com (/etc/apache2/sites-enabled/con-lyn.com.conf:2)
         port 80 namevhost concrete.concretetides.com (/etc/apache2/sites-enabled/concrete.concretetides.com.conf:2)
         port 80 namevhost console.humestudies.org (/etc/apache2/sites-enabled/console.humestudies.org.conf:2)
         port 80 namevhost contact.lapgb.com (/etc/apache2/sites-enabled/contact.lapgb.com.conf:2)
         port 80 namevhost customce.com (/etc/apache2/sites-enabled/customce.com.conf:2)
         port 80 namevhost cwc.qfiebackup.com (/etc/apache2/sites-enabled/cwc.qfiebackup.com.conf:2)
         port 80 namevhost daha.net (/etc/apache2/sites-enabled/daha.net.conf:2)
         port 80 namevhost datumresearch.com (/etc/apache2/sites-enabled/datumresearch.com.conf:2)
         port 80 namevhost davesanders.ca (/etc/apache2/sites-enabled/davesanders.ca.conf:2)
         port 80 namevhost davidwestrop.com (/etc/apache2/sites-enabled/davidwestrop.com.conf:2)
         port 80 namevhost dbm.quartners.com (/etc/apache2/sites-enabled/dbm.quartners.com.conf:2)
         port 80 namevhost demo.lifetimelearners.org (/etc/apache2/sites-enabled/demo.lifetimelearners.org.conf:2)
         port 80 namevhost deneme.puntogroup.com (/etc/apache2/sites-enabled/deneme.puntogroup.com.conf:2)
         port 80 namevhost designonline.alabamaprinting.com (/etc/apache2/sites-enabled/designonline.alabamaprinting.com.conf:2)
         port 80 namevhost dev.rockymtngsp.org (/etc/apache2/sites-enabled/dev.rockymtngsp.org.conf:2)
         port 80 namevhost dev.womensmentalhealthassociates.com (/etc/apache2/sites-enabled/dev.womensmentalhealthassociates.com.conf:2)
         port 80 namevhost diamondkeylodge.com (/etc/apache2/sites-enabled/diamondkeylodge.com.conf:2)
         port 80 namevhost dimension.com.sa (/etc/apache2/sites-enabled/dimension.com.sa.conf:2)
         port 80 namevhost dinoxltd.com (/etc/apache2/sites-enabled/dinoxltd.com.conf:2)
         port 80 namevhost directpath.com (/etc/apache2/sites-enabled/directpath.com.conf:2)
         port 80 namevhost divyaphytoextracts.com (/etc/apache2/sites-enabled/divyaphytoextracts.com.conf:2)
         port 80 namevhost dudefestseattle.com (/etc/apache2/sites-enabled/dudefestseattle.com.conf:2)
         port 80 namevhost dundarsahin.com (/etc/apache2/sites-enabled/dundarsahin.com.conf:2)
         port 80 namevhost durukosyachting.com (/etc/apache2/sites-enabled/durukosyachting.com.conf:2)
         port 80 namevhost ebefarms.com (/etc/apache2/sites-enabled/ebefarms.com.conf:2)
         port 80 namevhost ekeryelken.com (/etc/apache2/sites-enabled/ekeryelken.com.conf:2)
         port 80 namevhost elpasoghosttours.com (/etc/apache2/sites-enabled/elpasoghosttours.com.conf:2)
         port 80 namevhost emtradeinc.com (/etc/apache2/sites-enabled/emtradeinc.com.conf:2)
         port 80 namevhost enilinestudio.com (/etc/apache2/sites-enabled/enilinestudio.com.conf:2)
         port 80 namevhost excisebond.com (/etc/apache2/sites-enabled/excisebond.com.conf:2)
         port 80 namevhost ext.cjcarchitects.com (/etc/apache2/sites-enabled/ext.cjcarchitects.com.conf:2)
         port 80 namevhost facefirmgroup.com (/etc/apache2/sites-enabled/facefirmgroup.com.conf:2)
         port 80 namevhost farm.starleft.org (/etc/apache2/sites-enabled/farm.starleft.org.conf:2)
         port 80 namevhost feedback.cannonhygiene.ca (/etc/apache2/sites-enabled/feedback.cannonhygiene.ca.conf:2)
         port 80 namevhost feminasagafilms.com (/etc/apache2/sites-enabled/feminasagafilms.com.conf:2)
         port 80 namevhost firstclassflighttraining.com (/etc/apache2/sites-enabled/firstclassflighttraining.com.conf:2)
         port 80 namevhost flamebuilder.com (/etc/apache2/sites-enabled/flamebuilder.com.conf:2)
         port 80 namevhost fmtaggregate.com (/etc/apache2/sites-enabled/fmtaggregate.com.conf:2)
         port 80 namevhost food.panicmanual.com (/etc/apache2/sites-enabled/food.panicmanual.com.conf:2)
         port 80 namevhost food.thehealthchef.com (/etc/apache2/sites-enabled/food.thehealthchef.com.conf:2)
         port 80 namevhost forum.alonsokartusa.com (/etc/apache2/sites-enabled/forum.alonsokartusa.com.conf:2)
         port 80 namevhost frank.arrivaldate.com (/etc/apache2/sites-enabled/frank.arrivaldate.com.conf:2)
         port 80 namevhost friendshiptrayscharlotte.org (/etc/apache2/sites-enabled/friendshiptrayscharlotte.org.conf:2)
         port 80 namevhost ftwg.tnpharmer.com (/etc/apache2/sites-enabled/ftwg.tnpharmer.com.conf:2)
         port 80 namevhost g-gifts.com (/etc/apache2/sites-enabled/g-gifts.com.conf:2)
         port 80 namevhost gailherson.net (/etc/apache2/sites-enabled/gailherson.net.conf:2)
         port 80 namevhost gamecee.com (/etc/apache2/sites-enabled/gamecee.com.conf:2)
         port 80 namevhost gandmfitness.ca (/etc/apache2/sites-enabled/gandmfitness.ca.conf:2)
         port 80 namevhost gatewayconstructionco.com (/etc/apache2/sites-enabled/gatewayconstructionco.com.conf:2)
         port 80 namevhost genckimya.com (/etc/apache2/sites-enabled/genckimya.com.conf:2)
         port 80 namevhost gencmedikal.com.tr (/etc/apache2/sites-enabled/gencmedikal.com.tr.conf:2)
         port 80 namevhost genealogy.kearton.com (/etc/apache2/sites-enabled/genealogy.kearton.com.conf:2)
         port 80 namevhost gilosoft.com (/etc/apache2/sites-enabled/gilosoft.com.conf:2)
         port 80 namevhost glutenfreeitalian.fifia.org (/etc/apache2/sites-enabled/glutenfreeitalian.fifia.org.conf:2)
         port 80 namevhost gobeklitepe.info (/etc/apache2/sites-enabled/gobeklitepe.info.conf:2)
         port 80 namevhost goldscholars.com (/etc/apache2/sites-enabled/goldscholars.com.conf:2)
         port 80 namevhost greenleder.com (/etc/apache2/sites-enabled/greenleder.com.conf:2)
         port 80 namevhost guajuyesa.guajuye.com (/etc/apache2/sites-enabled/guajuyesa.guajuye.com.conf:2)
         port 80 namevhost guardias.iccmexicodivision.com (/etc/apache2/sites-enabled/guardias.iccmexicodivision.com.conf:2)
         port 80 namevhost home.artisanstone.ca (/etc/apache2/sites-enabled/home.artisanstone.ca.conf:2)
         port 80 namevhost home.osamahegazy.com (/etc/apache2/sites-enabled/home.osamahegazy.com.conf:2)
         port 80 namevhost home.qualypackegypt.com (/etc/apache2/sites-enabled/home.qualypackegypt.com.conf:2)
         port 80 namevhost hotel.sunwingphuket.com (/etc/apache2/sites-enabled/hotel.sunwingphuket.com.conf:2)
         port 80 namevhost hu2coaching.com (/etc/apache2/sites-enabled/hu2coaching.com.conf:2)
         port 80 namevhost hypothequesquebec.com (/etc/apache2/sites-enabled/hypothequesquebec.com.conf:2)
         port 80 namevhost ifyoulovesaskatchewan.ca (/etc/apache2/sites-enabled/ifyoulovesaskatchewan.ca.conf:2)
         port 80 namevhost igaveabribe.org (/etc/apache2/sites-enabled/igaveabribe.org.conf:2)
         port 80 namevhost ikandy-events.com (/etc/apache2/sites-enabled/ikandy-events.com.conf:2)
         port 80 namevhost ildertonfirefighters.ca (/etc/apache2/sites-enabled/ildertonfirefighters.ca.conf:2)
         port 80 namevhost india.vinyasit.net (/etc/apache2/sites-enabled/india.vinyasit.net.conf:2)
         port 80 namevhost infinitywebstudios.com (/etc/apache2/sites-enabled/infinitywebstudios.com.conf:2)
         port 80 namevhost italic.org (/etc/apache2/sites-enabled/italic.org.conf:2)
         port 80 namevhost itscooleruphere.com (/etc/apache2/sites-enabled/itscooleruphere.com.conf:2)
         port 80 namevhost jamaicanmalls.com (/etc/apache2/sites-enabled/jamaicanmalls.com.conf:2)
         port 80 namevhost jdiscover.org (/etc/apache2/sites-enabled/jdiscover.org.conf:2)
         port 80 namevhost joomla.caliskantextile.com (/etc/apache2/sites-enabled/joomla.caliskantextile.com.conf:2)
         port 80 namevhost joomla.test (/etc/apache2/sites-enabled/joomla.test.conf:2)
         port 80 namevhost jpreformas.com.br (/etc/apache2/sites-enabled/jpreformas.com.br.conf:2)
         port 80 namevhost kabchi.com (/etc/apache2/sites-enabled/kabchi.com.conf:2)
         port 80 namevhost katilanhe.com (/etc/apache2/sites-enabled/katilanhe.com.conf:2)
         port 80 namevhost kevrichard.com (/etc/apache2/sites-enabled/kevrichard.com.conf:2)
         port 80 namevhost kidzvilleschool.com (/etc/apache2/sites-enabled/kidzvilleschool.com.conf:2)
         port 80 namevhost kylewilliams.net (/etc/apache2/sites-enabled/kylewilliams.net.conf:2)
         port 80 namevhost labyfire.org (/etc/apache2/sites-enabled/labyfire.org.conf:2)
         port 80 namevhost ladybedlamlabs.com (/etc/apache2/sites-enabled/ladybedlamlabs.com.conf:2)
         port 80 namevhost lakeridgesystemsgroup.com (/etc/apache2/sites-enabled/lakeridgesystemsgroup.com.conf:2)
         port 80 namevhost lavendertravels.com (/etc/apache2/sites-enabled/lavendertravels.com.conf:2)
         port 80 namevhost layar.heitmanarchitects.com (/etc/apache2/sites-enabled/layar.heitmanarchitects.com.conf:2)
         port 80 namevhost learn.eramp.com (/etc/apache2/sites-enabled/learn.eramp.com.conf:2)
         port 80 namevhost legacyregistration1.com (/etc/apache2/sites-enabled/legacyregistration1.com.conf:2)
         port 80 namevhost legendsadvertising.com (/etc/apache2/sites-enabled/legendsadvertising.com.conf:2)
         port 80 namevhost lescliniques.com (/etc/apache2/sites-enabled/lescliniques.com.conf:2)
         port 80 namevhost lewisbillings.com (/etc/apache2/sites-enabled/lewisbillings.com.conf:2)
         port 80 namevhost lifestyle.intraboard.net (/etc/apache2/sites-enabled/lifestyle.intraboard.net.conf:2)
         port 80 namevhost limbirons.com (/etc/apache2/sites-enabled/limbirons.com.conf:2)
         port 80 namevhost lin.ph6.net (/etc/apache2/sites-enabled/lin.ph6.net.conf:2)
         port 80 namevhost lin.xrqa.com (/etc/apache2/sites-enabled/lin.xrqa.com.conf:2)
         port 80 namevhost linus.iecex.com (/etc/apache2/sites-enabled/linus.iecex.com.conf:2)
         port 80 namevhost linux.arizonadesigns.net (/etc/apache2/sites-enabled/linux.arizonadesigns.net.conf:2)
         port 80 namevhost linux.chris-rogers.net (/etc/apache2/sites-enabled/linux.chris-rogers.net.conf:2)
         port 80 namevhost linux.del.cc (/etc/apache2/sites-enabled/linux.del.cc.conf:2)
         port 80 namevhost linux.konradmajkut.net (/etc/apache2/sites-enabled/linux.konradmajkut.net.conf:2)
         port 80 namevhost linux.lisaforsyth.com (/etc/apache2/sites-enabled/linux.lisaforsyth.com.conf:2)
         port 80 namevhost linux.midatlanticdata.com (/etc/apache2/sites-enabled/linux.midatlanticdata.com.conf:2)
         port 80 namevhost linux.onurk.myhosting.net (/etc/apache2/sites-enabled/linux.onurk.myhosting.net.conf:2)
         port 80 namevhost linux.zorion.com (/etc/apache2/sites-enabled/linux.zorion.com.conf:2)
         port 80 namevhost lnx.aspenrealtymn.com (/etc/apache2/sites-enabled/lnx.aspenrealtymn.com.conf:2)
         port 80 namevhost lormac.ca (/etc/apache2/sites-enabled/lormac.ca.conf:2)
         port 80 namevhost louisvillelivewires.com (/etc/apache2/sites-enabled/louisvillelivewires.com.conf:2)
         port 80 namevhost lsisapgovernmentforum.com (/etc/apache2/sites-enabled/lsisapgovernmentforum.com.conf:2)
         port 80 namevhost m-tsaglik.com.tr (/etc/apache2/sites-enabled/m-tsaglik.com.tr.conf:2)
         port 80 namevhost m.albatrans.com.tr (/etc/apache2/sites-enabled/m.albatrans.com.tr.conf:2)
         port 80 namevhost m.presenting.ca (/etc/apache2/sites-enabled/m.presenting.ca.conf:2)
         port 80 namevhost mail.metclubnyc.org (/etc/apache2/sites-enabled/mail.metclubnyc.org.conf:2)
         port 80 namevhost main.pghflight.com (/etc/apache2/sites-enabled/main.pghflight.com.conf:2)
         port 80 namevhost mandomartinez.com (/etc/apache2/sites-enabled/mandomartinez.com.conf:2)
         port 80 namevhost mariofazios.com (/etc/apache2/sites-enabled/mariofazios.com.conf:2)
         port 80 namevhost marjoriesutter.com (/etc/apache2/sites-enabled/marjoriesutter.com.conf:2)
         port 80 namevhost martin.sonaconsult.com (/etc/apache2/sites-enabled/martin.sonaconsult.com.conf:2)
         port 80 namevhost melissamascaradesign.com (/etc/apache2/sites-enabled/melissamascaradesign.com.conf:2)
         port 80 namevhost memphis-foods.com (/etc/apache2/sites-enabled/memphis-foods.com.conf:2)
         port 80 namevhost mesnowbirds.com (/etc/apache2/sites-enabled/mesnowbirds.com.conf:2)
         port 80 namevhost meximares.com (/etc/apache2/sites-enabled/meximares.com.conf:2)
         port 80 namevhost mikedunn.net (/etc/apache2/sites-enabled/mikedunn.net.conf:2)
         port 80 namevhost minibooth.ca (/etc/apache2/sites-enabled/minibooth.ca.conf:2)
         port 80 namevhost modder.gikizas.me (/etc/apache2/sites-enabled/modder.gikizas.me.conf:2)
         port 80 namevhost movielinemashup.com (/etc/apache2/sites-enabled/movielinemashup.com.conf:2)
         port 80 namevhost mtfxgroup.com (/etc/apache2/sites-enabled/mtfxgroup.com.conf:2)
         port 80 namevhost my.jannetta.ca (/etc/apache2/sites-enabled/my.jannetta.ca.conf:2)
         port 80 namevhost my.little-angels.net (/etc/apache2/sites-enabled/my.little-angels.net.conf:2)
         port 80 namevhost my.missingtripod.com (/etc/apache2/sites-enabled/my.missingtripod.com.conf:2)
         port 80 namevhost mycheeseshoppe.com (/etc/apache2/sites-enabled/mycheeseshoppe.com.conf:2)
         port 80 namevhost myweddingbug.com (/etc/apache2/sites-enabled/myweddingbug.com.conf:2)
         port 80 namevhost new.airguaranteed.com (/etc/apache2/sites-enabled/new.airguaranteed.com.conf:2)
         port 80 namevhost new.radiofilipino.net (/etc/apache2/sites-enabled/new.radiofilipino.net.conf:2)
         port 80 namevhost next.co.ke (/etc/apache2/sites-enabled/next.co.ke.conf:2)
         port 80 namevhost nickh.test (/etc/apache2/sites-enabled/nickh.test.conf:2)
         port 80 namevhost nionnet.org (/etc/apache2/sites-enabled/nionnet.org.conf:2)
         port 80 namevhost noro-med.com.tr (/etc/apache2/sites-enabled/noro-med.com.tr.conf:2)
         port 80 namevhost nsmgmtltd.com (/etc/apache2/sites-enabled/nsmgmtltd.com.conf:2)
         port 80 namevhost one.e-square.net (/etc/apache2/sites-enabled/one.e-square.net.conf:2)
         port 80 namevhost onwordcommunications.com (/etc/apache2/sites-enabled/onwordcommunications.com.conf:2)
         port 80 namevhost orders.mimacglaze.com (/etc/apache2/sites-enabled/orders.mimacglaze.com.conf:2)
         port 80 namevhost osidefatjoes.com (/etc/apache2/sites-enabled/osidefatjoes.com.conf:2)
         port 80 namevhost owcwine.com (/etc/apache2/sites-enabled/owcwine.com.conf:2)
         port 80 namevhost p2film.net (/etc/apache2/sites-enabled/p2film.net.conf:2)
         port 80 namevhost paulweinberg.ca (/etc/apache2/sites-enabled/paulweinberg.ca.conf:2)
         port 80 namevhost pce-hk.com (/etc/apache2/sites-enabled/pce-hk.com.conf:2)
         port 80 namevhost peradesign.net (/etc/apache2/sites-enabled/peradesign.net.conf:2)
         port 80 namevhost philiphschroeder.com (/etc/apache2/sites-enabled/philiphschroeder.com.conf:2)
         port 80 namevhost photon.ikonica.ca (/etc/apache2/sites-enabled/photon.ikonica.ca.conf:2)
         port 80 namevhost photos.thenavarros.ca (/etc/apache2/sites-enabled/photos.thenavarros.ca.conf:2)
         port 80 namevhost pics.tjones.net (/etc/apache2/sites-enabled/pics.tjones.net.conf:2)
         port 80 namevhost pie.thelunchpail.com (/etc/apache2/sites-enabled/pie.thelunchpail.com.conf:2)
         port 80 namevhost pixperience.ca (/etc/apache2/sites-enabled/pixperience.ca.conf:2)
         port 80 namevhost plasticos.edo-mex.net (/etc/apache2/sites-enabled/plasticos.edo-mex.net.conf:2)
         port 80 namevhost pokerboard.com (/etc/apache2/sites-enabled/pokerboard.com.conf:2)
         port 80 namevhost polinorm.polinorm.com (/etc/apache2/sites-enabled/polinorm.polinorm.com.conf:2)
         port 80 namevhost post.prosperainfo.com (/etc/apache2/sites-enabled/post.prosperainfo.com.conf:2)
         port 80 namevhost projects.schockcontracting.com (/etc/apache2/sites-enabled/projects.schockcontracting.com.conf:2)
         port 80 namevhost public.aircraftpictures.com (/etc/apache2/sites-enabled/public.aircraftpictures.com.conf:2)
         port 80 namevhost puckcatcher.com (/etc/apache2/sites-enabled/puckcatcher.com.conf:2)
         port 80 namevhost queerquestionsstraighttalk.com (/etc/apache2/sites-enabled/queerquestionsstraighttalk.com.conf:2)
         port 80 namevhost quiz.myhosting.net (/etc/apache2/sites-enabled/quiz.myhosting.net.conf:2)
         port 80 namevhost r.nyjisa.com (/etc/apache2/sites-enabled/r.nyjisa.com.conf:2)
         port 80 namevhost raedsports.com (/etc/apache2/sites-enabled/raedsports.com.conf:2)
         port 80 namevhost raney.com (/etc/apache2/sites-enabled/raney.com.conf:2)
         port 80 namevhost recyclingenergysystems.com (/etc/apache2/sites-enabled/recyclingenergysystems.com.conf:2)
         port 80 namevhost revolutioncyclesports.com (/etc/apache2/sites-enabled/revolutioncyclesports.com.conf:2)
         port 80 namevhost rickyl.test (/etc/apache2/sites-enabled/rickyl.test.conf:2)
         port 80 namevhost rise.davisrise.org (/etc/apache2/sites-enabled/rise.davisrise.org.conf:2)
         port 80 namevhost rockyroger.com (/etc/apache2/sites-enabled/rockyroger.com.conf:2)
         port 80 namevhost rollingsmooth.com (/etc/apache2/sites-enabled/rollingsmooth.com.conf:2)
         port 80 namevhost sandbox.villageattheharbour.com (/etc/apache2/sites-enabled/sandbox.villageattheharbour.com.conf:2)
         port 80 namevhost scholarsmart.com (/etc/apache2/sites-enabled/scholarsmart.com.conf:2)
         port 80 namevhost serpilabla.com (/etc/apache2/sites-enabled/serpilabla.com.conf:2)
         port 80 namevhost sf-bookclub.com (/etc/apache2/sites-enabled/sf-bookclub.com.conf:2)
         port 80 namevhost sgsteknik.com (/etc/apache2/sites-enabled/sgsteknik.com.conf:2)
         port 80 namevhost shop.healthyworld.com.au (/etc/apache2/sites-enabled/shop.healthyworld.com.au.conf:2)
         port 80 namevhost shop.mirajewellery.com (/etc/apache2/sites-enabled/shop.mirajewellery.com.conf:2)
         port 80 namevhost shopping.aocurrency.com (/etc/apache2/sites-enabled/shopping.aocurrency.com.conf:2)
         port 80 namevhost singamerica.net (/etc/apache2/sites-enabled/singamerica.net.conf:2)
         port 80 namevhost site.laalra.org (/etc/apache2/sites-enabled/site.laalra.org.conf:2)
         port 80 namevhost skyminer.ca (/etc/apache2/sites-enabled/skyminer.ca.conf:2)
         port 80 namevhost smartsport.info (/etc/apache2/sites-enabled/smartsport.info.conf:2)
         port 80 namevhost solutions.must-bee.com (/etc/apache2/sites-enabled/solutions.must-bee.com.conf:2)
         port 80 namevhost sorichetti.com (/etc/apache2/sites-enabled/sorichetti.com.conf:2)
         port 80 namevhost sportchekpix.ca (/etc/apache2/sites-enabled/sportchekpix.ca.conf:2)
         port 80 namevhost springfieldbakery.net (/etc/apache2/sites-enabled/springfieldbakery.net.conf:2)
         port 80 namevhost squareituproofing.com (/etc/apache2/sites-enabled/squareituproofing.com.conf:2)
         port 80 namevhost staticzine.com (/etc/apache2/sites-enabled/staticzine.com.conf:2)
         port 80 namevhost stjohnfisherpublications.com (/etc/apache2/sites-enabled/stjohnfisherpublications.com.conf:2)
         port 80 namevhost store.carnelianknoll.com (/etc/apache2/sites-enabled/store.carnelianknoll.com.conf:2)
         port 80 namevhost store.harwintonsports.org (/etc/apache2/sites-enabled/store.harwintonsports.org.conf:2)
         port 80 namevhost store.sanfrainc.com (/etc/apache2/sites-enabled/store.sanfrainc.com.conf:2)
         port 80 namevhost streamlineedu.com (/etc/apache2/sites-enabled/streamlineedu.com.conf:2)
         port 80 namevhost strongconstructioncompany.com (/etc/apache2/sites-enabled/strongconstructioncompany.com.conf:2)
         port 80 namevhost studio12limo.ca (/etc/apache2/sites-enabled/studio12limo.ca.conf:2)
         port 80 namevhost sub.acorpin.myhosting.net (/etc/apache2/sites-enabled/sub.acorpin.myhosting.net.conf:2)
         port 80 namevhost subdomain.aatfri.com (/etc/apache2/sites-enabled/subdomain.aatfri.com.conf:2)
         port 80 namevhost subdomain.glh.biz (/etc/apache2/sites-enabled/subdomain.glh.biz.conf:2)
         port 80 namevhost sugar-mammas.ca (/etc/apache2/sites-enabled/sugar-mammas.ca.conf:2)
         port 80 namevhost supsimcoe.ca (/etc/apache2/sites-enabled/supsimcoe.ca.conf:2)
         port 80 namevhost tarataivilla.com (/etc/apache2/sites-enabled/tarataivilla.com.conf:2)
         port 80 namevhost tax-ready.com (/etc/apache2/sites-enabled/tax-ready.com.conf:2)
         port 80 namevhost tcgcosting.tcgcis.com (/etc/apache2/sites-enabled/tcgcosting.tcgcis.com.conf:2)
         port 80 namevhost test.clsm.on.ca (/etc/apache2/sites-enabled/test.clsm.on.ca.conf:2)
         port 80 namevhost test.crusselle-freeman.com (/etc/apache2/sites-enabled/test.crusselle-freeman.com.conf:2)
         port 80 namevhost test.mesh.com.tr (/etc/apache2/sites-enabled/test.mesh.com.tr.conf:2)
         port 80 namevhost test.sevenmembers.com (/etc/apache2/sites-enabled/test.sevenmembers.com.conf:2)
         port 80 namevhost test.thecatsmeowcreative.com (/etc/apache2/sites-enabled/test.thecatsmeowcreative.com.conf:2)
         port 80 namevhost test.theflamingos.ca (/etc/apache2/sites-enabled/test.theflamingos.ca.conf:2)
         port 80 namevhost testcase20162.myhosting.net (/etc/apache2/sites-enabled/testcase20162.myhosting.net.conf:2)
         port 80 namevhost testsignup0912.prdtester.com (/etc/apache2/sites-enabled/testsignup0912.prdtester.com.conf:2)
         port 80 namevhost thadpol.com (/etc/apache2/sites-enabled/thadpol.com.conf:2)
         port 80 namevhost theboomeffect.com (/etc/apache2/sites-enabled/theboomeffect.com.conf:2)
         port 80 namevhost thesherman5.com (/etc/apache2/sites-enabled/thesherman5.com.conf:2)
         port 80 namevhost thewhimsiad.ca (/etc/apache2/sites-enabled/thewhimsiad.ca.conf:2)
         port 80 namevhost things.teahousehome.com (/etc/apache2/sites-enabled/things.teahousehome.com.conf:2)
         port 80 namevhost thomas6.com (/etc/apache2/sites-enabled/thomas6.com.conf:2)
         port 80 namevhost tiertank.com (/etc/apache2/sites-enabled/tiertank.com.conf:2)
         port 80 namevhost totalizolasyon.com (/etc/apache2/sites-enabled/totalizolasyon.com.conf:2)
         port 80 namevhost ts.mesomorph.com (/etc/apache2/sites-enabled/ts.mesomorph.com.conf:2)
         port 80 namevhost tucsonrvsforsell.com (/etc/apache2/sites-enabled/tucsonrvsforsell.com.conf:2)
         port 80 namevhost tutuzgu.com (/etc/apache2/sites-enabled/tutuzgu.com.conf:2)
         port 80 namevhost unfinishedspaces.com (/etc/apache2/sites-enabled/unfinishedspaces.com.conf:2)
         port 80 namevhost uweb.sass-soft.com (/etc/apache2/sites-enabled/uweb.sass-soft.com.conf:2)
         port 80 namevhost vadbu3908425098.com (/etc/apache2/sites-enabled/vadbu3908425098.com.conf:2)
         port 80 namevhost vikitapoindexter.com (/etc/apache2/sites-enabled/vikitapoindexter.com.conf:2)
         port 80 namevhost vipmasa.nitelik.net (/etc/apache2/sites-enabled/vipmasa.nitelik.net.conf:2)
         port 80 namevhost vixenmakeup.biz (/etc/apache2/sites-enabled/vixenmakeup.biz.conf:2)
         port 80 namevhost vixenmakeup.westpointpa.org (/etc/apache2/sites-enabled/vixenmakeup.westpointpa.org.conf:2)
         port 80 namevhost vmag.cc (/etc/apache2/sites-enabled/vmag.cc.conf:2)
         port 80 namevhost web.assandri.com (/etc/apache2/sites-enabled/web.assandri.com.conf:2)
         port 80 namevhost web.consilium.com.ec (/etc/apache2/sites-enabled/web.consilium.com.ec.conf:2)
         port 80 namevhost web.e-pls.com (/etc/apache2/sites-enabled/web.e-pls.com.conf:2)
         port 80 namevhost web.mcwilcourts.com (/etc/apache2/sites-enabled/web.mcwilcourts.com.conf:2)
         port 80 namevhost whytelawoffices.com (/etc/apache2/sites-enabled/whytelawoffices.com.conf:2)
         port 80 namevhost wombyin.com (/etc/apache2/sites-enabled/wombyin.com.conf:2)
         port 80 namevhost wordpress.ajiri.us (/etc/apache2/sites-enabled/wordpress.ajiri.us.conf:2)
         port 80 namevhost wordpress.evergreendanceacademy.com (/etc/apache2/sites-enabled/wordpress.evergreendanceacademy.com.conf:2)
         port 80 namevhost wordpress.lasparlaser.com (/etc/apache2/sites-enabled/wordpress.lasparlaser.com.conf:2)
         port 80 namevhost working4wellness.ca (/etc/apache2/sites-enabled/working4wellness.ca.conf:2)
         port 80 namevhost wpmu.tnlis.com (/etc/apache2/sites-enabled/wpmu.tnlis.com.conf:2)
         port 80 namevhost wrights.fr (/etc/apache2/sites-enabled/wrights.fr.conf:2)
         port 80 namevhost writing-a-business-proposal.com (/etc/apache2/sites-enabled/writing-a-business-proposal.com.conf:2)
         port 80 namevhost ww3.pro-staging.com (/etc/apache2/sites-enabled/ww3.pro-staging.com.conf:2)
         port 80 namevhost www.bennettcentral.com (/etc/apache2/sites-enabled/www.bennettcentral.com.conf:2)
         port 80 namevhost www.infoauto.com (/etc/apache2/sites-enabled/www.infoauto.com.conf:2)
         port 80 namevhost www.intellicomonline.com (/etc/apache2/sites-enabled/www.intellicomonline.com.conf:2)
         port 80 namevhost www.janellwhitby.com (/etc/apache2/sites-enabled/www.janellwhitby.com.conf:2)
         port 80 namevhost www.jnanetamsna.com (/etc/apache2/sites-enabled/www.jnanetamsna.com.conf:2)
         port 80 namevhost www.miaware.org (/etc/apache2/sites-enabled/www.miaware.org.conf:2)
         port 80 namevhost www.olaleye.org (/etc/apache2/sites-enabled/www.olaleye.org.conf:2)
         port 80 namevhost www.orion-malta.com (/etc/apache2/sites-enabled/www.orion-malta.com.conf:2)
         port 80 namevhost www.snowsplumbing.net (/etc/apache2/sites-enabled/www.snowsplumbing.net.conf:2)
         port 80 namevhost www3.webbone.org (/etc/apache2/sites-enabled/www3.webbone.org.conf:2)
         port 80 namevhost x.bev-bel.com (/etc/apache2/sites-enabled/x.bev-bel.com.conf:2)
         port 80 namevhost x.disconnect.net (/etc/apache2/sites-enabled/x.disconnect.net.conf:2)
         port 80 namevhost x.fcbnco.com (/etc/apache2/sites-enabled/x.fcbnco.com.conf:2)
         port 80 namevhost x.ians.test (/etc/apache2/sites-enabled/x.ians.test.conf:2)
         port 80 namevhost x.kinyova.com (/etc/apache2/sites-enabled/x.kinyova.com.conf:2)
         port 80 namevhost x.listerarch.com (/etc/apache2/sites-enabled/x.listerarch.com.conf:2)
         port 80 namevhost x.pivenworld.com (/etc/apache2/sites-enabled/x.pivenworld.com.conf:2)
         port 80 namevhost x.tesoritos.com (/etc/apache2/sites-enabled/x.tesoritos.com.conf:2)
         port 80 namevhost xx.bigsquirrel.com (/etc/apache2/sites-enabled/xx.bigsquirrel.com.conf:2)
         port 80 namevhost zizart.com (/etc/apache2/sites-enabled/zizart.com.conf:2)
Syntax OK
