[Tue Jan 01 21:15:29 2019] [warn] NameVirtualHost secure.mail2web.com:443 has no VirtualHosts
VirtualHost configuration:
168.144.247.190:443    is a NameVirtualHost
         default server anthonydestefano.secure.myhosting.net (/etc/apache2/sites-enabled/ssl-anthonydestefano.secure.myhosting.net.conf:2)
         port 443 namevhost anthonydestefano.secure.myhosting.net (/etc/apache2/sites-enabled/ssl-anthonydestefano.secure.myhosting.net.conf:2)
         port 443 namevhost benedictineosbpghorg.secure.myhosting.net (/etc/apache2/sites-enabled/ssl-benedictineosbpghorg.secure.myhosting.net.conf:2)
         port 443 namevhost blogrmmvillacastincom.secure.myhosting.net (/etc/apache2/sites-enabled/ssl-blogrmmvillacastincom.secure.myhosting.net.conf:2)
         port 443 namevhost chaoticsnet.secure.myhosting.net (/etc/apache2/sites-enabled/ssl-chaoticsnet.secure.myhosting.net.conf:2)
         port 443 namevhost chenillebuildercom.secure.myhosting.net (/etc/apache2/sites-enabled/ssl-chenillebuildercom.secure.myhosting.net.conf:2)
         port 443 namevhost directfirstaidsuppliescom.secure.myhosting.net (/etc/apache2/sites-enabled/ssl-directfirstaidsuppliescom.secure.myhosting.net.conf:2)
         port 443 namevhost lebosgroupcom.secure.myhosting.net (/etc/apache2/sites-enabled/ssl-lebosgroupcom.secure.myhosting.net.conf:2)
         port 443 namevhost linuxgoldminebz.secure.myhosting.net (/etc/apache2/sites-enabled/ssl-linuxgoldminebz.secure.myhosting.net.conf:2)
         port 443 namevhost miksnet.secure.myhosting.net (/etc/apache2/sites-enabled/ssl-miksnet.secure.myhosting.net.conf:2)
         port 443 namevhost muellnerorg.secure.myhosting.net (/etc/apache2/sites-enabled/ssl-muellnerorg.secure.myhosting.net.conf:2)
         port 443 namevhost pirepicturescom.secure.myhosting.net (/etc/apache2/sites-enabled/ssl-pirepicturescom.secure.myhosting.net.conf:2)
         port 443 namevhost qwe.secure.myhosting.net (/etc/apache2/sites-enabled/ssl-qwe.secure.myhosting.net.conf:2)
         port 443 namevhost roflgeeknz.secure.myhosting.net (/etc/apache2/sites-enabled/ssl-roflgeeknz.secure.myhosting.net.conf:2)
         port 443 namevhost twistedspirepicturescom.secure.myhosting.net (/etc/apache2/sites-enabled/ssl-twistedspirepicturescom.secure.myhosting.net.conf:2)
wildcard NameVirtualHosts and _default_ servers:
*:443                  is a NameVirtualHost
         default server x2web07.myhosting.com (/etc/apache2/apache2.conf:434)
         port 443 namevhost x2web07.myhosting.com (/etc/apache2/apache2.conf:434)
*:80                   is a NameVirtualHost
         default server x2web07.myhosting.com (/etc/apache2/apache2.conf:423)
         port 80 namevhost x2web07.myhosting.com (/etc/apache2/apache2.conf:423)
         port 80 namevhost external.x2web01.myhosting.com (/etc/apache2/sites-enabled/000-default:1)
         port 80 namevhost 2.troop2nsri.org (/etc/apache2/sites-enabled/2.troop2nsri.org.conf:2)
         port 80 namevhost 500nairastore.com (/etc/apache2/sites-enabled/500nairastore.com.conf:2)
         port 80 namevhost achievers.achievers.co.ke (/etc/apache2/sites-enabled/achievers.achievers.co.ke.conf:2)
         port 80 namevhost acnetreatmentclinic.com (/etc/apache2/sites-enabled/acnetreatmentclinic.com.conf:2)
         port 80 namevhost actin.com (/etc/apache2/sites-enabled/actin.com.conf:2)
         port 80 namevhost affordablekiosks.com (/etc/apache2/sites-enabled/affordablekiosks.com.conf:2)
         port 80 namevhost agape.agapeintlmin.org (/etc/apache2/sites-enabled/agape.agapeintlmin.org.conf:2)
         port 80 namevhost agt.com.sa (/etc/apache2/sites-enabled/agt.com.sa.conf:2)
         port 80 namevhost ahmedelectricalservices.com (/etc/apache2/sites-enabled/ahmedelectricalservices.com.conf:2)
         port 80 namevhost albums.pioneervalleypondclub.com (/etc/apache2/sites-enabled/albums.pioneervalleypondclub.com.conf:2)
         port 80 namevhost allanbesselink.com (/etc/apache2/sites-enabled/allanbesselink.com.conf:2)
         port 80 namevhost andrewefox.com (/etc/apache2/sites-enabled/andrewefox.com.conf:2)
         port 80 namevhost anesco.com.mx (/etc/apache2/sites-enabled/anesco.com.mx.conf:2)
         port 80 namevhost angelmountaingroup.com (/etc/apache2/sites-enabled/angelmountaingroup.com.conf:2)
         port 80 namevhost apps.earnst.net (/etc/apache2/sites-enabled/apps.earnst.net.conf:2)
         port 80 namevhost arescomputer.com (/etc/apache2/sites-enabled/arescomputer.com.conf:2)
         port 80 namevhost ariaslawgroup.com (/etc/apache2/sites-enabled/ariaslawgroup.com.conf:2)
         port 80 namevhost artbymorag.com (/etc/apache2/sites-enabled/artbymorag.com.conf:2)
         port 80 namevhost aykutturanurban.com (/etc/apache2/sites-enabled/aykutturanurban.com.conf:2)
         port 80 namevhost bagiu.com (/etc/apache2/sites-enabled/bagiu.com.conf:2)
         port 80 namevhost bairplustexas.com (/etc/apache2/sites-enabled/bairplustexas.com.conf:2)
         port 80 namevhost baluk.com (/etc/apache2/sites-enabled/baluk.com.conf:2)
         port 80 namevhost barcode.qwe.net (/etc/apache2/sites-enabled/barcode.qwe.net.conf:2)
         port 80 namevhost barriemartialarts.com (/etc/apache2/sites-enabled/barriemartialarts.com.conf:2)
         port 80 namevhost bassist.com (/etc/apache2/sites-enabled/bassist.com.conf:2)
         port 80 namevhost baylight.net (/etc/apache2/sites-enabled/baylight.net.conf:2)
         port 80 namevhost bb.stepfamilyinfo.org (/etc/apache2/sites-enabled/bb.stepfamilyinfo.org.conf:2)
         port 80 namevhost benedictine.osbpgh.org (/etc/apache2/sites-enabled/benedictine.osbpgh.org.conf:2)
         port 80 namevhost beta.dawsonstreetpub.com (/etc/apache2/sites-enabled/beta.dawsonstreetpub.com.conf:2)
         port 80 namevhost beta.nwiht.org (/etc/apache2/sites-enabled/beta.nwiht.org.conf:2)
         port 80 namevhost birkantore.com (/etc/apache2/sites-enabled/birkantore.com.conf:2)
         port 80 namevhost blaqueproductions.com (/etc/apache2/sites-enabled/blaqueproductions.com.conf:2)
         port 80 namevhost blog.custompma.com (/etc/apache2/sites-enabled/blog.custompma.com.conf:2)
         port 80 namevhost blog.eneri.net (/etc/apache2/sites-enabled/blog.eneri.net.conf:2)
         port 80 namevhost blog.expertgps.com (/etc/apache2/sites-enabled/blog.expertgps.com.conf:2)
         port 80 namevhost blog.inrsoul.org (/etc/apache2/sites-enabled/blog.inrsoul.org.conf:2)
         port 80 namevhost blog.openbeta.org (/etc/apache2/sites-enabled/blog.openbeta.org.conf:2)
         port 80 namevhost blog.riket.com (/etc/apache2/sites-enabled/blog.riket.com.conf:2)
         port 80 namevhost blog.rmmvillacastin.com (/etc/apache2/sites-enabled/blog.rmmvillacastin.com.conf:2)
         port 80 namevhost borderentertainment.com (/etc/apache2/sites-enabled/borderentertainment.com.conf:2)
         port 80 namevhost brain.komer-brain-science-institute.com (/etc/apache2/sites-enabled/brain.komer-brain-science-institute.com.conf:2)
         port 80 namevhost bridlebash.org (/etc/apache2/sites-enabled/bridlebash.org.conf:2)
         port 80 namevhost caminoenlinea.com (/etc/apache2/sites-enabled/caminoenlinea.com.conf:2)
         port 80 namevhost carolebloom.com (/etc/apache2/sites-enabled/carolebloom.com.conf:2)
         port 80 namevhost carolinadesignbuild.com (/etc/apache2/sites-enabled/carolinadesignbuild.com.conf:2)
         port 80 namevhost carolspubchicago.com (/etc/apache2/sites-enabled/carolspubchicago.com.conf:2)
         port 80 namevhost cecconisimonenetkin.com (/etc/apache2/sites-enabled/cecconisimonenetkin.com.conf:2)
         port 80 namevhost cell2wound.com (/etc/apache2/sites-enabled/cell2wound.com.conf:2)
         port 80 namevhost chaotics.net (/etc/apache2/sites-enabled/chaotics.net.conf:2)
         port 80 namevhost charlybuss.ca (/etc/apache2/sites-enabled/charlybuss.ca.conf:2)
         port 80 namevhost checkmyspeech.ch (/etc/apache2/sites-enabled/checkmyspeech.ch.conf:2)
         port 80 namevhost chenillebuilder.com (/etc/apache2/sites-enabled/chenillebuilder.com.conf:2)
         port 80 namevhost christianbarnard.ca (/etc/apache2/sites-enabled/christianbarnard.ca.conf:2)
         port 80 namevhost citysave.com (/etc/apache2/sites-enabled/citysave.com.conf:2)
         port 80 namevhost club.throwthings.com (/etc/apache2/sites-enabled/club.throwthings.com.conf:2)
         port 80 namevhost clubbufalo.com (/etc/apache2/sites-enabled/clubbufalo.com.conf:2)
         port 80 namevhost cms.bigfishcharlotte.com (/etc/apache2/sites-enabled/cms.bigfishcharlotte.com.conf:2)
         port 80 namevhost community.nogglestones.com (/etc/apache2/sites-enabled/community.nogglestones.com.conf:2)
         port 80 namevhost completeharmony.com (/etc/apache2/sites-enabled/completeharmony.com.conf:2)
         port 80 namevhost contact.montalier.com (/etc/apache2/sites-enabled/contact.montalier.com.conf:2)
         port 80 namevhost contact.tomkepic.com (/etc/apache2/sites-enabled/contact.tomkepic.com.conf:2)
         port 80 namevhost content.heffalump-preschool.com (/etc/apache2/sites-enabled/content.heffalump-preschool.com.conf:2)
         port 80 namevhost cowell.im (/etc/apache2/sites-enabled/cowell.im.conf:2)
         port 80 namevhost cp.citypilates.eu (/etc/apache2/sites-enabled/cp.citypilates.eu.conf:2)
         port 80 namevhost cp.felineparfums.com (/etc/apache2/sites-enabled/cp.felineparfums.com.conf:2)
         port 80 namevhost cp1.citypilates.eu (/etc/apache2/sites-enabled/cp1.citypilates.eu.conf:2)
         port 80 namevhost criminallawyerkitchener.safalaw.com (/etc/apache2/sites-enabled/criminallawyerkitchener.safalaw.com.conf:2)
         port 80 namevhost csimachinetools.com (/etc/apache2/sites-enabled/csimachinetools.com.conf:2)
         port 80 namevhost csr1.csrautomation.com (/etc/apache2/sites-enabled/csr1.csrautomation.com.conf:2)
         port 80 namevhost dan.waxpatterns.com (/etc/apache2/sites-enabled/dan.waxpatterns.com.conf:2)
         port 80 namevhost darrelldemartino.com (/etc/apache2/sites-enabled/darrelldemartino.com.conf:2)
         port 80 namevhost dbhealthcare.com (/etc/apache2/sites-enabled/dbhealthcare.com.conf:2)
         port 80 namevhost decoenen.nl (/etc/apache2/sites-enabled/decoenen.nl.conf:2)
         port 80 namevhost doctorrockstar.com (/etc/apache2/sites-enabled/doctorrockstar.com.conf:2)
         port 80 namevhost dogagyo.com (/etc/apache2/sites-enabled/dogagyo.com.conf:2)
         port 80 namevhost doormansworld.net (/etc/apache2/sites-enabled/doormansworld.net.conf:2)
         port 80 namevhost drkomer.drkomer.com (/etc/apache2/sites-enabled/drkomer.drkomer.com.conf:2)
         port 80 namevhost drymaster.us (/etc/apache2/sites-enabled/drymaster.us.conf:2)
         port 80 namevhost ds.designsolutionsuk.com (/etc/apache2/sites-enabled/ds.designsolutionsuk.com.conf:2)
         port 80 namevhost dura.com.tr (/etc/apache2/sites-enabled/dura.com.tr.conf:2)
         port 80 namevhost e-insurance.phicojo.com (/etc/apache2/sites-enabled/e-insurance.phicojo.com.conf:2)
         port 80 namevhost eco-carwash.ca (/etc/apache2/sites-enabled/eco-carwash.ca.conf:2)
         port 80 namevhost eefco.com (/etc/apache2/sites-enabled/eefco.com.conf:2)
         port 80 namevhost emdkenya.org (/etc/apache2/sites-enabled/emdkenya.org.conf:2)
         port 80 namevhost emilysbluegrass.com (/etc/apache2/sites-enabled/emilysbluegrass.com.conf:2)
         port 80 namevhost empresa.supertiendalatino.com (/etc/apache2/sites-enabled/empresa.supertiendalatino.com.conf:2)
         port 80 namevhost ensentidofigurado.com (/etc/apache2/sites-enabled/ensentidofigurado.com.conf:2)
         port 80 namevhost erpmrpcrmposopenbravo.m2r.ca (/etc/apache2/sites-enabled/erpmrpcrmposopenbravo.m2r.ca.conf:2)
         port 80 namevhost esupport.acrainternational.com (/etc/apache2/sites-enabled/esupport.acrainternational.com.conf:2)
         port 80 namevhost farmpa.com (/etc/apache2/sites-enabled/farmpa.com.conf:2)
         port 80 namevhost ferhat.ferhatozgur.com (/etc/apache2/sites-enabled/ferhat.ferhatozgur.com.conf:2)
         port 80 namevhost fifthelementgroup.com (/etc/apache2/sites-enabled/fifthelementgroup.com.conf:2)
         port 80 namevhost filmingkenya.com (/etc/apache2/sites-enabled/filmingkenya.com.conf:2)
         port 80 namevhost fmtdry.com (/etc/apache2/sites-enabled/fmtdry.com.conf:2)
         port 80 namevhost foleycoating.com (/etc/apache2/sites-enabled/foleycoating.com.conf:2)
         port 80 namevhost forgeforums.levelforge.com (/etc/apache2/sites-enabled/forgeforums.levelforge.com.conf:2)
         port 80 namevhost formmail.americanpopproductions.com (/etc/apache2/sites-enabled/formmail.americanpopproductions.com.conf:2)
         port 80 namevhost foros.grupoicmexico.com.mx (/etc/apache2/sites-enabled/foros.grupoicmexico.com.mx.conf:2)
         port 80 namevhost forum.altay1914.com (/etc/apache2/sites-enabled/forum.altay1914.com.conf:2)
         port 80 namevhost forum.kenzulmenam.com (/etc/apache2/sites-enabled/forum.kenzulmenam.com.conf:2)
         port 80 namevhost forwarding.ics-eg.net (/etc/apache2/sites-enabled/forwarding.ics-eg.net.conf:2)
         port 80 namevhost fourpercent.ca (/etc/apache2/sites-enabled/fourpercent.ca.conf:2)
         port 80 namevhost fromthefifty.com (/etc/apache2/sites-enabled/fromthefifty.com.conf:2)
         port 80 namevhost fultoncommons.com (/etc/apache2/sites-enabled/fultoncommons.com.conf:2)
         port 80 namevhost further.tv (/etc/apache2/sites-enabled/further.tv.conf:2)
         port 80 namevhost gallery.panicparty.org (/etc/apache2/sites-enabled/gallery.panicparty.org.conf:2)
         port 80 namevhost games.itcspl.com (/etc/apache2/sites-enabled/games.itcspl.com.conf:2)
         port 80 namevhost ghanalisting.com (/etc/apache2/sites-enabled/ghanalisting.com.conf:2)
         port 80 namevhost go.wilcanservices.com (/etc/apache2/sites-enabled/go.wilcanservices.com.conf:2)
         port 80 namevhost golf.grandledgecountryclub.com (/etc/apache2/sites-enabled/golf.grandledgecountryclub.com.conf:2)
         port 80 namevhost grandaffairs.org (/etc/apache2/sites-enabled/grandaffairs.org.conf:2)
         port 80 namevhost greymd.com (/etc/apache2/sites-enabled/greymd.com.conf:2)
         port 80 namevhost gtstr.com (/etc/apache2/sites-enabled/gtstr.com.conf:2)
         port 80 namevhost guitar.my-music-store.com (/etc/apache2/sites-enabled/guitar.my-music-store.com.conf:2)
         port 80 namevhost gulfbreezealpacas.com (/etc/apache2/sites-enabled/gulfbreezealpacas.com.conf:2)
         port 80 namevhost hamlinarchitecture.com (/etc/apache2/sites-enabled/hamlinarchitecture.com.conf:2)
         port 80 namevhost healthcare.pmnipa.com (/etc/apache2/sites-enabled/healthcare.pmnipa.com.conf:2)
         port 80 namevhost home.alshoumoukhegypt.com (/etc/apache2/sites-enabled/home.alshoumoukhegypt.com.conf:2)
         port 80 namevhost home.elameenmedical.com (/etc/apache2/sites-enabled/home.elameenmedical.com.conf:2)
         port 80 namevhost home.l3mfreightsolutions.com (/etc/apache2/sites-enabled/home.l3mfreightsolutions.com.conf:2)
         port 80 namevhost home.markandjaime.com (/etc/apache2/sites-enabled/home.markandjaime.com.conf:2)
         port 80 namevhost home.vodafonemaktabi.com (/etc/apache2/sites-enabled/home.vodafonemaktabi.com.conf:2)
         port 80 namevhost homeporthalifax.com (/etc/apache2/sites-enabled/homeporthalifax.com.conf:2)
         port 80 namevhost hosting.e2e-crm.com (/etc/apache2/sites-enabled/hosting.e2e-crm.com.conf:2)
         port 80 namevhost houseofpomegranates.com (/etc/apache2/sites-enabled/houseofpomegranates.com.conf:2)
         port 80 namevhost housewivesescort.com (/etc/apache2/sites-enabled/housewivesescort.com.conf:2)
         port 80 namevhost humandynamics.ca (/etc/apache2/sites-enabled/humandynamics.ca.conf:2)
         port 80 namevhost icmsasia.com (/etc/apache2/sites-enabled/icmsasia.com.conf:2)
         port 80 namevhost ictboards.com (/etc/apache2/sites-enabled/ictboards.com.conf:2)
         port 80 namevhost imagesplus.net (/etc/apache2/sites-enabled/imagesplus.net.conf:2)
         port 80 namevhost industrialfuelsystemsllc.com (/etc/apache2/sites-enabled/industrialfuelsystemsllc.com.conf:2)
         port 80 namevhost info.charlamov.com (/etc/apache2/sites-enabled/info.charlamov.com.conf:2)
         port 80 namevhost ingenieriaidi.com (/etc/apache2/sites-enabled/ingenieriaidi.com.conf:2)
         port 80 namevhost inglewoodcommunity.myhosting.net (/etc/apache2/sites-enabled/inglewoodcommunity.myhosting.net.conf:2)
         port 80 namevhost intellishare-env.com (/etc/apache2/sites-enabled/intellishare-env.com.conf:2)
         port 80 namevhost interplast-overseas.com (/etc/apache2/sites-enabled/interplast-overseas.com.conf:2)
         port 80 namevhost interras.ca (/etc/apache2/sites-enabled/interras.ca.conf:2)
         port 80 namevhost inventorsquill.com (/etc/apache2/sites-enabled/inventorsquill.com.conf:2)
         port 80 namevhost israelgarber.com (/etc/apache2/sites-enabled/israelgarber.com.conf:2)
         port 80 namevhost italianpedidos.com (/etc/apache2/sites-enabled/italianpedidos.com.conf:2)
         port 80 namevhost jackyoung.us (/etc/apache2/sites-enabled/jackyoung.us.conf:2)
         port 80 namevhost jamaicatease.com (/etc/apache2/sites-enabled/jamaicatease.com.conf:2)
         port 80 namevhost jamisonwildlife.com (/etc/apache2/sites-enabled/jamisonwildlife.com.conf:2)
         port 80 namevhost jeaniehawaii.com (/etc/apache2/sites-enabled/jeaniehawaii.com.conf:2)
         port 80 namevhost jerseysmokes.net (/etc/apache2/sites-enabled/jerseysmokes.net.conf:2)
         port 80 namevhost joemauk.com (/etc/apache2/sites-enabled/joemauk.com.conf:2)
         port 80 namevhost jose.knigmich.com (/etc/apache2/sites-enabled/jose.knigmich.com.conf:2)
         port 80 namevhost jssystems.com (/etc/apache2/sites-enabled/jssystems.com.conf:2)
         port 80 namevhost kalifa.org (/etc/apache2/sites-enabled/kalifa.org.conf:2)
         port 80 namevhost keyifkurdu.com (/etc/apache2/sites-enabled/keyifkurdu.com.conf:2)
         port 80 namevhost kierschke.net (/etc/apache2/sites-enabled/kierschke.net.conf:2)
         port 80 namevhost kinnective.com (/etc/apache2/sites-enabled/kinnective.com.conf:2)
         port 80 namevhost kortasmakina.com (/etc/apache2/sites-enabled/kortasmakina.com.conf:2)
         port 80 namevhost labastideharvey.fr (/etc/apache2/sites-enabled/labastideharvey.fr.conf:2)
         port 80 namevhost lafeproducts.com (/etc/apache2/sites-enabled/lafeproducts.com.conf:2)
         port 80 namevhost lamp.draneer.com (/etc/apache2/sites-enabled/lamp.draneer.com.conf:2)
         port 80 namevhost laureltreat.com (/etc/apache2/sites-enabled/laureltreat.com.conf:2)
         port 80 namevhost lettermanshop.com (/etc/apache2/sites-enabled/lettermanshop.com.conf:2)
         port 80 namevhost lh.tavlianpreschool.org (/etc/apache2/sites-enabled/lh.tavlianpreschool.org.conf:2)
         port 80 namevhost linux.artussoft.com (/etc/apache2/sites-enabled/linux.artussoft.com.conf:2)
         port 80 namevhost linux.atomsmiths.com (/etc/apache2/sites-enabled/linux.atomsmiths.com.conf:2)
         port 80 namevhost linux.caoceweb.com (/etc/apache2/sites-enabled/linux.caoceweb.com.conf:2)
         port 80 namevhost linux.felicious.org (/etc/apache2/sites-enabled/linux.felicious.org.conf:2)
         port 80 namevhost linux.goldmine.bz (/etc/apache2/sites-enabled/linux.goldmine.bz.conf:2)
         port 80 namevhost linux.imedisystem.com (/etc/apache2/sites-enabled/linux.imedisystem.com.conf:2)
         port 80 namevhost linux.medianewday.com (/etc/apache2/sites-enabled/linux.medianewday.com.conf:2)
         port 80 namevhost linux.showmedesign.com (/etc/apache2/sites-enabled/linux.showmedesign.com.conf:2)
         port 80 namevhost linux.walzer.net (/etc/apache2/sites-enabled/linux.walzer.net.conf:2)
         port 80 namevhost lippincottliving.com (/etc/apache2/sites-enabled/lippincottliving.com.conf:2)
         port 80 namevhost lisakellyforum.net (/etc/apache2/sites-enabled/lisakellyforum.net.conf:2)
         port 80 namevhost lnx.amanac.org.mx (/etc/apache2/sites-enabled/lnx.amanac.org.mx.conf:2)
         port 80 namevhost longleatbedandbreakfast.co.uk (/etc/apache2/sites-enabled/longleatbedandbreakfast.co.uk.conf:2)
         port 80 namevhost loodoodle.myhandystyling.com (/etc/apache2/sites-enabled/loodoodle.myhandystyling.com.conf:2)
         port 80 namevhost louisrichardzarowin.com (/etc/apache2/sites-enabled/louisrichardzarowin.com.conf:2)
         port 80 namevhost lucasbernard.com (/etc/apache2/sites-enabled/lucasbernard.com.conf:2)
         port 80 namevhost m.tottoli.ch (/etc/apache2/sites-enabled/m.tottoli.ch.conf:2)
         port 80 namevhost maguaritextile.com (/etc/apache2/sites-enabled/maguaritextile.com.conf:2)
         port 80 namevhost mail.karincadesign.com (/etc/apache2/sites-enabled/mail.karincadesign.com.conf:2)
         port 80 namevhost mailing.msign.at (/etc/apache2/sites-enabled/mailing.msign.at.conf:2)
         port 80 namevhost maimo.pokea.com (/etc/apache2/sites-enabled/maimo.pokea.com.conf:2)
         port 80 namevhost main.exindustries.com (/etc/apache2/sites-enabled/main.exindustries.com.conf:2)
         port 80 namevhost main.scansoftpos.com (/etc/apache2/sites-enabled/main.scansoftpos.com.conf:2)
         port 80 namevhost main.vietnam-ustrade.org (/etc/apache2/sites-enabled/main.vietnam-ustrade.org.conf:2)
         port 80 namevhost mainlandshomeguide.info (/etc/apache2/sites-enabled/mainlandshomeguide.info.conf:2)
         port 80 namevhost maldonado-scenic.com (/etc/apache2/sites-enabled/maldonado-scenic.com.conf:2)
         port 80 namevhost manage.storageonterminal.com (/etc/apache2/sites-enabled/manage.storageonterminal.com.conf:2)
         port 80 namevhost manage.yaletownstorage.com (/etc/apache2/sites-enabled/manage.yaletownstorage.com.conf:2)
         port 80 namevhost maralogroup.com (/etc/apache2/sites-enabled/maralogroup.com.conf:2)
         port 80 namevhost mateisenstein.com (/etc/apache2/sites-enabled/mateisenstein.com.conf:2)
         port 80 namevhost matrixconcrete.com (/etc/apache2/sites-enabled/matrixconcrete.com.conf:2)
         port 80 namevhost maxwelllawfirm.com (/etc/apache2/sites-enabled/maxwelllawfirm.com.conf:2)
         port 80 namevhost media.hourglassgames.com (/etc/apache2/sites-enabled/media.hourglassgames.com.conf:2)
         port 80 namevhost metrostrategy.com (/etc/apache2/sites-enabled/metrostrategy.com.conf:2)
         port 80 namevhost miamirentcars.com (/etc/apache2/sites-enabled/miamirentcars.com.conf:2)
         port 80 namevhost mikikokanno.com (/etc/apache2/sites-enabled/mikikokanno.com.conf:2)
         port 80 namevhost miks.net (/etc/apache2/sites-enabled/miks.net.conf:2)
         port 80 namevhost moodswirl.com (/etc/apache2/sites-enabled/moodswirl.com.conf:2)
         port 80 namevhost mountainlaurel.org (/etc/apache2/sites-enabled/mountainlaurel.org.conf:2)
         port 80 namevhost mp3ukradio.com (/etc/apache2/sites-enabled/mp3ukradio.com.conf:2)
         port 80 namevhost mrtrumpo.com (/etc/apache2/sites-enabled/mrtrumpo.com.conf:2)
         port 80 namevhost muellner.org (/etc/apache2/sites-enabled/muellner.org.conf:2)
         port 80 namevhost mytrifiberlan.com (/etc/apache2/sites-enabled/mytrifiberlan.com.conf:2)
         port 80 namevhost nc.bicycleworldnc.com (/etc/apache2/sites-enabled/nc.bicycleworldnc.com.conf:2)
         port 80 namevhost new.hotelniles.com (/etc/apache2/sites-enabled/new.hotelniles.com.conf:2)
         port 80 namevhost new.wamu-investments.com (/etc/apache2/sites-enabled/new.wamu-investments.com.conf:2)
         port 80 namevhost newhopebiz.com (/etc/apache2/sites-enabled/newhopebiz.com.conf:2)
         port 80 namevhost nix.bulgariandepot.com (/etc/apache2/sites-enabled/nix.bulgariandepot.com.conf:2)
         port 80 namevhost northcreekbible.com (/etc/apache2/sites-enabled/northcreekbible.com.conf:2)
         port 80 namevhost northern-europe-inc.com (/etc/apache2/sites-enabled/northern-europe-inc.com.conf:2)
         port 80 namevhost office.appeal-law.ca (/etc/apache2/sites-enabled/office.appeal-law.ca.conf:2)
         port 80 namevhost olabisilab.com (/etc/apache2/sites-enabled/olabisilab.com.conf:2)
         port 80 namevhost online.mcicgroup.com (/etc/apache2/sites-enabled/online.mcicgroup.com.conf:2)
         port 80 namevhost opa-opa.com (/etc/apache2/sites-enabled/opa-opa.com.conf:2)
         port 80 namevhost owespirit.com (/etc/apache2/sites-enabled/owespirit.com.conf:2)
         port 80 namevhost oxfordconstruction.ca (/etc/apache2/sites-enabled/oxfordconstruction.ca.conf:2)
         port 80 namevhost p2updates.com (/etc/apache2/sites-enabled/p2updates.com.conf:2)
         port 80 namevhost pacificplaceseniorliving.com (/etc/apache2/sites-enabled/pacificplaceseniorliving.com.conf:2)
         port 80 namevhost pegastars.com (/etc/apache2/sites-enabled/pegastars.com.conf:2)
         port 80 namevhost perge-tarim.com (/etc/apache2/sites-enabled/perge-tarim.com.conf:2)
         port 80 namevhost pharm-ace.com (/etc/apache2/sites-enabled/pharm-ace.com.conf:2)
         port 80 namevhost photoderek.com (/etc/apache2/sites-enabled/photoderek.com.conf:2)
         port 80 namevhost photographe.xaviergranet.com (/etc/apache2/sites-enabled/photographe.xaviergranet.com.conf:2)
         port 80 namevhost php.neptunemx.com (/etc/apache2/sites-enabled/php.neptunemx.com.conf:2)
         port 80 namevhost php.tourismchina-ca.com (/etc/apache2/sites-enabled/php.tourismchina-ca.com.conf:2)
         port 80 namevhost pinyonpinesastronomy.com (/etc/apache2/sites-enabled/pinyonpinesastronomy.com.conf:2)
         port 80 namevhost platinumpc.ca (/etc/apache2/sites-enabled/platinumpc.ca.conf:2)
         port 80 namevhost portablepetabyte.com (/etc/apache2/sites-enabled/portablepetabyte.com.conf:2)
         port 80 namevhost portfolio.ericmackey.com (/etc/apache2/sites-enabled/portfolio.ericmackey.com.conf:2)
         port 80 namevhost pq.patriaquerida.org (/etc/apache2/sites-enabled/pq.patriaquerida.org.conf:2)
         port 80 namevhost products.acurusav.com (/etc/apache2/sites-enabled/products.acurusav.com.conf:2)
         port 80 namevhost pumasseattle.us (/etc/apache2/sites-enabled/pumasseattle.us.conf:2)
         port 80 namevhost pumpenhaus.net (/etc/apache2/sites-enabled/pumpenhaus.net.conf:2)
         port 80 namevhost pumpresources.com (/etc/apache2/sites-enabled/pumpresources.com.conf:2)
         port 80 namevhost pupsplus.com (/etc/apache2/sites-enabled/pupsplus.com.conf:2)
         port 80 namevhost purecert.com (/etc/apache2/sites-enabled/purecert.com.conf:2)
         port 80 namevhost quality-ink.com (/etc/apache2/sites-enabled/quality-ink.com.conf:2)
         port 80 namevhost rackrollers.com (/etc/apache2/sites-enabled/rackrollers.com.conf:2)
         port 80 namevhost realism.rosswatson.com (/etc/apache2/sites-enabled/realism.rosswatson.com.conf:2)
         port 80 namevhost regionalworks.ca (/etc/apache2/sites-enabled/regionalworks.ca.conf:2)
         port 80 namevhost rfealarms.com (/etc/apache2/sites-enabled/rfealarms.com.conf:2)
         port 80 namevhost rickburda.com (/etc/apache2/sites-enabled/rickburda.com.conf:2)
         port 80 namevhost rndkarting.com (/etc/apache2/sites-enabled/rndkarting.com.conf:2)
         port 80 namevhost rockcorneril.com (/etc/apache2/sites-enabled/rockcorneril.com.conf:2)
         port 80 namevhost rockstarears.com (/etc/apache2/sites-enabled/rockstarears.com.conf:2)
         port 80 namevhost rockvegasgaming.com (/etc/apache2/sites-enabled/rockvegasgaming.com.conf:2)
         port 80 namevhost rockvegasil.com (/etc/apache2/sites-enabled/rockvegasil.com.conf:2)
         port 80 namevhost rockvegasslots.com (/etc/apache2/sites-enabled/rockvegasslots.com.conf:2)
         port 80 namevhost rofl.geek.nz (/etc/apache2/sites-enabled/rofl.geek.nz.conf:2)
         port 80 namevhost rogerssc.com (/etc/apache2/sites-enabled/rogerssc.com.conf:2)
         port 80 namevhost rogeryepsen.com (/etc/apache2/sites-enabled/rogeryepsen.com.conf:2)
         port 80 namevhost roocksport.com (/etc/apache2/sites-enabled/roocksport.com.conf:2)
         port 80 namevhost roockusa.com (/etc/apache2/sites-enabled/roockusa.com.conf:2)
         port 80 namevhost rowenlawoffice.com (/etc/apache2/sites-enabled/rowenlawoffice.com.conf:2)
         port 80 namevhost ryanhill.ca (/etc/apache2/sites-enabled/ryanhill.ca.conf:2)
         port 80 namevhost rzdmpa.com (/etc/apache2/sites-enabled/rzdmpa.com.conf:2)
         port 80 namevhost s3groupinc.com (/etc/apache2/sites-enabled/s3groupinc.com.conf:2)
         port 80 namevhost safeguard.langleykarate.com (/etc/apache2/sites-enabled/safeguard.langleykarate.com.conf:2)
         port 80 namevhost sarasotasistercities.org (/etc/apache2/sites-enabled/sarasotasistercities.org.conf:2)
         port 80 namevhost sartes.sartes.com (/etc/apache2/sites-enabled/sartes.sartes.com.conf:2)
         port 80 namevhost sbr-network.com (/etc/apache2/sites-enabled/sbr-network.com.conf:2)
         port 80 namevhost schoharievalleyvet.com (/etc/apache2/sites-enabled/schoharievalleyvet.com.conf:2)
         port 80 namevhost scopeadv.com (/etc/apache2/sites-enabled/scopeadv.com.conf:2)
         port 80 namevhost seanavelectronics.com (/etc/apache2/sites-enabled/seanavelectronics.com.conf:2)
         port 80 namevhost seanfeeney.ca (/etc/apache2/sites-enabled/seanfeeney.ca.conf:2)
         port 80 namevhost secor1.com (/etc/apache2/sites-enabled/secor1.com.conf:2)
         port 80 namevhost sempermanagement.com (/etc/apache2/sites-enabled/sempermanagement.com.conf:2)
         port 80 namevhost seriousfitness.com (/etc/apache2/sites-enabled/seriousfitness.com.conf:2)
         port 80 namevhost shapiroweinberg.com (/etc/apache2/sites-enabled/shapiroweinberg.com.conf:2)
         port 80 namevhost sharepointcatalog.com (/etc/apache2/sites-enabled/sharepointcatalog.com.conf:2)
         port 80 namevhost sherryandron.com (/etc/apache2/sites-enabled/sherryandron.com.conf:2)
         port 80 namevhost shop.directfirstaidsupplies.com (/etc/apache2/sites-enabled/shop.directfirstaidsupplies.com.conf:2)
         port 80 namevhost shop.mcdurham.com (/etc/apache2/sites-enabled/shop.mcdurham.com.conf:2)
         port 80 namevhost shop.smartmumturkey.com (/etc/apache2/sites-enabled/shop.smartmumturkey.com.conf:2)
         port 80 namevhost shuhari.ca (/etc/apache2/sites-enabled/shuhari.ca.conf:2)
         port 80 namevhost sigepmdz.org (/etc/apache2/sites-enabled/sigepmdz.org.conf:2)
         port 80 namevhost site.atlantabasedsystems.com (/etc/apache2/sites-enabled/site.atlantabasedsystems.com.conf:2)
         port 80 namevhost smockedclothingco.com (/etc/apache2/sites-enabled/smockedclothingco.com.conf:2)
         port 80 namevhost snoopdujour.com (/etc/apache2/sites-enabled/snoopdujour.com.conf:2)
         port 80 namevhost solanosymphony.org (/etc/apache2/sites-enabled/solanosymphony.org.conf:2)
         port 80 namevhost soulandjazzandfunk.com (/etc/apache2/sites-enabled/soulandjazzandfunk.com.conf:2)
         port 80 namevhost southafrica.heavenlytours.com (/etc/apache2/sites-enabled/southafrica.heavenlytours.com.conf:2)
         port 80 namevhost steturkey.com (/etc/apache2/sites-enabled/steturkey.com.conf:2)
         port 80 namevhost stillpointbodywork.com (/etc/apache2/sites-enabled/stillpointbodywork.com.conf:2)
         port 80 namevhost stock.kotonteks.com.tr (/etc/apache2/sites-enabled/stock.kotonteks.com.tr.conf:2)
         port 80 namevhost stonehengebnb.co.uk (/etc/apache2/sites-enabled/stonehengebnb.co.uk.conf:2)
         port 80 namevhost store.allaboutspas.net (/etc/apache2/sites-enabled/store.allaboutspas.net.conf:2)
         port 80 namevhost store.lifemadeeasy.org (/etc/apache2/sites-enabled/store.lifemadeeasy.org.conf:2)
         port 80 namevhost store.mavis.com.sg (/etc/apache2/sites-enabled/store.mavis.com.sg.conf:2)
         port 80 namevhost summer-haven.com (/etc/apache2/sites-enabled/summer-haven.com.conf:2)
         port 80 namevhost summerbbqinvitational.com (/etc/apache2/sites-enabled/summerbbqinvitational.com.conf:2)
         port 80 namevhost support.accord-soft.com (/etc/apache2/sites-enabled/support.accord-soft.com.conf:2)
         port 80 namevhost surveys.ourreportcard.com (/etc/apache2/sites-enabled/surveys.ourreportcard.com.conf:2)
         port 80 namevhost svetlanaschreiber.com (/etc/apache2/sites-enabled/svetlanaschreiber.com.conf:2)
         port 80 namevhost symtecenlinea.com (/etc/apache2/sites-enabled/symtecenlinea.com.conf:2)
         port 80 namevhost task-9.org (/etc/apache2/sites-enabled/task-9.org.conf:2)
         port 80 namevhost teachmusic.samsf.org (/etc/apache2/sites-enabled/teachmusic.samsf.org.conf:2)
         port 80 namevhost tekno-international.com (/etc/apache2/sites-enabled/tekno-international.com.conf:2)
         port 80 namevhost temp.totdallas.com (/etc/apache2/sites-enabled/temp.totdallas.com.conf:2)
         port 80 namevhost test.deltamarine.com.tr (/etc/apache2/sites-enabled/test.deltamarine.com.tr.conf:2)
         port 80 namevhost test.okezielaw.com (/etc/apache2/sites-enabled/test.okezielaw.com.conf:2)
         port 80 namevhost thecatphotographer.com (/etc/apache2/sites-enabled/thecatphotographer.com.conf:2)
         port 80 namevhost therealhomeschool.com (/etc/apache2/sites-enabled/therealhomeschool.com.conf:2)
         port 80 namevhost therockretreat.com (/etc/apache2/sites-enabled/therockretreat.com.conf:2)
         port 80 namevhost theshopsatoldorchard.com (/etc/apache2/sites-enabled/theshopsatoldorchard.com.conf:2)
         port 80 namevhost thesweetband.com (/etc/apache2/sites-enabled/thesweetband.com.conf:2)
         port 80 namevhost thewelchgroup.org (/etc/apache2/sites-enabled/thewelchgroup.org.conf:2)
         port 80 namevhost tjff.com (/etc/apache2/sites-enabled/tjff.com.conf:2)
         port 80 namevhost todojama.com (/etc/apache2/sites-enabled/todojama.com.conf:2)
         port 80 namevhost tools.co.cr (/etc/apache2/sites-enabled/tools.co.cr.conf:2)
         port 80 namevhost transcleanwhey.com (/etc/apache2/sites-enabled/transcleanwhey.com.conf:2)
         port 80 namevhost trevorwye.com (/etc/apache2/sites-enabled/trevorwye.com.conf:2)
         port 80 namevhost twistedspirepictures.com (/etc/apache2/sites-enabled/twistedspirepictures.com.conf:2)
         port 80 namevhost ugi.unitedgain.com (/etc/apache2/sites-enabled/ugi.unitedgain.com.conf:2)
         port 80 namevhost unitedtraderspk.com (/etc/apache2/sites-enabled/unitedtraderspk.com.conf:2)
         port 80 namevhost unix.eurocuptickets.eu (/etc/apache2/sites-enabled/unix.eurocuptickets.eu.conf:2)
         port 80 namevhost urcs.ca (/etc/apache2/sites-enabled/urcs.ca.conf:2)
         port 80 namevhost us.optimuminfosolutions.com (/etc/apache2/sites-enabled/us.optimuminfosolutions.com.conf:2)
         port 80 namevhost usa.nationaldefensefoundation.org (/etc/apache2/sites-enabled/usa.nationaldefensefoundation.org.conf:2)
         port 80 namevhost uxtransform.com (/etc/apache2/sites-enabled/uxtransform.com.conf:2)
         port 80 namevhost viplounge.fitundfun.ch (/etc/apache2/sites-enabled/viplounge.fitundfun.ch.conf:2)
         port 80 namevhost vmag.cc (/etc/apache2/sites-enabled/vmag.cc.conf:2)
         port 80 namevhost wbha.us.com (/etc/apache2/sites-enabled/wbha.us.com.conf:2)
         port 80 namevhost web.apical.ca (/etc/apache2/sites-enabled/web.apical.ca.conf:2)
         port 80 namevhost web.aprosistema.com (/etc/apache2/sites-enabled/web.aprosistema.com.conf:2)
         port 80 namevhost web.desertaura.com (/etc/apache2/sites-enabled/web.desertaura.com.conf:2)
         port 80 namevhost web.doodesign.com (/etc/apache2/sites-enabled/web.doodesign.com.conf:2)
         port 80 namevhost web.lebosgroup.com (/etc/apache2/sites-enabled/web.lebosgroup.com.conf:2)
         port 80 namevhost web.shulamit.info (/etc/apache2/sites-enabled/web.shulamit.info.conf:2)
         port 80 namevhost website.livermorevalleycameraclub.com (/etc/apache2/sites-enabled/website.livermorevalleycameraclub.com.conf:2)
         port 80 namevhost welcometotheneighborhood.us (/etc/apache2/sites-enabled/welcometotheneighborhood.us.conf:2)
         port 80 namevhost weyhillest.com (/etc/apache2/sites-enabled/weyhillest.com.conf:2)
         port 80 namevhost whatsnew.whitneyconsulting.net (/etc/apache2/sites-enabled/whatsnew.whitneyconsulting.net.conf:2)
         port 80 namevhost wholelifehabits.com (/etc/apache2/sites-enabled/wholelifehabits.com.conf:2)
         port 80 namevhost wilhelmfx.com (/etc/apache2/sites-enabled/wilhelmfx.com.conf:2)
         port 80 namevhost winnetsystems.co.uk (/etc/apache2/sites-enabled/winnetsystems.co.uk.conf:2)
         port 80 namevhost womanofpurpose.org (/etc/apache2/sites-enabled/womanofpurpose.org.conf:2)
         port 80 namevhost wordpress.art-support.com (/etc/apache2/sites-enabled/wordpress.art-support.com.conf:2)
         port 80 namevhost wordpress.petroshairdesign.com (/etc/apache2/sites-enabled/wordpress.petroshairdesign.com.conf:2)
         port 80 namevhost wp.daisylee.com (/etc/apache2/sites-enabled/wp.daisylee.com.conf:2)
         port 80 namevhost wp.treatiseonthecourt.com (/etc/apache2/sites-enabled/wp.treatiseonthecourt.com.conf:2)
         port 80 namevhost wpsite.randrphone.com (/etc/apache2/sites-enabled/wpsite.randrphone.com.conf:2)
         port 80 namevhost ww2.jcqservices.com (/etc/apache2/sites-enabled/ww2.jcqservices.com.conf:2)
         port 80 namevhost www.anthonydestefano.com (/etc/apache2/sites-enabled/www.anthonydestefano.com.conf:2)
         port 80 namevhost www.dantelltd.com (/etc/apache2/sites-enabled/www.dantelltd.com.conf:2)
         port 80 namevhost www.flightshop-ph.com (/etc/apache2/sites-enabled/www.flightshop-ph.com.conf:2)
         port 80 namevhost www.hardfer.com (/etc/apache2/sites-enabled/www.hardfer.com.conf:2)
         port 80 namevhost www.profeks.net (/etc/apache2/sites-enabled/www.profeks.net.conf:2)
         port 80 namevhost www2.kayi.com.tr (/etc/apache2/sites-enabled/www2.kayi.com.tr.conf:2)
         port 80 namevhost www2.pea.org (/etc/apache2/sites-enabled/www2.pea.org.conf:2)
         port 80 namevhost www2.swml.com (/etc/apache2/sites-enabled/www2.swml.com.conf:2)
         port 80 namevhost x.1800medicine.com (/etc/apache2/sites-enabled/x.1800medicine.com.conf:2)
         port 80 namevhost x.cookerybook.com (/etc/apache2/sites-enabled/x.cookerybook.com.conf:2)
         port 80 namevhost x.globalcrsolutions.com (/etc/apache2/sites-enabled/x.globalcrsolutions.com.conf:2)
         port 80 namevhost x.hendrik-di.com (/etc/apache2/sites-enabled/x.hendrik-di.com.conf:2)
         port 80 namevhost x.hookspage.com (/etc/apache2/sites-enabled/x.hookspage.com.conf:2)
         port 80 namevhost x.ians.test (/etc/apache2/sites-enabled/x.ians.test.conf:2)
         port 80 namevhost x.jkade.net (/etc/apache2/sites-enabled/x.jkade.net.conf:2)
         port 80 namevhost x.penche.com (/etc/apache2/sites-enabled/x.penche.com.conf:2)
         port 80 namevhost x.phoenixnet.com.sg (/etc/apache2/sites-enabled/x.phoenixnet.com.sg.conf:2)
         port 80 namevhost x.profit-consulting.com (/etc/apache2/sites-enabled/x.profit-consulting.com.conf:2)
         port 80 namevhost x.redprof.com (/etc/apache2/sites-enabled/x.redprof.com.conf:2)
         port 80 namevhost x.soulsonic.com (/etc/apache2/sites-enabled/x.soulsonic.com.conf:2)
         port 80 namevhost x.techninja.info (/etc/apache2/sites-enabled/x.techninja.info.conf:2)
         port 80 namevhost x.tpau.com (/etc/apache2/sites-enabled/x.tpau.com.conf:2)
         port 80 namevhost x.traiger.net (/etc/apache2/sites-enabled/x.traiger.net.conf:2)
         port 80 namevhost xxxbijverdienen.nl (/etc/apache2/sites-enabled/xxxbijverdienen.nl.conf:2)
         port 80 namevhost yardie.net (/etc/apache2/sites-enabled/yardie.net.conf:2)
         port 80 namevhost yogginy.com (/etc/apache2/sites-enabled/yogginy.com.conf:2)
         port 80 namevhost yungblut.ca (/etc/apache2/sites-enabled/yungblut.ca.conf:2)
Syntax OK
