[Tue Jan 01 21:15:40 2019] [warn] NameVirtualHost secure.mail2web.com:443 has no VirtualHosts
VirtualHost configuration:
168.144.247.126:443    is a NameVirtualHost
         default server buywhiteoakcontrols.secure.myhosting.net (/etc/apache2/sites-enabled/ssl-buywhiteoakcontrols.secure.myhosting.net.conf:2)
         port 443 namevhost buywhiteoakcontrols.secure.myhosting.net (/etc/apache2/sites-enabled/ssl-buywhiteoakcontrols.secure.myhosting.net.conf:2)
         port 443 namevhost cutejunctioncom.secure.myhosting.net (/etc/apache2/sites-enabled/ssl-cutejunctioncom.secure.myhosting.net.conf:2)
         port 443 namevhost ebruli.secure.myhosting.net (/etc/apache2/sites-enabled/ssl-ebruli.secure.myhosting.net.conf:2)
         port 443 namevhost knxinfometcomtr.secure.myhosting.net (/etc/apache2/sites-enabled/ssl-knxinfometcomtr.secure.myhosting.net.conf:2)
         port 443 namevhost linuxmakadozecom.secure.myhosting.net (/etc/apache2/sites-enabled/ssl-linuxmakadozecom.secure.myhosting.net.conf:2)
         port 443 namevhost linuxproformancenet.secure.myhosting.net (/etc/apache2/sites-enabled/ssl-linuxproformancenet.secure.myhosting.net.conf:2)
         port 443 namevhost lizbarnesnet.secure.myhosting.net (/etc/apache2/sites-enabled/ssl-lizbarnesnet.secure.myhosting.net.conf:2)
         port 443 namevhost nagrosoftmediacom.secure.myhosting.net (/etc/apache2/sites-enabled/ssl-nagrosoftmediacom.secure.myhosting.net.conf:2)
         port 443 namevhost paragon4consultingcom.secure.myhosting.net (/etc/apache2/sites-enabled/ssl-paragon4consultingcom.secure.myhosting.net.conf:2)
         port 443 namevhost scribblers.secure.myhosting.net (/etc/apache2/sites-enabled/ssl-scribblers.secure.myhosting.net.conf:2)
         port 443 namevhost shopkanawinerycom.secure.myhosting.net (/etc/apache2/sites-enabled/ssl-shopkanawinerycom.secure.myhosting.net.conf:2)
         port 443 namevhost shoppingmastergunpartscom.secure.myhosting.net (/etc/apache2/sites-enabled/ssl-shoppingmastergunpartscom.secure.myhosting.net.conf:2)
         port 443 namevhost storeballhockeyinternationalcom.secure.myhosting.net (/etc/apache2/sites-enabled/ssl-storeballhockeyinternationalcom.secure.myhosting.net.conf:2)
         port 443 namevhost ttcancorg.secure.myhosting.net (/etc/apache2/sites-enabled/ssl-ttcancorg.secure.myhosting.net.conf:2)
         port 443 namevhost xkccommunicationscom.secure.myhosting.net (/etc/apache2/sites-enabled/ssl-xkccommunicationscom.secure.myhosting.net.conf:2)
wildcard NameVirtualHosts and _default_ servers:
*:443                  is a NameVirtualHost
         default server x2web09.myhosting.com (/etc/apache2/apache2.conf:434)
         port 443 namevhost x2web09.myhosting.com (/etc/apache2/apache2.conf:434)
*:80                   is a NameVirtualHost
         default server x2web09.myhosting.com (/etc/apache2/apache2.conf:423)
         port 80 namevhost x2web09.myhosting.com (/etc/apache2/apache2.conf:423)
         port 80 namevhost external.x2web01.myhosting.com (/etc/apache2/sites-enabled/000-default:1)
         port 80 namevhost 2015.spinalsolutions.ca (/etc/apache2/sites-enabled/2015.spinalsolutions.ca.conf:2)
         port 80 namevhost 420fremont.com (/etc/apache2/sites-enabled/420fremont.com.conf:2)
         port 80 namevhost Orchtech.ve.account-demo.com (/etc/apache2/sites-enabled/Orchtech.ve.account-demo.com.conf:2)
         port 80 namevhost abbottair.com (/etc/apache2/sites-enabled/abbottair.com.conf:2)
         port 80 namevhost activatedbyrobots.com (/etc/apache2/sites-enabled/activatedbyrobots.com.conf:2)
         port 80 namevhost admin.ariasis.com (/etc/apache2/sites-enabled/admin.ariasis.com.conf:2)
         port 80 namevhost advantage-filters.com (/etc/apache2/sites-enabled/advantage-filters.com.conf:2)
         port 80 namevhost adventure.highonthai.com (/etc/apache2/sites-enabled/adventure.highonthai.com.conf:2)
         port 80 namevhost aetherengg.com (/etc/apache2/sites-enabled/aetherengg.com.conf:2)
         port 80 namevhost ahcevents.com (/etc/apache2/sites-enabled/ahcevents.com.conf:2)
         port 80 namevhost airofistanbul.com (/etc/apache2/sites-enabled/airofistanbul.com.conf:2)
         port 80 namevhost albionsystems.com (/etc/apache2/sites-enabled/albionsystems.com.conf:2)
         port 80 namevhost albums.stahl9.com (/etc/apache2/sites-enabled/albums.stahl9.com.conf:2)
         port 80 namevhost alpinewater.ca (/etc/apache2/sites-enabled/alpinewater.ca.conf:2)
         port 80 namevhost alshanifi.com.sa (/etc/apache2/sites-enabled/alshanifi.com.sa.conf:2)
         port 80 namevhost alt.maroos.net (/etc/apache2/sites-enabled/alt.maroos.net.conf:2)
         port 80 namevhost amarawilley.com (/etc/apache2/sites-enabled/amarawilley.com.conf:2)
         port 80 namevhost amdconsulting.com.sa (/etc/apache2/sites-enabled/amdconsulting.com.sa.conf:2)
         port 80 namevhost amtliquidfilling.com (/etc/apache2/sites-enabled/amtliquidfilling.com.conf:2)
         port 80 namevhost amulla.com (/etc/apache2/sites-enabled/amulla.com.conf:2)
         port 80 namevhost apolloemergencyservices.com (/etc/apache2/sites-enabled/apolloemergencyservices.com.conf:2)
         port 80 namevhost aprilwayland.com (/etc/apache2/sites-enabled/aprilwayland.com.conf:2)
         port 80 namevhost ardronled.com (/etc/apache2/sites-enabled/ardronled.com.conf:2)
         port 80 namevhost arees.com.mx (/etc/apache2/sites-enabled/arees.com.mx.conf:2)
         port 80 namevhost asadi.slshipping.net (/etc/apache2/sites-enabled/asadi.slshipping.net.conf:2)
         port 80 namevhost atest.handcoveresort.com (/etc/apache2/sites-enabled/atest.handcoveresort.com.conf:2)
         port 80 namevhost aximtechservices.com (/etc/apache2/sites-enabled/aximtechservices.com.conf:2)
         port 80 namevhost ayhanakgun.com (/etc/apache2/sites-enabled/ayhanakgun.com.conf:2)
         port 80 namevhost bailey.bobsystems.com (/etc/apache2/sites-enabled/bailey.bobsystems.com.conf:2)
         port 80 namevhost bandbawards.ca (/etc/apache2/sites-enabled/bandbawards.ca.conf:2)
         port 80 namevhost bartools.realmix.co.uk (/etc/apache2/sites-enabled/bartools.realmix.co.uk.conf:2)
         port 80 namevhost basiamille.net (/etc/apache2/sites-enabled/basiamille.net.conf:2)
         port 80 namevhost becequipment.com (/etc/apache2/sites-enabled/becequipment.com.conf:2)
         port 80 namevhost bestinfar.com (/etc/apache2/sites-enabled/bestinfar.com.conf:2)
         port 80 namevhost beyondthebulletbook.com (/etc/apache2/sites-enabled/beyondthebulletbook.com.conf:2)
         port 80 namevhost bieneman.com (/etc/apache2/sites-enabled/bieneman.com.conf:2)
         port 80 namevhost bigeasyconfections.com (/etc/apache2/sites-enabled/bigeasyconfections.com.conf:2)
         port 80 namevhost biobender.com (/etc/apache2/sites-enabled/biobender.com.conf:2)
         port 80 namevhost blog.cedarspringinn.com (/etc/apache2/sites-enabled/blog.cedarspringinn.com.conf:2)
         port 80 namevhost blog.fmgrp.com (/etc/apache2/sites-enabled/blog.fmgrp.com.conf:2)
         port 80 namevhost blog.logicmills.com (/etc/apache2/sites-enabled/blog.logicmills.com.conf:2)
         port 80 namevhost blog.meyvecicek.com (/etc/apache2/sites-enabled/blog.meyvecicek.com.conf:2)
         port 80 namevhost blog.michikodesign.com (/etc/apache2/sites-enabled/blog.michikodesign.com.conf:2)
         port 80 namevhost blog.nadalin.com (/etc/apache2/sites-enabled/blog.nadalin.com.conf:2)
         port 80 namevhost blog.rapidanwma.org (/etc/apache2/sites-enabled/blog.rapidanwma.org.conf:2)
         port 80 namevhost blog.rbmorris.com (/etc/apache2/sites-enabled/blog.rbmorris.com.conf:2)
         port 80 namevhost blog.tbwamarkcom.com (/etc/apache2/sites-enabled/blog.tbwamarkcom.com.conf:2)
         port 80 namevhost blog.wedell.dk (/etc/apache2/sites-enabled/blog.wedell.dk.conf:2)
         port 80 namevhost blogcharlie.kopera.net (/etc/apache2/sites-enabled/blogcharlie.kopera.net.conf:2)
         port 80 namevhost blogs.sbrcc.org (/etc/apache2/sites-enabled/blogs.sbrcc.org.conf:2)
         port 80 namevhost blogspot.theinvisiblechurch.ca (/etc/apache2/sites-enabled/blogspot.theinvisiblechurch.ca.conf:2)
         port 80 namevhost blueridgevoyageurs.org (/etc/apache2/sites-enabled/blueridgevoyageurs.org.conf:2)
         port 80 namevhost bluestonebrazil.com (/etc/apache2/sites-enabled/bluestonebrazil.com.conf:2)
         port 80 namevhost bobandcheryllawrence.com (/etc/apache2/sites-enabled/bobandcheryllawrence.com.conf:2)
         port 80 namevhost bourassacatering.com (/etc/apache2/sites-enabled/bourassacatering.com.conf:2)
         port 80 namevhost brixluxe.com (/etc/apache2/sites-enabled/brixluxe.com.conf:2)
         port 80 namevhost brockwayfourth.com (/etc/apache2/sites-enabled/brockwayfourth.com.conf:2)
         port 80 namevhost brynmawrortholab.com (/etc/apache2/sites-enabled/brynmawrortholab.com.conf:2)
         port 80 namevhost bubba.hub.jerwilbury.com (/etc/apache2/sites-enabled/bubba.hub.jerwilbury.com.conf:2)
         port 80 namevhost bungard-fryer.com (/etc/apache2/sites-enabled/bungard-fryer.com.conf:2)
         port 80 namevhost burakcandan.com (/etc/apache2/sites-enabled/burakcandan.com.conf:2)
         port 80 namevhost bursayelken.org (/etc/apache2/sites-enabled/bursayelken.org.conf:2)
         port 80 namevhost buy.whiteoakcontrols.com (/etc/apache2/sites-enabled/buy.whiteoakcontrols.com.conf:2)
         port 80 namevhost cadiz.ca (/etc/apache2/sites-enabled/cadiz.ca.conf:2)
         port 80 namevhost cakesbykoeppens.com (/etc/apache2/sites-enabled/cakesbykoeppens.com.conf:2)
         port 80 namevhost cals.colemansurveying.com (/etc/apache2/sites-enabled/cals.colemansurveying.com.conf:2)
         port 80 namevhost canadawnglobal.com (/etc/apache2/sites-enabled/canadawnglobal.com.conf:2)
         port 80 namevhost casablancainfra.com (/etc/apache2/sites-enabled/casablancainfra.com.conf:2)
         port 80 namevhost cascadecurling.com (/etc/apache2/sites-enabled/cascadecurling.com.conf:2)
         port 80 namevhost ccmangosauce.com (/etc/apache2/sites-enabled/ccmangosauce.com.conf:2)
         port 80 namevhost cdevinedesign.com (/etc/apache2/sites-enabled/cdevinedesign.com.conf:2)
         port 80 namevhost chiquito.org (/etc/apache2/sites-enabled/chiquito.org.conf:2)
         port 80 namevhost chiropracticon.ca (/etc/apache2/sites-enabled/chiropracticon.ca.conf:2)
         port 80 namevhost chrisheffner.com (/etc/apache2/sites-enabled/chrisheffner.com.conf:2)
         port 80 namevhost ciaysr.com (/etc/apache2/sites-enabled/ciaysr.com.conf:2)
         port 80 namevhost cloisall.com (/etc/apache2/sites-enabled/cloisall.com.conf:2)
         port 80 namevhost cloisallapps.com (/etc/apache2/sites-enabled/cloisallapps.com.conf:2)
         port 80 namevhost cmalakelandyouth.org (/etc/apache2/sites-enabled/cmalakelandyouth.org.conf:2)
         port 80 namevhost coach.canadian-executive-coaching.com (/etc/apache2/sites-enabled/coach.canadian-executive-coaching.com.conf:2)
         port 80 namevhost codiak.com (/etc/apache2/sites-enabled/codiak.com.conf:2)
         port 80 namevhost coloradospringscreche.org (/etc/apache2/sites-enabled/coloradospringscreche.org.conf:2)
         port 80 namevhost creativechronicles.ca (/etc/apache2/sites-enabled/creativechronicles.ca.conf:2)
         port 80 namevhost crevice.ca (/etc/apache2/sites-enabled/crevice.ca.conf:2)
         port 80 namevhost cutejunction.com (/etc/apache2/sites-enabled/cutejunction.com.conf:2)
         port 80 namevhost cutting.edgeiceacademy.com (/etc/apache2/sites-enabled/cutting.edgeiceacademy.com.conf:2)
         port 80 namevhost damfireworks.net (/etc/apache2/sites-enabled/damfireworks.net.conf:2)
         port 80 namevhost database.ilcsw.net (/etc/apache2/sites-enabled/database.ilcsw.net.conf:2)
         port 80 namevhost databases.ttcanc.org (/etc/apache2/sites-enabled/databases.ttcanc.org.conf:2)
         port 80 namevhost daverussell.com (/etc/apache2/sites-enabled/daverussell.com.conf:2)
         port 80 namevhost dcdmkenya.com (/etc/apache2/sites-enabled/dcdmkenya.com.conf:2)
         port 80 namevhost decavabanjos.com (/etc/apache2/sites-enabled/decavabanjos.com.conf:2)
         port 80 namevhost designbydottie.com (/etc/apache2/sites-enabled/designbydottie.com.conf:2)
         port 80 namevhost dev.sternlab.com (/etc/apache2/sites-enabled/dev.sternlab.com.conf:2)
         port 80 namevhost devahan.com (/etc/apache2/sites-enabled/devahan.com.conf:2)
         port 80 namevhost dpavri.com (/etc/apache2/sites-enabled/dpavri.com.conf:2)
         port 80 namevhost drbillcook.williamscookjrmd.com (/etc/apache2/sites-enabled/drbillcook.williamscookjrmd.com.conf:2)
         port 80 namevhost dsmfoods.com (/etc/apache2/sites-enabled/dsmfoods.com.conf:2)
         port 80 namevhost dubnermoderne.com (/etc/apache2/sites-enabled/dubnermoderne.com.conf:2)
         port 80 namevhost e-celikyapi.com (/etc/apache2/sites-enabled/e-celikyapi.com.conf:2)
         port 80 namevhost easydtg.com (/etc/apache2/sites-enabled/easydtg.com.conf:2)
         port 80 namevhost eatmenyc.com (/etc/apache2/sites-enabled/eatmenyc.com.conf:2)
         port 80 namevhost ebru.li (/etc/apache2/sites-enabled/ebru.li.conf:2)
         port 80 namevhost ebsengineering.com (/etc/apache2/sites-enabled/ebsengineering.com.conf:2)
         port 80 namevhost edeainc.com (/etc/apache2/sites-enabled/edeainc.com.conf:2)
         port 80 namevhost edisongmusic.com (/etc/apache2/sites-enabled/edisongmusic.com.conf:2)
         port 80 namevhost electronrodeo.com (/etc/apache2/sites-enabled/electronrodeo.com.conf:2)
         port 80 namevhost email.greatamericaninsulation.com (/etc/apache2/sites-enabled/email.greatamericaninsulation.com.conf:2)
         port 80 namevhost empresa.bacsoluciones.com.ar (/etc/apache2/sites-enabled/empresa.bacsoluciones.com.ar.conf:2)
         port 80 namevhost ericulgen.com (/etc/apache2/sites-enabled/ericulgen.com.conf:2)
         port 80 namevhost esteselectrical.com (/etc/apache2/sites-enabled/esteselectrical.com.conf:2)
         port 80 namevhost expovd.ca (/etc/apache2/sites-enabled/expovd.ca.conf:2)
         port 80 namevhost ezdtg.com (/etc/apache2/sites-enabled/ezdtg.com.conf:2)
         port 80 namevhost failsy.com (/etc/apache2/sites-enabled/failsy.com.conf:2)
         port 80 namevhost farayar.eoeklima.com (/etc/apache2/sites-enabled/farayar.eoeklima.com.conf:2)
         port 80 namevhost fengshuitao.com (/etc/apache2/sites-enabled/fengshuitao.com.conf:2)
         port 80 namevhost fionasmillie.com (/etc/apache2/sites-enabled/fionasmillie.com.conf:2)
         port 80 namevhost fmtcrew.com (/etc/apache2/sites-enabled/fmtcrew.com.conf:2)
         port 80 namevhost fmtshipyard.com (/etc/apache2/sites-enabled/fmtshipyard.com.conf:2)
         port 80 namevhost forum.doylefab.com (/etc/apache2/sites-enabled/forum.doylefab.com.conf:2)
         port 80 namevhost forum.hcgpr.com (/etc/apache2/sites-enabled/forum.hcgpr.com.conf:2)
         port 80 namevhost forums.gnw-hog.com (/etc/apache2/sites-enabled/forums.gnw-hog.com.conf:2)
         port 80 namevhost francik.com (/etc/apache2/sites-enabled/francik.com.conf:2)
         port 80 namevhost fratefrancesconyc.com (/etc/apache2/sites-enabled/fratefrancesconyc.com.conf:2)
         port 80 namevhost fredflintstone.myhosting.net (/etc/apache2/sites-enabled/fredflintstone.myhosting.net.conf:2)
         port 80 namevhost friendsoflaurelhurst.org (/etc/apache2/sites-enabled/friendsoflaurelhurst.org.conf:2)
         port 80 namevhost gannlef.org (/etc/apache2/sites-enabled/gannlef.org.conf:2)
         port 80 namevhost garyfrascarelli.com (/etc/apache2/sites-enabled/garyfrascarelli.com.conf:2)
         port 80 namevhost generalpumpandmachinery.com (/etc/apache2/sites-enabled/generalpumpandmachinery.com.conf:2)
         port 80 namevhost giulianiconstruction.com (/etc/apache2/sites-enabled/giulianiconstruction.com.conf:2)
         port 80 namevhost globalfruitsmarketing.com (/etc/apache2/sites-enabled/globalfruitsmarketing.com.conf:2)
         port 80 namevhost globalseafoodmarketing.com (/etc/apache2/sites-enabled/globalseafoodmarketing.com.conf:2)
         port 80 namevhost gurme.ertan.net (/etc/apache2/sites-enabled/gurme.ertan.net.conf:2)
         port 80 namevhost healthinsurancequeen.com (/etc/apache2/sites-enabled/healthinsurancequeen.com.conf:2)
         port 80 namevhost hellercontracting.com (/etc/apache2/sites-enabled/hellercontracting.com.conf:2)
         port 80 namevhost help.acorpin.myhosting.net (/etc/apache2/sites-enabled/help.acorpin.myhosting.net.conf:2)
         port 80 namevhost helpaschoolinpune.com (/etc/apache2/sites-enabled/helpaschoolinpune.com.conf:2)
         port 80 namevhost hhbvi.com (/etc/apache2/sites-enabled/hhbvi.com.conf:2)
         port 80 namevhost hollymance.com (/etc/apache2/sites-enabled/hollymance.com.conf:2)
         port 80 namevhost home.aabdallah.com (/etc/apache2/sites-enabled/home.aabdallah.com.conf:2)
         port 80 namevhost home.samylaw.com (/etc/apache2/sites-enabled/home.samylaw.com.conf:2)
         port 80 namevhost home.thinkprimed.com (/etc/apache2/sites-enabled/home.thinkprimed.com.conf:2)
         port 80 namevhost honeyjeansfondant.com (/etc/apache2/sites-enabled/honeyjeansfondant.com.conf:2)
         port 80 namevhost host.lassercut.com (/etc/apache2/sites-enabled/host.lassercut.com.conf:2)
         port 80 namevhost iansok.com (/etc/apache2/sites-enabled/iansok.com.conf:2)
         port 80 namevhost iglesia.lagreydedios.com (/etc/apache2/sites-enabled/iglesia.lagreydedios.com.conf:2)
         port 80 namevhost ihnemanuel.org (/etc/apache2/sites-enabled/ihnemanuel.org.conf:2)
         port 80 namevhost info.custommarineaccessories.com (/etc/apache2/sites-enabled/info.custommarineaccessories.com.conf:2)
         port 80 namevhost info.hotelpresidentcaracas.com (/etc/apache2/sites-enabled/info.hotelpresidentcaracas.com.conf:2)
         port 80 namevhost innergardenofbeing.com (/etc/apache2/sites-enabled/innergardenofbeing.com.conf:2)
         port 80 namevhost inside.maladecki.com (/etc/apache2/sites-enabled/inside.maladecki.com.conf:2)
         port 80 namevhost intermatcorporation.com (/etc/apache2/sites-enabled/intermatcorporation.com.conf:2)
         port 80 namevhost jms.alkhajahfactory.com (/etc/apache2/sites-enabled/jms.alkhajahfactory.com.conf:2)
         port 80 namevhost joomla.test (/etc/apache2/sites-enabled/joomla.test.conf:2)
         port 80 namevhost joseelalonde.ca (/etc/apache2/sites-enabled/joseelalonde.ca.conf:2)
         port 80 namevhost kansas-divorce.com (/etc/apache2/sites-enabled/kansas-divorce.com.conf:2)
         port 80 namevhost kclinfo.com (/etc/apache2/sites-enabled/kclinfo.com.conf:2)
         port 80 namevhost kdunkle.com (/etc/apache2/sites-enabled/kdunkle.com.conf:2)
         port 80 namevhost knx.infomet.com.tr (/etc/apache2/sites-enabled/knx.infomet.com.tr.conf:2)
         port 80 namevhost kocalumni.org (/etc/apache2/sites-enabled/kocalumni.org.conf:2)
         port 80 namevhost kortexabrasive.com (/etc/apache2/sites-enabled/kortexabrasive.com.conf:2)
         port 80 namevhost ksslaos.com (/etc/apache2/sites-enabled/ksslaos.com.conf:2)
         port 80 namevhost kyleschindler.com (/etc/apache2/sites-enabled/kyleschindler.com.conf:2)
         port 80 namevhost lamcomm-inc.com (/etc/apache2/sites-enabled/lamcomm-inc.com.conf:2)
         port 80 namevhost latinoamericana.com (/etc/apache2/sites-enabled/latinoamericana.com.conf:2)
         port 80 namevhost leanstartit.com (/etc/apache2/sites-enabled/leanstartit.com.conf:2)
         port 80 namevhost leftrightlive.com (/etc/apache2/sites-enabled/leftrightlive.com.conf:2)
         port 80 namevhost lewisburgbaptist.org (/etc/apache2/sites-enabled/lewisburgbaptist.org.conf:2)
         port 80 namevhost lifemarketing.me (/etc/apache2/sites-enabled/lifemarketing.me.conf:2)
         port 80 namevhost lillyhanna.com (/etc/apache2/sites-enabled/lillyhanna.com.conf:2)
         port 80 namevhost linux.alwaysfile.com (/etc/apache2/sites-enabled/linux.alwaysfile.com.conf:2)
         port 80 namevhost linux.area99designs.com (/etc/apache2/sites-enabled/linux.area99designs.com.conf:2)
         port 80 namevhost linux.chisamphung.com (/etc/apache2/sites-enabled/linux.chisamphung.com.conf:2)
         port 80 namevhost linux.hall.com.mx (/etc/apache2/sites-enabled/linux.hall.com.mx.conf:2)
         port 80 namevhost linux.hosting.stacyelvery.com (/etc/apache2/sites-enabled/linux.hosting.stacyelvery.com.conf:2)
         port 80 namevhost linux.lizdion.com (/etc/apache2/sites-enabled/linux.lizdion.com.conf:2)
         port 80 namevhost linux.makadoze.com (/etc/apache2/sites-enabled/linux.makadoze.com.conf:2)
         port 80 namevhost linux.marktestmyhosting.com (/etc/apache2/sites-enabled/linux.marktestmyhosting.com.conf:2)
         port 80 namevhost linux.nexirius.ch (/etc/apache2/sites-enabled/linux.nexirius.ch.conf:2)
         port 80 namevhost linux.proformance.net (/etc/apache2/sites-enabled/linux.proformance.net.conf:2)
         port 80 namevhost linux.scottyb.org (/etc/apache2/sites-enabled/linux.scottyb.org.conf:2)
         port 80 namevhost linux.tonypbeta30.com (/etc/apache2/sites-enabled/linux.tonypbeta30.com.conf:2)
         port 80 namevhost linux.youtwit.com (/etc/apache2/sites-enabled/linux.youtwit.com.conf:2)
         port 80 namevhost livingfaithcwc.com (/etc/apache2/sites-enabled/livingfaithcwc.com.conf:2)
         port 80 namevhost lizbarnes.net (/etc/apache2/sites-enabled/lizbarnes.net.conf:2)
         port 80 namevhost lnx.foggymoon.net (/etc/apache2/sites-enabled/lnx.foggymoon.net.conf:2)
         port 80 namevhost lohia.designco-india.com (/etc/apache2/sites-enabled/lohia.designco-india.com.conf:2)
         port 80 namevhost lorenchotzen.com (/etc/apache2/sites-enabled/lorenchotzen.com.conf:2)
         port 80 namevhost lydonconstruction.com (/etc/apache2/sites-enabled/lydonconstruction.com.conf:2)
         port 80 namevhost m.rvservicereviews.com (/etc/apache2/sites-enabled/m.rvservicereviews.com.conf:2)
         port 80 namevhost machka-analytica.com (/etc/apache2/sites-enabled/machka-analytica.com.conf:2)
         port 80 namevhost main.polytesting.com (/etc/apache2/sites-enabled/main.polytesting.com.conf:2)
         port 80 namevhost mamushka.com.uy (/etc/apache2/sites-enabled/mamushka.com.uy.conf:2)
         port 80 namevhost maps.opinno.com (/etc/apache2/sites-enabled/maps.opinno.com.conf:2)
         port 80 namevhost mark-reid.ca (/etc/apache2/sites-enabled/mark-reid.ca.conf:2)
         port 80 namevhost markeckhart.com (/etc/apache2/sites-enabled/markeckhart.com.conf:2)
         port 80 namevhost marnak.net (/etc/apache2/sites-enabled/marnak.net.conf:2)
         port 80 namevhost maryviola.com (/etc/apache2/sites-enabled/maryviola.com.conf:2)
         port 80 namevhost mastaxaccounting.com (/etc/apache2/sites-enabled/mastaxaccounting.com.conf:2)
         port 80 namevhost mastswimming.com (/etc/apache2/sites-enabled/mastswimming.com.conf:2)
         port 80 namevhost maxborgesagencyblog.com (/etc/apache2/sites-enabled/maxborgesagencyblog.com.conf:2)
         port 80 namevhost mb.com.pk (/etc/apache2/sites-enabled/mb.com.pk.conf:2)
         port 80 namevhost megasat.ca (/etc/apache2/sites-enabled/megasat.ca.conf:2)
         port 80 namevhost mendipfilms.com (/etc/apache2/sites-enabled/mendipfilms.com.conf:2)
         port 80 namevhost michaelcarri.com (/etc/apache2/sites-enabled/michaelcarri.com.conf:2)
         port 80 namevhost midwesttreesolutions.com (/etc/apache2/sites-enabled/midwesttreesolutions.com.conf:2)
         port 80 namevhost miguralandgc.com (/etc/apache2/sites-enabled/miguralandgc.com.conf:2)
         port 80 namevhost molekool.com (/etc/apache2/sites-enabled/molekool.com.conf:2)
         port 80 namevhost monitorix.gelosoft.com (/etc/apache2/sites-enabled/monitorix.gelosoft.com.conf:2)
         port 80 namevhost monterrey.laspuntas.com.mx (/etc/apache2/sites-enabled/monterrey.laspuntas.com.mx.conf:2)
         port 80 namevhost mooseorg.co.uk (/etc/apache2/sites-enabled/mooseorg.co.uk.conf:2)
         port 80 namevhost motorlahayat.com (/etc/apache2/sites-enabled/motorlahayat.com.conf:2)
         port 80 namevhost msmreklam.com (/etc/apache2/sites-enabled/msmreklam.com.conf:2)
         port 80 namevhost nagrosoftmedia.com (/etc/apache2/sites-enabled/nagrosoftmedia.com.conf:2)
         port 80 namevhost napacitynights.com (/etc/apache2/sites-enabled/napacitynights.com.conf:2)
         port 80 namevhost nathansapsford.tv (/etc/apache2/sites-enabled/nathansapsford.tv.conf:2)
         port 80 namevhost new.legends-sports-pub.com (/etc/apache2/sites-enabled/new.legends-sports-pub.com.conf:2)
         port 80 namevhost new.sanbilgisayar.com (/etc/apache2/sites-enabled/new.sanbilgisayar.com.conf:2)
         port 80 namevhost new.telall.net (/etc/apache2/sites-enabled/new.telall.net.conf:2)
         port 80 namevhost news.dianechase.com (/etc/apache2/sites-enabled/news.dianechase.com.conf:2)
         port 80 namevhost nix.host.techinc.org (/etc/apache2/sites-enabled/nix.host.techinc.org.conf:2)
         port 80 namevhost nix.vhrovat.org (/etc/apache2/sites-enabled/nix.vhrovat.org.conf:2)
         port 80 namevhost noodlemedia.net (/etc/apache2/sites-enabled/noodlemedia.net.conf:2)
         port 80 namevhost nursology.eldinlet.com (/etc/apache2/sites-enabled/nursology.eldinlet.com.conf:2)
         port 80 namevhost ojaivhr.com (/etc/apache2/sites-enabled/ojaivhr.com.conf:2)
         port 80 namevhost olamilokun.org (/etc/apache2/sites-enabled/olamilokun.org.conf:2)
         port 80 namevhost onespirit.byonespirit.com (/etc/apache2/sites-enabled/onespirit.byonespirit.com.conf:2)
         port 80 namevhost onestopcamas.com (/etc/apache2/sites-enabled/onestopcamas.com.conf:2)
         port 80 namevhost online.maxisecurities.com (/etc/apache2/sites-enabled/online.maxisecurities.com.conf:2)
         port 80 namevhost ontovictory.org (/etc/apache2/sites-enabled/ontovictory.org.conf:2)
         port 80 namevhost ooozi.myhosting.net (/etc/apache2/sites-enabled/ooozi.myhosting.net.conf:2)
         port 80 namevhost oranmiyan.org (/etc/apache2/sites-enabled/oranmiyan.org.conf:2)
         port 80 namevhost outislandenergy.com (/etc/apache2/sites-enabled/outislandenergy.com.conf:2)
         port 80 namevhost paddleuaps.ca (/etc/apache2/sites-enabled/paddleuaps.ca.conf:2)
         port 80 namevhost palisade.knodeinsurance.com (/etc/apache2/sites-enabled/palisade.knodeinsurance.com.conf:2)
         port 80 namevhost paragon4consulting.com (/etc/apache2/sites-enabled/paragon4consulting.com.conf:2)
         port 80 namevhost paulbadger.com (/etc/apache2/sites-enabled/paulbadger.com.conf:2)
         port 80 namevhost photos.coarsegoldflowershop.com (/etc/apache2/sites-enabled/photos.coarsegoldflowershop.com.conf:2)
         port 80 namevhost php.inc.paxtontechnologies.com (/etc/apache2/sites-enabled/php.inc.paxtontechnologies.com.conf:2)
         port 80 namevhost php.vodafone-ict.com (/etc/apache2/sites-enabled/php.vodafone-ict.com.conf:2)
         port 80 namevhost pianojam.com (/etc/apache2/sites-enabled/pianojam.com.conf:2)
         port 80 namevhost piaristschool.org (/etc/apache2/sites-enabled/piaristschool.org.conf:2)
         port 80 namevhost pilates4men.eu (/etc/apache2/sites-enabled/pilates4men.eu.conf:2)
         port 80 namevhost pixude.com (/etc/apache2/sites-enabled/pixude.com.conf:2)
         port 80 namevhost pmsg.ca (/etc/apache2/sites-enabled/pmsg.ca.conf:2)
         port 80 namevhost power2performendurance.com (/etc/apache2/sites-enabled/power2performendurance.com.conf:2)
         port 80 namevhost ppi.peak-performance-institute.com (/etc/apache2/sites-enabled/ppi.peak-performance-institute.com.conf:2)
         port 80 namevhost practiceonus.com (/etc/apache2/sites-enabled/practiceonus.com.conf:2)
         port 80 namevhost princetonmeditationgroup.org (/etc/apache2/sites-enabled/princetonmeditationgroup.org.conf:2)
         port 80 namevhost private.joseversonstoneware.com (/etc/apache2/sites-enabled/private.joseversonstoneware.com.conf:2)
         port 80 namevhost propsouth.com (/etc/apache2/sites-enabled/propsouth.com.conf:2)
         port 80 namevhost psi-southsudan.org (/etc/apache2/sites-enabled/psi-southsudan.org.conf:2)
         port 80 namevhost pub.scribblersclub.com (/etc/apache2/sites-enabled/pub.scribblersclub.com.conf:2)
         port 80 namevhost puckettdc.ca (/etc/apache2/sites-enabled/puckettdc.ca.conf:2)
         port 80 namevhost purewaxja.com (/etc/apache2/sites-enabled/purewaxja.com.conf:2)
         port 80 namevhost ragaltausa.com (/etc/apache2/sites-enabled/ragaltausa.com.conf:2)
         port 80 namevhost re-solved.ca (/etc/apache2/sites-enabled/re-solved.ca.conf:2)
         port 80 namevhost recoverypuertorico.com (/etc/apache2/sites-enabled/recoverypuertorico.com.conf:2)
         port 80 namevhost rentahouseboat.net (/etc/apache2/sites-enabled/rentahouseboat.net.conf:2)
         port 80 namevhost rickyl.test (/etc/apache2/sites-enabled/rickyl.test.conf:2)
         port 80 namevhost rihaphoto.com (/etc/apache2/sites-enabled/rihaphoto.com.conf:2)
         port 80 namevhost robotoyfest.com (/etc/apache2/sites-enabled/robotoyfest.com.conf:2)
         port 80 namevhost rogermccarthy.net (/etc/apache2/sites-enabled/rogermccarthy.net.conf:2)
         port 80 namevhost ronaldnelson.com (/etc/apache2/sites-enabled/ronaldnelson.com.conf:2)
         port 80 namevhost ronancorr.com (/etc/apache2/sites-enabled/ronancorr.com.conf:2)
         port 80 namevhost roulotteturmel.com (/etc/apache2/sites-enabled/roulotteturmel.com.conf:2)
         port 80 namevhost runyans.com (/etc/apache2/sites-enabled/runyans.com.conf:2)
         port 80 namevhost sadeghonline.com (/etc/apache2/sites-enabled/sadeghonline.com.conf:2)
         port 80 namevhost samuelandrewsfamily.com (/etc/apache2/sites-enabled/samuelandrewsfamily.com.conf:2)
         port 80 namevhost samy.samylaw.com (/etc/apache2/sites-enabled/samy.samylaw.com.conf:2)
         port 80 namevhost sar-aet.com (/etc/apache2/sites-enabled/sar-aet.com.conf:2)
         port 80 namevhost sarigraphics.com (/etc/apache2/sites-enabled/sarigraphics.com.conf:2)
         port 80 namevhost satya.mysoresports.com (/etc/apache2/sites-enabled/satya.mysoresports.com.conf:2)
         port 80 namevhost sedkoburo.com (/etc/apache2/sites-enabled/sedkoburo.com.conf:2)
         port 80 namevhost seeds.toronto420.com (/etc/apache2/sites-enabled/seeds.toronto420.com.conf:2)
         port 80 namevhost seminars.strategic-seminars.com (/etc/apache2/sites-enabled/seminars.strategic-seminars.com.conf:2)
         port 80 namevhost serenasuitesturunc.com (/etc/apache2/sites-enabled/serenasuitesturunc.com.conf:2)
         port 80 namevhost service.eurosportok.com (/etc/apache2/sites-enabled/service.eurosportok.com.conf:2)
         port 80 namevhost service.nashvilleequipment.com (/etc/apache2/sites-enabled/service.nashvilleequipment.com.conf:2)
         port 80 namevhost shop.apexplusonline.com (/etc/apache2/sites-enabled/shop.apexplusonline.com.conf:2)
         port 80 namevhost shop.cleanandtacky.com (/etc/apache2/sites-enabled/shop.cleanandtacky.com.conf:2)
         port 80 namevhost shop.kanawinery.com (/etc/apache2/sites-enabled/shop.kanawinery.com.conf:2)
         port 80 namevhost shopping.mastergunparts.com (/etc/apache2/sites-enabled/shopping.mastergunparts.com.conf:2)
         port 80 namevhost sibellebutik.com (/etc/apache2/sites-enabled/sibellebutik.com.conf:2)
         port 80 namevhost sociojeux.com (/etc/apache2/sites-enabled/sociojeux.com.conf:2)
         port 80 namevhost spndrft.com (/etc/apache2/sites-enabled/spndrft.com.conf:2)
         port 80 namevhost srv2.hotel-berghof.ch (/etc/apache2/sites-enabled/srv2.hotel-berghof.ch.conf:2)
         port 80 namevhost staging.blurredge.com (/etc/apache2/sites-enabled/staging.blurredge.com.conf:2)
         port 80 namevhost stars-immo.com (/etc/apache2/sites-enabled/stars-immo.com.conf:2)
         port 80 namevhost steward.apwualaska.org (/etc/apache2/sites-enabled/steward.apwualaska.org.conf:2)
         port 80 namevhost stewartpetroleum.com (/etc/apache2/sites-enabled/stewartpetroleum.com.conf:2)
         port 80 namevhost store.ballhockeyinternational.com (/etc/apache2/sites-enabled/store.ballhockeyinternational.com.conf:2)
         port 80 namevhost store.mrcwoodproducts.com (/etc/apache2/sites-enabled/store.mrcwoodproducts.com.conf:2)
         port 80 namevhost sub.lowdowndirtydogs.net (/etc/apache2/sites-enabled/sub.lowdowndirtydogs.net.conf:2)
         port 80 namevhost suprasoft.com.tr (/etc/apache2/sites-enabled/suprasoft.com.tr.conf:2)
         port 80 namevhost symbiotic.co.ke (/etc/apache2/sites-enabled/symbiotic.co.ke.conf:2)
         port 80 namevhost system.nik.com.tr (/etc/apache2/sites-enabled/system.nik.com.tr.conf:2)
         port 80 namevhost tenis.rodosoft.net (/etc/apache2/sites-enabled/tenis.rodosoft.net.conf:2)
         port 80 namevhost terra-logica.com (/etc/apache2/sites-enabled/terra-logica.com.conf:2)
         port 80 namevhost test.bradcapland.com (/etc/apache2/sites-enabled/test.bradcapland.com.conf:2)
         port 80 namevhost test.carriercomsystems.com (/etc/apache2/sites-enabled/test.carriercomsystems.com.conf:2)
         port 80 namevhost test.tosuites.com (/etc/apache2/sites-enabled/test.tosuites.com.conf:2)
         port 80 namevhost thecannoncontest.ca (/etc/apache2/sites-enabled/thecannoncontest.ca.conf:2)
         port 80 namevhost thefigurecollector.com (/etc/apache2/sites-enabled/thefigurecollector.com.conf:2)
         port 80 namevhost thelegacylawyer.com (/etc/apache2/sites-enabled/thelegacylawyer.com.conf:2)
         port 80 namevhost themad7.com (/etc/apache2/sites-enabled/themad7.com.conf:2)
         port 80 namevhost therapeuticsense.therapeuticsense.com (/etc/apache2/sites-enabled/therapeuticsense.therapeuticsense.com.conf:2)
         port 80 namevhost tmt.twomenandatruck.ca (/etc/apache2/sites-enabled/tmt.twomenandatruck.ca.conf:2)
         port 80 namevhost turkeyreservation.com (/etc/apache2/sites-enabled/turkeyreservation.com.conf:2)
         port 80 namevhost tv.resurreccionyvida.org (/etc/apache2/sites-enabled/tv.resurreccionyvida.org.conf:2)
         port 80 namevhost ulv3.com (/etc/apache2/sites-enabled/ulv3.com.conf:2)
         port 80 namevhost uniformyapi.com (/etc/apache2/sites-enabled/uniformyapi.com.conf:2)
         port 80 namevhost usa.republicofarizona.com (/etc/apache2/sites-enabled/usa.republicofarizona.com.conf:2)
         port 80 namevhost vanderknaapprintsupport.nl (/etc/apache2/sites-enabled/vanderknaapprintsupport.nl.conf:2)
         port 80 namevhost voltaenergy.ca (/etc/apache2/sites-enabled/voltaenergy.ca.conf:2)
         port 80 namevhost vpd.isspservice.ca (/etc/apache2/sites-enabled/vpd.isspservice.ca.conf:2)
         port 80 namevhost vpn.mapcodex.com (/etc/apache2/sites-enabled/vpn.mapcodex.com.conf:2)
         port 80 namevhost web.ascw1.com (/etc/apache2/sites-enabled/web.ascw1.com.conf:2)
         port 80 namevhost web.citycrg.com (/etc/apache2/sites-enabled/web.citycrg.com.conf:2)
         port 80 namevhost web.haciendainmobiliaria.com (/etc/apache2/sites-enabled/web.haciendainmobiliaria.com.conf:2)
         port 80 namevhost web.hwy-law.com (/etc/apache2/sites-enabled/web.hwy-law.com.conf:2)
         port 80 namevhost wellness-works.ca (/etc/apache2/sites-enabled/wellness-works.ca.conf:2)
         port 80 namevhost wesheiss.com (/etc/apache2/sites-enabled/wesheiss.com.conf:2)
         port 80 namevhost whizzervillehall.com (/etc/apache2/sites-enabled/whizzervillehall.com.conf:2)
         port 80 namevhost whych.net (/etc/apache2/sites-enabled/whych.net.conf:2)
         port 80 namevhost wikimedia.shell2004.com (/etc/apache2/sites-enabled/wikimedia.shell2004.com.conf:2)
         port 80 namevhost windsorprecision.com (/etc/apache2/sites-enabled/windsorprecision.com.conf:2)
         port 80 namevhost wip.e-bizz.co.za (/etc/apache2/sites-enabled/wip.e-bizz.co.za.conf:2)
         port 80 namevhost wordpress.rightfromtheheart.com (/etc/apache2/sites-enabled/wordpress.rightfromtheheart.com.conf:2)
         port 80 namevhost wordpress.rocedes.com (/etc/apache2/sites-enabled/wordpress.rocedes.com.conf:2)
         port 80 namevhost wordpress.shineautowash.ca (/etc/apache2/sites-enabled/wordpress.shineautowash.ca.conf:2)
         port 80 namevhost wordpress.twitchellpta.org (/etc/apache2/sites-enabled/wordpress.twitchellpta.org.conf:2)
         port 80 namevhost worldprn.com (/etc/apache2/sites-enabled/worldprn.com.conf:2)
         port 80 namevhost wp.netindia4him.net (/etc/apache2/sites-enabled/wp.netindia4him.net.conf:2)
         port 80 namevhost wth2.com (/etc/apache2/sites-enabled/wth2.com.conf:2)
         port 80 namevhost ww2.unikwax.com (/etc/apache2/sites-enabled/ww2.unikwax.com.conf:2)
         port 80 namevhost www.apartmentsduluth.com (/etc/apache2/sites-enabled/www.apartmentsduluth.com.conf:2)
         port 80 namevhost www.biview.ca (/etc/apache2/sites-enabled/www.biview.ca.conf:2)
         port 80 namevhost www.cecconisimone.com (/etc/apache2/sites-enabled/www.cecconisimone.com.conf:2)
         port 80 namevhost www.drswilsonandsmith.com (/etc/apache2/sites-enabled/www.drswilsonandsmith.com.conf:2)
         port 80 namevhost www.horace-ent.com (/etc/apache2/sites-enabled/www.horace-ent.com.conf:2)
         port 80 namevhost www.paulsprunk.com (/etc/apache2/sites-enabled/www.paulsprunk.com.conf:2)
         port 80 namevhost www.qimmatalmanara.com (/etc/apache2/sites-enabled/www.qimmatalmanara.com.conf:2)
         port 80 namevhost www.starqs.com (/etc/apache2/sites-enabled/www.starqs.com.conf:2)
         port 80 namevhost www.suffernplating.com (/etc/apache2/sites-enabled/www.suffernplating.com.conf:2)
         port 80 namevhost www.toronto420.com (/etc/apache2/sites-enabled/www.toronto420.com.conf:2)
         port 80 namevhost www.watkinspr.com (/etc/apache2/sites-enabled/www.watkinspr.com.conf:2)
         port 80 namevhost www2.theintertransgroup.com (/etc/apache2/sites-enabled/www2.theintertransgroup.com.conf:2)
         port 80 namevhost x.citybrasserie.com (/etc/apache2/sites-enabled/x.citybrasserie.com.conf:2)
         port 80 namevhost x.ians.test (/etc/apache2/sites-enabled/x.ians.test.conf:2)
         port 80 namevhost x.kccommunications.com (/etc/apache2/sites-enabled/x.kccommunications.com.conf:2)
         port 80 namevhost x.motherinlawfromhell.com (/etc/apache2/sites-enabled/x.motherinlawfromhell.com.conf:2)
         port 80 namevhost x.nathanhennick.com (/etc/apache2/sites-enabled/x.nathanhennick.com.conf:2)
         port 80 namevhost x.sunset.lu (/etc/apache2/sites-enabled/x.sunset.lu.conf:2)
         port 80 namevhost x.totallyscrewed.org (/etc/apache2/sites-enabled/x.totallyscrewed.org.conf:2)
         port 80 namevhost x.ulven.net (/etc/apache2/sites-enabled/x.ulven.net.conf:2)
         port 80 namevhost x.wellswilson.net (/etc/apache2/sites-enabled/x.wellswilson.net.conf:2)
         port 80 namevhost yashraj.com (/etc/apache2/sites-enabled/yashraj.com.conf:2)
         port 80 namevhost ybt.ybtas.com (/etc/apache2/sites-enabled/ybt.ybtas.com.conf:2)
         port 80 namevhost younglifenamibia.com (/etc/apache2/sites-enabled/younglifenamibia.com.conf:2)
         port 80 namevhost zencapital.co.jp (/etc/apache2/sites-enabled/zencapital.co.jp.conf:2)
Syntax OK
