Warning: DocumentRoot [/var/www/domains/32view.net/docs] does not exist
Warning: DocumentRoot [/var/www/domains/58enter.com/docs] does not exist
Warning: DocumentRoot [/var/www/domains/adgasdgs.com/docs] does not exist
VirtualHost configuration:
168.144.247.254:443    is a NameVirtualHost
         default server albrechtdesign.secure.myhosting.net (/etc/apache2/sites-enabled/ssl-albrechtdesign.secure.myhosting.net.conf:2)
         port 443 namevhost albrechtdesign.secure.myhosting.net (/etc/apache2/sites-enabled/ssl-albrechtdesign.secure.myhosting.net.conf:2)
         port 443 namevhost bizphoto.secure.myhosting.net (/etc/apache2/sites-enabled/ssl-bizphoto.secure.myhosting.net.conf:2)
         port 443 namevhost chelfordcom.secure.myhosting.net (/etc/apache2/sites-enabled/ssl-chelfordcom.secure.myhosting.net.conf:2)
         port 443 namevhost cristianoalbrechtdesigncom.secure.myhosting.net (/etc/apache2/sites-enabled/ssl-cristianoalbrechtdesigncom.secure.myhosting.net.conf:2)
         port 443 namevhost docsbydesigncom.secure.myhosting.net (/etc/apache2/sites-enabled/ssl-docsbydesigncom.secure.myhosting.net.conf:2)
         port 443 namevhost ezrooftreatment.secure.myhosting.net (/etc/apache2/sites-enabled/ssl-ezrooftreatment.secure.myhosting.net.conf:2)
         port 443 namevhost gigglesstore-elemes.secure.myhosting.net (/etc/apache2/sites-enabled/ssl-gigglesstore-elemes.secure.myhosting.net.conf:2)
         port 443 namevhost hifuca.secure.myhosting.net (/etc/apache2/sites-enabled/ssl-hifuca.secure.myhosting.net.conf:2)
         port 443 namevhost infinsyscom.secure.myhosting.net (/etc/apache2/sites-enabled/ssl-infinsyscom.secure.myhosting.net.conf:2)
         port 443 namevhost itgcca.secure.myhosting.net (/etc/apache2/sites-enabled/ssl-itgcca.secure.myhosting.net.conf:2)
         port 443 namevhost meisinger.secure.myhosting.net (/etc/apache2/sites-enabled/ssl-meisinger.secure.myhosting.net.conf:2)
         port 443 namevhost metpl.secure.myhosting.net (/etc/apache2/sites-enabled/ssl-metpl.secure.myhosting.net.conf:2)
         port 443 namevhost narft.secure.myhosting.net (/etc/apache2/sites-enabled/ssl-narft.secure.myhosting.net.conf:2)
         port 443 namevhost paradisesolutions.secure.myhosting.net (/etc/apache2/sites-enabled/ssl-paradisesolutions.secure.myhosting.net.conf:2)
         port 443 namevhost phppaxtontechnologiescom.secure.myhosting.net (/etc/apache2/sites-enabled/ssl-phppaxtontechnologiescom.secure.myhosting.net.conf:2)
         port 443 namevhost richardlegginarchitectscom.secure.myhosting.net (/etc/apache2/sites-enabled/ssl-richardlegginarchitectscom.secure.myhosting.net.conf:2)
         port 443 namevhost roribeancom.secure.myhosting.net (/etc/apache2/sites-enabled/ssl-roribeancom.secure.myhosting.net.conf:2)
         port 443 namevhost shoplaborheritageorg.secure.myhosting.net (/etc/apache2/sites-enabled/ssl-shoplaborheritageorg.secure.myhosting.net.conf:2)
         port 443 namevhost storecarolannampscom.secure.myhosting.net (/etc/apache2/sites-enabled/ssl-storecarolannampscom.secure.myhosting.net.conf:2)
         port 443 namevhost storeschoolweldscom.secure.myhosting.net (/etc/apache2/sites-enabled/ssl-storeschoolweldscom.secure.myhosting.net.conf:2)
         port 443 namevhost suppanfineartscom.secure.myhosting.net (/etc/apache2/sites-enabled/ssl-suppanfineartscom.secure.myhosting.net.conf:2)
         port 443 namevhost unixproformancedjcom.secure.myhosting.net (/etc/apache2/sites-enabled/ssl-unixproformancedjcom.secure.myhosting.net.conf:2)
168.144.247.253:443    is a NameVirtualHost
         default server x_ians_test.secure.mail2web.com (/etc/apache2/sites-enabled/ssl-x_ians_test.secure.mail2web.com.conf:2)
         port 443 namevhost x_ians_test.secure.mail2web.com (/etc/apache2/sites-enabled/ssl-x_ians_test.secure.mail2web.com.conf:2)
wildcard NameVirtualHosts and _default_ servers:
*:443                  is a NameVirtualHost
         default server x2web05.myhosting.com (/etc/apache2/apache2.conf:434)
         port 443 namevhost x2web05.myhosting.com (/etc/apache2/apache2.conf:434)
*:80                   is a NameVirtualHost
         default server x2web05.myhosting.com (/etc/apache2/apache2.conf:423)
         port 80 namevhost x2web05.myhosting.com (/etc/apache2/apache2.conf:423)
         port 80 namevhost external.x2web01.myhosting.com (/etc/apache2/sites-enabled/000-default:1)
         port 80 namevhost 32view.net (/etc/apache2/sites-enabled/32view.net.conf:2)
         port 80 namevhost 58enter.com (/etc/apache2/sites-enabled/58enter.com.conf:2)
         port 80 namevhost aburakerbora.com (/etc/apache2/sites-enabled/aburakerbora.com.conf:2)
         port 80 namevhost adgasdgs.com (/etc/apache2/sites-enabled/adgasdgs.com.conf:2)
         port 80 namevhost adlailaw.com (/etc/apache2/sites-enabled/adlailaw.com.conf:2)
         port 80 namevhost admin.cbsrg.com (/etc/apache2/sites-enabled/admin.cbsrg.com.conf:2)
         port 80 namevhost admin.customsales.net (/etc/apache2/sites-enabled/admin.customsales.net.conf:2)
         port 80 namevhost admin.lonevikingproductions.com (/etc/apache2/sites-enabled/admin.lonevikingproductions.com.conf:2)
         port 80 namevhost aevl.co (/etc/apache2/sites-enabled/aevl.co.conf:2)
         port 80 namevhost agentur.msign.at (/etc/apache2/sites-enabled/agentur.msign.at.conf:2)
         port 80 namevhost akarim.akarim.net (/etc/apache2/sites-enabled/akarim.akarim.net.conf:2)
         port 80 namevhost ameralobaidi.com (/etc/apache2/sites-enabled/ameralobaidi.com.conf:2)
         port 80 namevhost andrewtse.ca (/etc/apache2/sites-enabled/andrewtse.ca.conf:2)
         port 80 namevhost ankraj.civtas.com (/etc/apache2/sites-enabled/ankraj.civtas.com.conf:2)
         port 80 namevhost app.oneminutemba.com (/etc/apache2/sites-enabled/app.oneminutemba.com.conf:2)
         port 80 namevhost applecreeksportsmedicine.com (/etc/apache2/sites-enabled/applecreeksportsmedicine.com.conf:2)
         port 80 namevhost armysw.com (/etc/apache2/sites-enabled/armysw.com.conf:2)
         port 80 namevhost arnshome.com (/etc/apache2/sites-enabled/arnshome.com.conf:2)
         port 80 namevhost aronbaxter.com (/etc/apache2/sites-enabled/aronbaxter.com.conf:2)
         port 80 namevhost ask4engineering.com (/etc/apache2/sites-enabled/ask4engineering.com.conf:2)
         port 80 namevhost asr-consult.com (/etc/apache2/sites-enabled/asr-consult.com.conf:2)
         port 80 namevhost astrireusch.ca (/etc/apache2/sites-enabled/astrireusch.ca.conf:2)
         port 80 namevhost aydinliyiz.com (/etc/apache2/sites-enabled/aydinliyiz.com.conf:2)
         port 80 namevhost b-info.org (/etc/apache2/sites-enabled/b-info.org.conf:2)
         port 80 namevhost baykanidea.com (/etc/apache2/sites-enabled/baykanidea.com.conf:2)
         port 80 namevhost bellefleurevents.com (/etc/apache2/sites-enabled/bellefleurevents.com.conf:2)
         port 80 namevhost beta.mwicorp.com (/etc/apache2/sites-enabled/beta.mwicorp.com.conf:2)
         port 80 namevhost betterwithageantiques.com (/etc/apache2/sites-enabled/betterwithageantiques.com.conf:2)
         port 80 namevhost biblequiz.quizcorner.com (/etc/apache2/sites-enabled/biblequiz.quizcorner.com.conf:2)
         port 80 namevhost binkard.org (/etc/apache2/sites-enabled/binkard.org.conf:2)
         port 80 namevhost biocascade.com (/etc/apache2/sites-enabled/biocascade.com.conf:2)
         port 80 namevhost bizphoto.ca (/etc/apache2/sites-enabled/bizphoto.ca.conf:2)
         port 80 namevhost blingyourbrand.itsablingthing.net (/etc/apache2/sites-enabled/blingyourbrand.itsablingthing.net.conf:2)
         port 80 namevhost blog.elyadal.org (/etc/apache2/sites-enabled/blog.elyadal.org.conf:2)
         port 80 namevhost blog.fashion4nerds.com (/etc/apache2/sites-enabled/blog.fashion4nerds.com.conf:2)
         port 80 namevhost blog.grizzlymadams.com (/etc/apache2/sites-enabled/blog.grizzlymadams.com.conf:2)
         port 80 namevhost blog.hogansalleypaintball.com (/etc/apache2/sites-enabled/blog.hogansalleypaintball.com.conf:2)
         port 80 namevhost blog.s-t.com.tr (/etc/apache2/sites-enabled/blog.s-t.com.tr.conf:2)
         port 80 namevhost blog.tcstruthers.com (/etc/apache2/sites-enabled/blog.tcstruthers.com.conf:2)
         port 80 namevhost bloorstreetdiner.com (/etc/apache2/sites-enabled/bloorstreetdiner.com.conf:2)
         port 80 namevhost boltonhillconsulting.com (/etc/apache2/sites-enabled/boltonhillconsulting.com.conf:2)
         port 80 namevhost bookofpaul.com (/etc/apache2/sites-enabled/bookofpaul.com.conf:2)
         port 80 namevhost bothlibertyandjustice.us (/etc/apache2/sites-enabled/bothlibertyandjustice.us.conf:2)
         port 80 namevhost bright-satellite.com (/etc/apache2/sites-enabled/bright-satellite.com.conf:2)
         port 80 namevhost brilliantdpi.com (/etc/apache2/sites-enabled/brilliantdpi.com.conf:2)
         port 80 namevhost britishbushcraft.com (/etc/apache2/sites-enabled/britishbushcraft.com.conf:2)
         port 80 namevhost buildhot.ca (/etc/apache2/sites-enabled/buildhot.ca.conf:2)
         port 80 namevhost bundleofmundel.com (/etc/apache2/sites-enabled/bundleofmundel.com.conf:2)
         port 80 namevhost buy.grinandbeadit.com (/etc/apache2/sites-enabled/buy.grinandbeadit.com.conf:2)
         port 80 namevhost bvbconsulting.com (/etc/apache2/sites-enabled/bvbconsulting.com.conf:2)
         port 80 namevhost bvmachineandfab.com (/etc/apache2/sites-enabled/bvmachineandfab.com.conf:2)
         port 80 namevhost callane.com (/etc/apache2/sites-enabled/callane.com.conf:2)
         port 80 namevhost cancunfootballtours.com (/etc/apache2/sites-enabled/cancunfootballtours.com.conf:2)
         port 80 namevhost capestructural.com (/etc/apache2/sites-enabled/capestructural.com.conf:2)
         port 80 namevhost carlesrealtors.com (/etc/apache2/sites-enabled/carlesrealtors.com.conf:2)
         port 80 namevhost cbcofe.net (/etc/apache2/sites-enabled/cbcofe.net.conf:2)
         port 80 namevhost cetendone.novatxt.com (/etc/apache2/sites-enabled/cetendone.novatxt.com.conf:2)
         port 80 namevhost cezadavasi.com (/etc/apache2/sites-enabled/cezadavasi.com.conf:2)
         port 80 namevhost chadbigdad.com (/etc/apache2/sites-enabled/chadbigdad.com.conf:2)
         port 80 namevhost chantillylacestudio.com (/etc/apache2/sites-enabled/chantillylacestudio.com.conf:2)
         port 80 namevhost charlottebernard.com (/etc/apache2/sites-enabled/charlottebernard.com.conf:2)
         port 80 namevhost chelford.com (/etc/apache2/sites-enabled/chelford.com.conf:2)
         port 80 namevhost chiropractic.on.ca (/etc/apache2/sites-enabled/chiropractic.on.ca.conf:2)
         port 80 namevhost community.mulberryinternational.org (/etc/apache2/sites-enabled/community.mulberryinternational.org.conf:2)
         port 80 namevhost conseti.co.cr (/etc/apache2/sites-enabled/conseti.co.cr.conf:2)
         port 80 namevhost consumingfire.org (/etc/apache2/sites-enabled/consumingfire.org.conf:2)
         port 80 namevhost contact.cfar.us (/etc/apache2/sites-enabled/contact.cfar.us.conf:2)
         port 80 namevhost cool.matthewrkennedy.com (/etc/apache2/sites-enabled/cool.matthewrkennedy.com.conf:2)
         port 80 namevhost creativefriction.ca (/etc/apache2/sites-enabled/creativefriction.ca.conf:2)
         port 80 namevhost crossfithyannis.com (/etc/apache2/sites-enabled/crossfithyannis.com.conf:2)
         port 80 namevhost customtents.canopieswithgraphics.com (/etc/apache2/sites-enabled/customtents.canopieswithgraphics.com.conf:2)
         port 80 namevhost dakiniranch.com (/etc/apache2/sites-enabled/dakiniranch.com.conf:2)
         port 80 namevhost darrenpeckrealty.com (/etc/apache2/sites-enabled/darrenpeckrealty.com.conf:2)
         port 80 namevhost datatech.bm (/etc/apache2/sites-enabled/datatech.bm.conf:2)
         port 80 namevhost decodepo.mikekitka.com (/etc/apache2/sites-enabled/decodepo.mikekitka.com.conf:2)
         port 80 namevhost delavaco.com (/etc/apache2/sites-enabled/delavaco.com.conf:2)
         port 80 namevhost demo.bluebaycontractors.com (/etc/apache2/sites-enabled/demo.bluebaycontractors.com.conf:2)
         port 80 namevhost denizteks.com (/etc/apache2/sites-enabled/denizteks.com.conf:2)
         port 80 namevhost dev.briantsang.com (/etc/apache2/sites-enabled/dev.briantsang.com.conf:2)
         port 80 namevhost dev.hpcnursing.com (/etc/apache2/sites-enabled/dev.hpcnursing.com.conf:2)
         port 80 namevhost distaffsingers.org (/etc/apache2/sites-enabled/distaffsingers.org.conf:2)
         port 80 namevhost dml.wackipaki.com (/etc/apache2/sites-enabled/dml.wackipaki.com.conf:2)
         port 80 namevhost docs.tedbursa.k12.tr (/etc/apache2/sites-enabled/docs.tedbursa.k12.tr.conf:2)
         port 80 namevhost docsbydesign.com (/etc/apache2/sites-enabled/docsbydesign.com.conf:2)
         port 80 namevhost dpc.dpctech.com (/etc/apache2/sites-enabled/dpc.dpctech.com.conf:2)
         port 80 namevhost draughir.net (/etc/apache2/sites-enabled/draughir.net.conf:2)
         port 80 namevhost drupal.prairiesky.us (/etc/apache2/sites-enabled/drupal.prairiesky.us.conf:2)
         port 80 namevhost ecomatch.net (/etc/apache2/sites-enabled/ecomatch.net.conf:2)
         port 80 namevhost eeekamouse.com (/etc/apache2/sites-enabled/eeekamouse.com.conf:2)
         port 80 namevhost electronic-cigz.com (/etc/apache2/sites-enabled/electronic-cigz.com.conf:2)
         port 80 namevhost elvetia.org (/etc/apache2/sites-enabled/elvetia.org.conf:2)
         port 80 namevhost epmi.eastpacificmotors.com (/etc/apache2/sites-enabled/epmi.eastpacificmotors.com.conf:2)
         port 80 namevhost equity-vest.com (/etc/apache2/sites-enabled/equity-vest.com.conf:2)
         port 80 namevhost ernestogonzalezphotography.com (/etc/apache2/sites-enabled/ernestogonzalezphotography.com.conf:2)
         port 80 namevhost estarbien.com.mx (/etc/apache2/sites-enabled/estarbien.com.mx.conf:2)
         port 80 namevhost ezrooftreatment.com (/etc/apache2/sites-enabled/ezrooftreatment.com.conf:2)
         port 80 namevhost fasterbags.com.ar (/etc/apache2/sites-enabled/fasterbags.com.ar.conf:2)
         port 80 namevhost fibertech2009.com (/etc/apache2/sites-enabled/fibertech2009.com.conf:2)
         port 80 namevhost finemetalsmith.com (/etc/apache2/sites-enabled/finemetalsmith.com.conf:2)
         port 80 namevhost fmt.flmarine.net (/etc/apache2/sites-enabled/fmt.flmarine.net.conf:2)
         port 80 namevhost form.kebafastenings.com (/etc/apache2/sites-enabled/form.kebafastenings.com.conf:2)
         port 80 namevhost forum.astra-nj.org (/etc/apache2/sites-enabled/forum.astra-nj.org.conf:2)
         port 80 namevhost fujiautomotriz.com (/etc/apache2/sites-enabled/fujiautomotriz.com.conf:2)
         port 80 namevhost gallery.blitch.com (/etc/apache2/sites-enabled/gallery.blitch.com.conf:2)
         port 80 namevhost gallery.joelwanek.com (/etc/apache2/sites-enabled/gallery.joelwanek.com.conf:2)
         port 80 namevhost gamethumb.ca (/etc/apache2/sites-enabled/gamethumb.ca.conf:2)
         port 80 namevhost gc.goggin-carroll.com (/etc/apache2/sites-enabled/gc.goggin-carroll.com.conf:2)
         port 80 namevhost gigglesstore.elemeshairstudio.com (/etc/apache2/sites-enabled/gigglesstore.elemeshairstudio.com.conf:2)
         port 80 namevhost global-commons.org (/etc/apache2/sites-enabled/global-commons.org.conf:2)
         port 80 namevhost gloveskins.com (/etc/apache2/sites-enabled/gloveskins.com.conf:2)
         port 80 namevhost go.werbegeschenke.ch (/etc/apache2/sites-enabled/go.werbegeschenke.ch.conf:2)
         port 80 namevhost grandmayo.galatians5.com (/etc/apache2/sites-enabled/grandmayo.galatians5.com.conf:2)
         port 80 namevhost green.codeimpex.com (/etc/apache2/sites-enabled/green.codeimpex.com.conf:2)
         port 80 namevhost gronkstr.com (/etc/apache2/sites-enabled/gronkstr.com.conf:2)
         port 80 namevhost gronkware.com (/etc/apache2/sites-enabled/gronkware.com.conf:2)
         port 80 namevhost grupois.com (/etc/apache2/sites-enabled/grupois.com.conf:2)
         port 80 namevhost hatieumy.us (/etc/apache2/sites-enabled/hatieumy.us.conf:2)
         port 80 namevhost heartofcountry.com (/etc/apache2/sites-enabled/heartofcountry.com.conf:2)
         port 80 namevhost hermine.sammuts.com (/etc/apache2/sites-enabled/hermine.sammuts.com.conf:2)
         port 80 namevhost hifu.ca (/etc/apache2/sites-enabled/hifu.ca.conf:2)
         port 80 namevhost hiker.outventures.org (/etc/apache2/sites-enabled/hiker.outventures.org.conf:2)
         port 80 namevhost hlengineering.ca (/etc/apache2/sites-enabled/hlengineering.ca.conf:2)
         port 80 namevhost holliecaddock.com (/etc/apache2/sites-enabled/holliecaddock.com.conf:2)
         port 80 namevhost home.christopherblubaugh.com (/etc/apache2/sites-enabled/home.christopherblubaugh.com.conf:2)
         port 80 namevhost home.dreamselhaboba.com (/etc/apache2/sites-enabled/home.dreamselhaboba.com.conf:2)
         port 80 namevhost home.elesraaschoollive.com (/etc/apache2/sites-enabled/home.elesraaschoollive.com.conf:2)
         port 80 namevhost home.illi.com (/etc/apache2/sites-enabled/home.illi.com.conf:2)
         port 80 namevhost home.regent-eectd.com (/etc/apache2/sites-enabled/home.regent-eectd.com.conf:2)
         port 80 namevhost homepage.atelier-georg-brandner.com (/etc/apache2/sites-enabled/homepage.atelier-georg-brandner.com.conf:2)
         port 80 namevhost hotel.begonville.com (/etc/apache2/sites-enabled/hotel.begonville.com.conf:2)
         port 80 namevhost iberonic.com (/etc/apache2/sites-enabled/iberonic.com.conf:2)
         port 80 namevhost incrediblydeadlyrobots.com (/etc/apache2/sites-enabled/incrediblydeadlyrobots.com.conf:2)
         port 80 namevhost infinsys.com (/etc/apache2/sites-enabled/infinsys.com.conf:2)
         port 80 namevhost internal.bias.com.tr (/etc/apache2/sites-enabled/internal.bias.com.tr.conf:2)
         port 80 namevhost inthenickoftim.com (/etc/apache2/sites-enabled/inthenickoftim.com.conf:2)
         port 80 namevhost intlacac.com (/etc/apache2/sites-enabled/intlacac.com.conf:2)
         port 80 namevhost intranet.artsngraphs.com (/etc/apache2/sites-enabled/intranet.artsngraphs.com.conf:2)
         port 80 namevhost intranet.paulsignorelli.com (/etc/apache2/sites-enabled/intranet.paulsignorelli.com.conf:2)
         port 80 namevhost intrepidkart.com (/etc/apache2/sites-enabled/intrepidkart.com.conf:2)
         port 80 namevhost italiansinjazz.com (/etc/apache2/sites-enabled/italiansinjazz.com.conf:2)
         port 80 namevhost itarsus.com (/etc/apache2/sites-enabled/itarsus.com.conf:2)
         port 80 namevhost itgc.ca (/etc/apache2/sites-enabled/itgc.ca.conf:2)
         port 80 namevhost jackremington.com (/etc/apache2/sites-enabled/jackremington.com.conf:2)
         port 80 namevhost jarah.com (/etc/apache2/sites-enabled/jarah.com.conf:2)
         port 80 namevhost jaxo-systems.com (/etc/apache2/sites-enabled/jaxo-systems.com.conf:2)
         port 80 namevhost jedemengesport.com (/etc/apache2/sites-enabled/jedemengesport.com.conf:2)
         port 80 namevhost jef-re.com (/etc/apache2/sites-enabled/jef-re.com.conf:2)
         port 80 namevhost jeffberlindesign.com (/etc/apache2/sites-enabled/jeffberlindesign.com.conf:2)
         port 80 namevhost joomla.frogs-baseball.com (/etc/apache2/sites-enabled/joomla.frogs-baseball.com.conf:2)
         port 80 namevhost juanawear.juanaspagodas.com (/etc/apache2/sites-enabled/juanawear.juanaspagodas.com.conf:2)
         port 80 namevhost kafhawaii.org (/etc/apache2/sites-enabled/kafhawaii.org.conf:2)
         port 80 namevhost kelly.halldorson.com (/etc/apache2/sites-enabled/kelly.halldorson.com.conf:2)
         port 80 namevhost kendraschumacher.com (/etc/apache2/sites-enabled/kendraschumacher.com.conf:2)
         port 80 namevhost kiban.com (/etc/apache2/sites-enabled/kiban.com.conf:2)
         port 80 namevhost kimberlywilliams.ca (/etc/apache2/sites-enabled/kimberlywilliams.ca.conf:2)
         port 80 namevhost kingdomsecurities.co.ke (/etc/apache2/sites-enabled/kingdomsecurities.co.ke.conf:2)
         port 80 namevhost kingstowncapital.com (/etc/apache2/sites-enabled/kingstowncapital.com.conf:2)
         port 80 namevhost kirton.cc (/etc/apache2/sites-enabled/kirton.cc.conf:2)
         port 80 namevhost knowledgebase.amcatusa.com (/etc/apache2/sites-enabled/knowledgebase.amcatusa.com.conf:2)
         port 80 namevhost konveyorfirin.com (/etc/apache2/sites-enabled/konveyorfirin.com.conf:2)
         port 80 namevhost lamarmac.com (/etc/apache2/sites-enabled/lamarmac.com.conf:2)
         port 80 namevhost law.roberttinnell.com (/etc/apache2/sites-enabled/law.roberttinnell.com.conf:2)
         port 80 namevhost learn.correcthue.com (/etc/apache2/sites-enabled/learn.correcthue.com.conf:2)
         port 80 namevhost lforestry.co.za (/etc/apache2/sites-enabled/lforestry.co.za.conf:2)
         port 80 namevhost life.myredtie.com (/etc/apache2/sites-enabled/life.myredtie.com.conf:2)
         port 80 namevhost lin.elha.org (/etc/apache2/sites-enabled/lin.elha.org.conf:2)
         port 80 namevhost lintest.octastone.com (/etc/apache2/sites-enabled/lintest.octastone.com.conf:2)
         port 80 namevhost linux.emilyadesigns.com (/etc/apache2/sites-enabled/linux.emilyadesigns.com.conf:2)
         port 80 namevhost linux.gaviotaways.com (/etc/apache2/sites-enabled/linux.gaviotaways.com.conf:2)
         port 80 namevhost linux.johnnysaigon.com (/etc/apache2/sites-enabled/linux.johnnysaigon.com.conf:2)
         port 80 namevhost linux.kotkinchiropractic.com (/etc/apache2/sites-enabled/linux.kotkinchiropractic.com.conf:2)
         port 80 namevhost linux.logf.net (/etc/apache2/sites-enabled/linux.logf.net.conf:2)
         port 80 namevhost linux.paradisesolutions.co.uk (/etc/apache2/sites-enabled/linux.paradisesolutions.co.uk.conf:2)
         port 80 namevhost linux.pycor.com (/etc/apache2/sites-enabled/linux.pycor.com.conf:2)
         port 80 namevhost linux.rebeltechs.net (/etc/apache2/sites-enabled/linux.rebeltechs.net.conf:2)
         port 80 namevhost linux.tourafrica-safaris.nl (/etc/apache2/sites-enabled/linux.tourafrica-safaris.nl.conf:2)
         port 80 namevhost linux.willingtons.com (/etc/apache2/sites-enabled/linux.willingtons.com.conf:2)
         port 80 namevhost live.primerabaptistchurch.com (/etc/apache2/sites-enabled/live.primerabaptistchurch.com.conf:2)
         port 80 namevhost lnx.philosophyinassos.org (/etc/apache2/sites-enabled/lnx.philosophyinassos.org.conf:2)
         port 80 namevhost lnx.surget.com (/etc/apache2/sites-enabled/lnx.surget.com.conf:2)
         port 80 namevhost luizaalbrecht.albrechtdesign.com (/etc/apache2/sites-enabled/luizaalbrecht.albrechtdesign.com.conf:2)
         port 80 namevhost lx.decisionsteps.com (/etc/apache2/sites-enabled/lx.decisionsteps.com.conf:2)
         port 80 namevhost magento.grizzlymadams.com (/etc/apache2/sites-enabled/magento.grizzlymadams.com.conf:2)
         port 80 namevhost mail.mcchord.org (/etc/apache2/sites-enabled/mail.mcchord.org.conf:2)
         port 80 namevhost malsarrag.com (/etc/apache2/sites-enabled/malsarrag.com.conf:2)
         port 80 namevhost managetechinc.com (/etc/apache2/sites-enabled/managetechinc.com.conf:2)
         port 80 namevhost margarettribert.com (/etc/apache2/sites-enabled/margarettribert.com.conf:2)
         port 80 namevhost markirwin.net (/etc/apache2/sites-enabled/markirwin.net.conf:2)
         port 80 namevhost masters.masterstraining-int.com (/etc/apache2/sites-enabled/masters.masterstraining-int.com.conf:2)
         port 80 namevhost mcraefamily.com (/etc/apache2/sites-enabled/mcraefamily.com.conf:2)
         port 80 namevhost members.fswe-band.com (/etc/apache2/sites-enabled/members.fswe-band.com.conf:2)
         port 80 namevhost mensclinic.mastersmensclinic.com (/etc/apache2/sites-enabled/mensclinic.mastersmensclinic.com.conf:2)
         port 80 namevhost mepscosystems.com (/etc/apache2/sites-enabled/mepscosystems.com.conf:2)
         port 80 namevhost metpl.gigamux.com (/etc/apache2/sites-enabled/metpl.gigamux.com.conf:2)
         port 80 namevhost mfo.masonicfoundation.on.ca (/etc/apache2/sites-enabled/mfo.masonicfoundation.on.ca.conf:2)
         port 80 namevhost michaelcarr.ca (/etc/apache2/sites-enabled/michaelcarr.ca.conf:2)
         port 80 namevhost mikeandlou.net (/etc/apache2/sites-enabled/mikeandlou.net.conf:2)
         port 80 namevhost mjesteel.com (/etc/apache2/sites-enabled/mjesteel.com.conf:2)
         port 80 namevhost mobile.tjgcommercial.com (/etc/apache2/sites-enabled/mobile.tjgcommercial.com.conf:2)
         port 80 namevhost mountainsheltersolutions.com (/etc/apache2/sites-enabled/mountainsheltersolutions.com.conf:2)
         port 80 namevhost mustafab.com (/etc/apache2/sites-enabled/mustafab.com.conf:2)
         port 80 namevhost needdrivinglessons.com (/etc/apache2/sites-enabled/needdrivinglessons.com.conf:2)
         port 80 namevhost new.ex-en.com.tr (/etc/apache2/sites-enabled/new.ex-en.com.tr.conf:2)
         port 80 namevhost newmanrecruiting.com (/etc/apache2/sites-enabled/newmanrecruiting.com.conf:2)
         port 80 namevhost news.whitneyresearch.com (/etc/apache2/sites-enabled/news.whitneyresearch.com.conf:2)
         port 80 namevhost newseason.us (/etc/apache2/sites-enabled/newseason.us.conf:2)
         port 80 namevhost northbridge.mindvault.ca (/etc/apache2/sites-enabled/northbridge.mindvault.ca.conf:2)
         port 80 namevhost nuevo.gpovisual.com (/etc/apache2/sites-enabled/nuevo.gpovisual.com.conf:2)
         port 80 namevhost oceangirldesign.com (/etc/apache2/sites-enabled/oceangirldesign.com.conf:2)
         port 80 namevhost olca.cl (/etc/apache2/sites-enabled/olca.cl.conf:2)
         port 80 namevhost oldman.lltweed.com (/etc/apache2/sites-enabled/oldman.lltweed.com.conf:2)
         port 80 namevhost online.blancofamily.net (/etc/apache2/sites-enabled/online.blancofamily.net.conf:2)
         port 80 namevhost opc.aspltd.net (/etc/apache2/sites-enabled/opc.aspltd.net.conf:2)
         port 80 namevhost orchidflorabdp.org (/etc/apache2/sites-enabled/orchidflorabdp.org.conf:2)
         port 80 namevhost overthetopasphalt.ca (/etc/apache2/sites-enabled/overthetopasphalt.ca.conf:2)
         port 80 namevhost oxygen.ca (/etc/apache2/sites-enabled/oxygen.ca.conf:2)
         port 80 namevhost ozulke.com.tr (/etc/apache2/sites-enabled/ozulke.com.tr.conf:2)
         port 80 namevhost pago.torban.com (/etc/apache2/sites-enabled/pago.torban.com.conf:2)
         port 80 namevhost paloma-group.com (/etc/apache2/sites-enabled/paloma-group.com.conf:2)
         port 80 namevhost panicmanual.com (/etc/apache2/sites-enabled/panicmanual.com.conf:2)
         port 80 namevhost panicmanual.net (/etc/apache2/sites-enabled/panicmanual.net.conf:2)
         port 80 namevhost panoramalounge.com (/etc/apache2/sites-enabled/panoramalounge.com.conf:2)
         port 80 namevhost paradisemarine.net (/etc/apache2/sites-enabled/paradisemarine.net.conf:2)
         port 80 namevhost paragonmetal.com (/etc/apache2/sites-enabled/paragonmetal.com.conf:2)
         port 80 namevhost pencilbrook.com (/etc/apache2/sites-enabled/pencilbrook.com.conf:2)
         port 80 namevhost performanceimage.net (/etc/apache2/sites-enabled/performanceimage.net.conf:2)
         port 80 namevhost petfurnet.ca (/etc/apache2/sites-enabled/petfurnet.ca.conf:2)
         port 80 namevhost php.600ml.co.nz (/etc/apache2/sites-enabled/php.600ml.co.nz.conf:2)
         port 80 namevhost php.paxtontechnologies.com (/etc/apache2/sites-enabled/php.paxtontechnologies.com.conf:2)
         port 80 namevhost php.prichardsafety.com (/etc/apache2/sites-enabled/php.prichardsafety.com.conf:2)
         port 80 namevhost php.wiseguyshaircuts.com (/etc/apache2/sites-enabled/php.wiseguyshaircuts.com.conf:2)
         port 80 namevhost pieceunique.co.uk (/etc/apache2/sites-enabled/pieceunique.co.uk.conf:2)
         port 80 namevhost pinnacle-homebuyers.com (/etc/apache2/sites-enabled/pinnacle-homebuyers.com.conf:2)
         port 80 namevhost plastolux.com (/etc/apache2/sites-enabled/plastolux.com.conf:2)
         port 80 namevhost pointedume.com (/etc/apache2/sites-enabled/pointedume.com.conf:2)
         port 80 namevhost portal.tuaregtours.com (/etc/apache2/sites-enabled/portal.tuaregtours.com.conf:2)
         port 80 namevhost pr.techno-logics.com (/etc/apache2/sites-enabled/pr.techno-logics.com.conf:2)
         port 80 namevhost prcintl.com (/etc/apache2/sites-enabled/prcintl.com.conf:2)
         port 80 namevhost project.glennsmall.org (/etc/apache2/sites-enabled/project.glennsmall.org.conf:2)
         port 80 namevhost projects.vcevideo.com (/etc/apache2/sites-enabled/projects.vcevideo.com.conf:2)
         port 80 namevhost psi-sudan.org (/etc/apache2/sites-enabled/psi-sudan.org.conf:2)
         port 80 namevhost public.mundopatagonia.com (/etc/apache2/sites-enabled/public.mundopatagonia.com.conf:2)
         port 80 namevhost qualitaspm.ca (/etc/apache2/sites-enabled/qualitaspm.ca.conf:2)
         port 80 namevhost raikas.net (/etc/apache2/sites-enabled/raikas.net.conf:2)
         port 80 namevhost rc92.com (/etc/apache2/sites-enabled/rc92.com.conf:2)
         port 80 namevhost redheartmedia.com (/etc/apache2/sites-enabled/redheartmedia.com.conf:2)
         port 80 namevhost reggiewhitehead.com (/etc/apache2/sites-enabled/reggiewhitehead.com.conf:2)
         port 80 namevhost research.vitalisec.com (/etc/apache2/sites-enabled/research.vitalisec.com.conf:2)
         port 80 namevhost resources.indyaudiolabs.com (/etc/apache2/sites-enabled/resources.indyaudiolabs.com.conf:2)
         port 80 namevhost richardlegginarchitects.com (/etc/apache2/sites-enabled/richardlegginarchitects.com.conf:2)
         port 80 namevhost rideataxia.org (/etc/apache2/sites-enabled/rideataxia.org.conf:2)
         port 80 namevhost ritimmimarlik.com (/etc/apache2/sites-enabled/ritimmimarlik.com.conf:2)
         port 80 namevhost robertlewislandscape.com (/etc/apache2/sites-enabled/robertlewislandscape.com.conf:2)
         port 80 namevhost rocketscience.telehobbies.com (/etc/apache2/sites-enabled/rocketscience.telehobbies.com.conf:2)
         port 80 namevhost rocklashing.com (/etc/apache2/sites-enabled/rocklashing.com.conf:2)
         port 80 namevhost rootx3.h2land.com (/etc/apache2/sites-enabled/rootx3.h2land.com.conf:2)
         port 80 namevhost roribean.com (/etc/apache2/sites-enabled/roribean.com.conf:2)
         port 80 namevhost rrfirm.com (/etc/apache2/sites-enabled/rrfirm.com.conf:2)
         port 80 namevhost safeplanning.net (/etc/apache2/sites-enabled/safeplanning.net.conf:2)
         port 80 namevhost sammuts.com (/etc/apache2/sites-enabled/sammuts.com.conf:2)
         port 80 namevhost sanatanasio.com (/etc/apache2/sites-enabled/sanatanasio.com.conf:2)
         port 80 namevhost savethelight.org (/etc/apache2/sites-enabled/savethelight.org.conf:2)
         port 80 namevhost sccg.strategiccommunicationconsultinggroup.com (/etc/apache2/sites-enabled/sccg.strategiccommunicationconsultinggroup.com.conf:2)
         port 80 namevhost schindlerlitigation.com (/etc/apache2/sites-enabled/schindlerlitigation.com.conf:2)
         port 80 namevhost sharon.sharonmignerey.com (/etc/apache2/sites-enabled/sharon.sharonmignerey.com.conf:2)
         port 80 namevhost sheltergroup.com.pk (/etc/apache2/sites-enabled/sheltergroup.com.pk.conf:2)
         port 80 namevhost shop.dohna.com (/etc/apache2/sites-enabled/shop.dohna.com.conf:2)
         port 80 namevhost shop.gutterwholesale.com (/etc/apache2/sites-enabled/shop.gutterwholesale.com.conf:2)
         port 80 namevhost shop.laborheritage.org (/etc/apache2/sites-enabled/shop.laborheritage.org.conf:2)
         port 80 namevhost shop.loopus.net (/etc/apache2/sites-enabled/shop.loopus.net.conf:2)
         port 80 namevhost shop.polishtreasurescolorado.com (/etc/apache2/sites-enabled/shop.polishtreasurescolorado.com.conf:2)
         port 80 namevhost shopping.godwhy.org (/etc/apache2/sites-enabled/shopping.godwhy.org.conf:2)
         port 80 namevhost shorelinez.com (/etc/apache2/sites-enabled/shorelinez.com.conf:2)
         port 80 namevhost silberlaube.de (/etc/apache2/sites-enabled/silberlaube.de.conf:2)
         port 80 namevhost silverleaffarm.com (/etc/apache2/sites-enabled/silverleaffarm.com.conf:2)
         port 80 namevhost sjvkc.org (/etc/apache2/sites-enabled/sjvkc.org.conf:2)
         port 80 namevhost sky.com.tr (/etc/apache2/sites-enabled/sky.com.tr.conf:2)
         port 80 namevhost solar.eriegenerator.com (/etc/apache2/sites-enabled/solar.eriegenerator.com.conf:2)
         port 80 namevhost solariumcenter.com (/etc/apache2/sites-enabled/solariumcenter.com.conf:2)
         port 80 namevhost southpointplazarehab.com (/etc/apache2/sites-enabled/southpointplazarehab.com.conf:2)
         port 80 namevhost spokanerealtortraining.com (/etc/apache2/sites-enabled/spokanerealtortraining.com.conf:2)
         port 80 namevhost srapfogel.com (/etc/apache2/sites-enabled/srapfogel.com.conf:2)
         port 80 namevhost staging.spellingbee.ca (/etc/apache2/sites-enabled/staging.spellingbee.ca.conf:2)
         port 80 namevhost status-update-blog.com (/etc/apache2/sites-enabled/status-update-blog.com.conf:2)
         port 80 namevhost steelife.com.tr (/etc/apache2/sites-enabled/steelife.com.tr.conf:2)
         port 80 namevhost stickcamp.parallaxinteractive.com (/etc/apache2/sites-enabled/stickcamp.parallaxinteractive.com.conf:2)
         port 80 namevhost store.carolannamps.com (/etc/apache2/sites-enabled/store.carolannamps.com.conf:2)
         port 80 namevhost store.schoolwelds.com (/etc/apache2/sites-enabled/store.schoolwelds.com.conf:2)
         port 80 namevhost store.thebirdguru.com (/etc/apache2/sites-enabled/store.thebirdguru.com.conf:2)
         port 80 namevhost storypetal.com (/etc/apache2/sites-enabled/storypetal.com.conf:2)
         port 80 namevhost sullytest111.myhosting.net (/etc/apache2/sites-enabled/sullytest111.myhosting.net.conf:2)
         port 80 namevhost sunlinkgroupinc.com (/etc/apache2/sites-enabled/sunlinkgroupinc.com.conf:2)
         port 80 namevhost suppanfinearts.com (/etc/apache2/sites-enabled/suppanfinearts.com.conf:2)
         port 80 namevhost support.wplastics.com (/etc/apache2/sites-enabled/support.wplastics.com.conf:2)
         port 80 namevhost survey.crimarketresearch.com (/etc/apache2/sites-enabled/survey.crimarketresearch.com.conf:2)
         port 80 namevhost swhowto.com (/etc/apache2/sites-enabled/swhowto.com.conf:2)
         port 80 namevhost szvermessung.ch (/etc/apache2/sites-enabled/szvermessung.ch.conf:2)
         port 80 namevhost tag-hawaii.com (/etc/apache2/sites-enabled/tag-hawaii.com.conf:2)
         port 80 namevhost tampaprobass.com (/etc/apache2/sites-enabled/tampaprobass.com.conf:2)
         port 80 namevhost tazminatdavasi.com (/etc/apache2/sites-enabled/tazminatdavasi.com.conf:2)
         port 80 namevhost tedbursa.k12.tr (/etc/apache2/sites-enabled/tedbursa.k12.tr.conf:2)
         port 80 namevhost tenisciyiz.biz (/etc/apache2/sites-enabled/tenisciyiz.biz.conf:2)
         port 80 namevhost testererer.grizzlymadams.com (/etc/apache2/sites-enabled/testererer.grizzlymadams.com.conf:2)
         port 80 namevhost tex-fil.net (/etc/apache2/sites-enabled/tex-fil.net.conf:2)
         port 80 namevhost the42.ca (/etc/apache2/sites-enabled/the42.ca.conf:2)
         port 80 namevhost theavenuetimes.com (/etc/apache2/sites-enabled/theavenuetimes.com.conf:2)
         port 80 namevhost thegaspumpstore.com (/etc/apache2/sites-enabled/thegaspumpstore.com.conf:2)
         port 80 namevhost thepursuitofhappenstance.mischiefmarketing.com (/etc/apache2/sites-enabled/thepursuitofhappenstance.mischiefmarketing.com.conf:2)
         port 80 namevhost therubyscoop.com (/etc/apache2/sites-enabled/therubyscoop.com.conf:2)
         port 80 namevhost thesbarecruiter.com (/etc/apache2/sites-enabled/thesbarecruiter.com.conf:2)
         port 80 namevhost thingsivebeenmeaningtotellyou.com (/etc/apache2/sites-enabled/thingsivebeenmeaningtotellyou.com.conf:2)
         port 80 namevhost ticketbrokerforums.com (/etc/apache2/sites-enabled/ticketbrokerforums.com.conf:2)
         port 80 namevhost tinos.tinosvallarta.com (/etc/apache2/sites-enabled/tinos.tinosvallarta.com.conf:2)
         port 80 namevhost toddjamesfisher.com (/etc/apache2/sites-enabled/toddjamesfisher.com.conf:2)
         port 80 namevhost tomjewell.com (/etc/apache2/sites-enabled/tomjewell.com.conf:2)
         port 80 namevhost tools.pioneer-technologies.com (/etc/apache2/sites-enabled/tools.pioneer-technologies.com.conf:2)
         port 80 namevhost trialsite.gocadets.ca (/etc/apache2/sites-enabled/trialsite.gocadets.ca.conf:2)
         port 80 namevhost ttmassage.com (/etc/apache2/sites-enabled/ttmassage.com.conf:2)
         port 80 namevhost tucsonparkandsell.com (/etc/apache2/sites-enabled/tucsonparkandsell.com.conf:2)
         port 80 namevhost turan.tc (/etc/apache2/sites-enabled/turan.tc.conf:2)
         port 80 namevhost ubuntu.turpin.co.za (/etc/apache2/sites-enabled/ubuntu.turpin.co.za.conf:2)
         port 80 namevhost unionslubeshop.com (/etc/apache2/sites-enabled/unionslubeshop.com.conf:2)
         port 80 namevhost unix.proformancedj.com (/etc/apache2/sites-enabled/unix.proformancedj.com.conf:2)
         port 80 namevhost urbanseniorliving.com (/etc/apache2/sites-enabled/urbanseniorliving.com.conf:2)
         port 80 namevhost urbanseniorparents.com (/etc/apache2/sites-enabled/urbanseniorparents.com.conf:2)
         port 80 namevhost usainbolt.com (/etc/apache2/sites-enabled/usainbolt.com.conf:2)
         port 80 namevhost users.ctsllp.com (/etc/apache2/sites-enabled/users.ctsllp.com.conf:2)
         port 80 namevhost utah.colbytax.com (/etc/apache2/sites-enabled/utah.colbytax.com.conf:2)
         port 80 namevhost vca.co.ke (/etc/apache2/sites-enabled/vca.co.ke.conf:2)
         port 80 namevhost ve9gc.gmcotton.com (/etc/apache2/sites-enabled/ve9gc.gmcotton.com.conf:2)
         port 80 namevhost vefagroup.com (/etc/apache2/sites-enabled/vefagroup.com.conf:2)
         port 80 namevhost vikparmar.com (/etc/apache2/sites-enabled/vikparmar.com.conf:2)
         port 80 namevhost vintageentertainment.ca (/etc/apache2/sites-enabled/vintageentertainment.ca.conf:2)
         port 80 namevhost vitrinevi.com (/etc/apache2/sites-enabled/vitrinevi.com.conf:2)
         port 80 namevhost volkanocakbasi.com (/etc/apache2/sites-enabled/volkanocakbasi.com.conf:2)
         port 80 namevhost voltaire.myhosting.net (/etc/apache2/sites-enabled/voltaire.myhosting.net.conf:2)
         port 80 namevhost w3.ridleyparts.com (/etc/apache2/sites-enabled/w3.ridleyparts.com.conf:2)
         port 80 namevhost washnfun.com (/etc/apache2/sites-enabled/washnfun.com.conf:2)
         port 80 namevhost web.jackiepeifer.com (/etc/apache2/sites-enabled/web.jackiepeifer.com.conf:2)
         port 80 namevhost web.theoptimum.net (/etc/apache2/sites-enabled/web.theoptimum.net.conf:2)
         port 80 namevhost website.the-mcorp.com (/etc/apache2/sites-enabled/website.the-mcorp.com.conf:2)
         port 80 namevhost weddings.bellefleurevents.ca (/etc/apache2/sites-enabled/weddings.bellefleurevents.ca.conf:2)
         port 80 namevhost welcome.hessauctionco.com (/etc/apache2/sites-enabled/welcome.hessauctionco.com.conf:2)
         port 80 namevhost whitenorth.com (/etc/apache2/sites-enabled/whitenorth.com.conf:2)
         port 80 namevhost wires.cherryhillfirepolice.org (/etc/apache2/sites-enabled/wires.cherryhillfirepolice.org.conf:2)
         port 80 namevhost wistler.playerviolin.com (/etc/apache2/sites-enabled/wistler.playerviolin.com.conf:2)
         port 80 namevhost woodlandstherapy.com (/etc/apache2/sites-enabled/woodlandstherapy.com.conf:2)
         port 80 namevhost wordpress.wisconsinsolardesign.com (/etc/apache2/sites-enabled/wordpress.wisconsinsolardesign.com.conf:2)
         port 80 namevhost works.a-scape.com (/etc/apache2/sites-enabled/works.a-scape.com.conf:2)
         port 80 namevhost worldsoldestblog.com (/etc/apache2/sites-enabled/worldsoldestblog.com.conf:2)
         port 80 namevhost wp.gurkanakay.com (/etc/apache2/sites-enabled/wp.gurkanakay.com.conf:2)
         port 80 namevhost www.moldintec.com.ar (/etc/apache2/sites-enabled/www.moldintec.com.ar.conf:2)
         port 80 namevhost www.overseas-egypt.com (/etc/apache2/sites-enabled/www.overseas-egypt.com.conf:2)
         port 80 namevhost www.samuinatien.com (/etc/apache2/sites-enabled/www.samuinatien.com.conf:2)
         port 80 namevhost www2.murchie.net (/etc/apache2/sites-enabled/www2.murchie.net.conf:2)
         port 80 namevhost wwx.glires.com (/etc/apache2/sites-enabled/wwx.glires.com.conf:2)
         port 80 namevhost x.2tonestudios.ca (/etc/apache2/sites-enabled/x.2tonestudios.ca.conf:2)
         port 80 namevhost x.astrireusch.ca (/etc/apache2/sites-enabled/x.astrireusch.ca.conf:2)
         port 80 namevhost x.athfest.com (/etc/apache2/sites-enabled/x.athfest.com.conf:2)
         port 80 namevhost x.best4less.ca (/etc/apache2/sites-enabled/x.best4less.ca.conf:2)
         port 80 namevhost x.ians.test (/etc/apache2/sites-enabled/x.ians.test.conf:2)
         port 80 namevhost x.kaldara.com (/etc/apache2/sites-enabled/x.kaldara.com.conf:2)
         port 80 namevhost x.lunchboxcreative.com (/etc/apache2/sites-enabled/x.lunchboxcreative.com.conf:2)
         port 80 namevhost x.projectuploaded.com (/etc/apache2/sites-enabled/x.projectuploaded.com.conf:2)
         port 80 namevhost x.residualresources.com (/etc/apache2/sites-enabled/x.residualresources.com.conf:2)
         port 80 namevhost x.sitenet.com.tr (/etc/apache2/sites-enabled/x.sitenet.com.tr.conf:2)
         port 80 namevhost x.sky.com.tr (/etc/apache2/sites-enabled/x.sky.com.tr.conf:2)
         port 80 namevhost x.sorensontechnologies.com (/etc/apache2/sites-enabled/x.sorensontechnologies.com.conf:2)
         port 80 namevhost x.vaughanlink.com (/etc/apache2/sites-enabled/x.vaughanlink.com.conf:2)
         port 80 namevhost x.wichcraftnyc.com (/etc/apache2/sites-enabled/x.wichcraftnyc.com.conf:2)
         port 80 namevhost yamimakarna.com (/etc/apache2/sites-enabled/yamimakarna.com.conf:2)
         port 80 namevhost yamipasta.com (/etc/apache2/sites-enabled/yamipasta.com.conf:2)
         port 80 namevhost yazilama.com (/etc/apache2/sites-enabled/yazilama.com.conf:2)
         port 80 namevhost z.tallenttitlegroup.com (/etc/apache2/sites-enabled/z.tallenttitlegroup.com.conf:2)
         port 80 namevhost zahregurme.com (/etc/apache2/sites-enabled/zahregurme.com.conf:2)
         port 80 namevhost zeytinoglu.com (/etc/apache2/sites-enabled/zeytinoglu.com.conf:2)
         port 80 namevhost zogoh.com (/etc/apache2/sites-enabled/zogoh.com.conf:2)
         port 80 namevhost zone1controlpanels.com (/etc/apache2/sites-enabled/zone1controlpanels.com.conf:2)
Syntax OK
